[0.070s] Invoking command in '/home/dotamy/project-name/src/build/topic_demo_cpp': CMAKE_PREFIX_PATH=${CMAKE_PREFIX_PATH}:/opt/ros/jazzy /usr/bin/cmake /home/dotamy/project-name/src/topic_demo_cpp -DCMAKE_INSTALL_PREFIX=/home/dotamy/project-name/src/install/topic_demo_cpp
[0.157s] -- Found ament_cmake: 2.5.3 (/opt/ros/jazzy/share/ament_cmake/cmake)
[1.344s] -- Found rclcpp: 28.1.8 (/opt/ros/jazzy/share/rclcpp/cmake)
[1.481s] -- Found rosidl_generator_c: 4.6.5 (/opt/ros/jazzy/share/rosidl_generator_c/cmake)
[1.538s] -- Found rosidl_generator_cpp: 4.6.5 (/opt/ros/jazzy/share/rosidl_generator_cpp/cmake)
[1.597s] -- Using all available rosidl_typesupport_c: rosidl_typesupport_fastrtps_c;rosidl_typesupport_introspection_c
[1.664s] -- Using all available rosidl_typesupport_cpp: rosidl_typesupport_fastrtps_cpp;rosidl_typesupport_introspection_cpp
[1.897s] -- Found rmw_implementation_cmake: 7.3.2 (/opt/ros/jazzy/share/rmw_implementation_cmake/cmake)
[1.905s] -- Found rmw_fastrtps_cpp: 8.4.2 (/opt/ros/jazzy/share/rmw_fastrtps_cpp/cmake)
[2.240s] -- Using RMW implementation 'rmw_fastrtps_cpp' as default
[2.456s] -- Found std_msgs: 5.3.6 (/opt/ros/jazzy/share/std_msgs/cmake)
[2.505s] -- Found ament_lint_auto: 0.17.2 (/opt/ros/jazzy/share/ament_lint_auto/cmake)
[2.970s] -- Added test 'cppcheck' to perform static code analysis on C / C++ code
[2.971s] -- Configured cppcheck include dirs: 
[2.972s] -- Configured cppcheck exclude dirs and/or files: 
[2.976s] -- Added test 'lint_cmake' to check CMake code style
[2.986s] -- Added test 'uncrustify' to check C / C++ code style
[2.987s] -- Configured uncrustify additional arguments: 
[2.989s] -- Added test 'xmllint' to check XML markup files
[2.993s] -- Configuring done (2.9s)
[3.030s] [31mCMake Error at CMakeLists.txt:13 (add_executable):
[3.030s]   Cannot find source file:
[3.031s] 
[3.032s]     src/publisher.cpp
[3.032s] 
[3.033s]   Tried extensions .c .C .c++ .cc .cpp .cxx .cu .mpp .m .M .mm .ixx .cppm
[3.034s]   .ccm .cxxm .c++m .h .hh .h++ .hm .hpp .hxx .in .txx .f .F .for .f77 .f90
[3.034s]   .f95 .f03 .hip .ispc
[3.035s] 
[3.036s] [0m
[3.043s] [31mCMake Error at CMakeLists.txt:13 (add_executable):
[3.044s]   No SOURCES given to target: pubnode
[3.044s] 
[3.045s] [0m
[3.046s] [0mCMake Generate step failed.  Build files cannot be regenerated correctly.[0m
[3.092s] Invoked command in '/home/dotamy/project-name/src/build/topic_demo_cpp' returned '1': CMAKE_PREFIX_PATH=${CMAKE_PREFIX_PATH}:/opt/ros/jazzy /usr/bin/cmake /home/dotamy/project-name/src/topic_demo_cpp -DCMAKE_INSTALL_PREFIX=/home/dotamy/project-name/src/install/topic_demo_cpp
