-- Found ament_cmake: 2.5.3 (/opt/ros/jazzy/share/ament_cmake/cmake)
-- Found rclcpp: 28.1.8 (/opt/ros/jazzy/share/rclcpp/cmake)
-- Found rosidl_generator_c: 4.6.5 (/opt/ros/jazzy/share/rosidl_generator_c/cmake)
-- Found rosidl_generator_cpp: 4.6.5 (/opt/ros/jazzy/share/rosidl_generator_cpp/cmake)
-- Using all available rosidl_typesupport_c: rosidl_typesupport_fastrtps_c;rosidl_typesupport_introspection_c
-- Using all available rosidl_typesupport_cpp: rosidl_typesupport_fastrtps_cpp;rosidl_typesupport_introspection_cpp
-- Found rmw_implementation_cmake: 7.3.2 (/opt/ros/jazzy/share/rmw_implementation_cmake/cmake)
-- Found rmw_fastrtps_cpp: 8.4.2 (/opt/ros/jazzy/share/rmw_fastrtps_cpp/cmake)
-- Using RMW implementation 'rmw_fastrtps_cpp' as default
-- Found std_msgs: 5.3.6 (/opt/ros/jazzy/share/std_msgs/cmake)
-- Found ament_lint_auto: 0.17.2 (/opt/ros/jazzy/share/ament_lint_auto/cmake)
-- Added test 'cppcheck' to perform static code analysis on C / C++ code
-- Configured cppcheck include dirs: 
-- Configured cppcheck exclude dirs and/or files: 
-- Added test 'lint_cmake' to check CMake code style
-- Added test 'uncrustify' to check C / C++ code style
-- Configured uncrustify additional arguments: 
-- Added test 'xmllint' to check XML markup files
-- Configuring done (2.7s)
-- Generating done (0.1s)
-- Build files have been written to: /home/dotamy/project-name/src/build/topic_demo_cpp
[ 50%] Built target subnode
[ 75%] [32mBuilding CXX object CMakeFiles/pubnode.dir/src/publisher.cpp.o[0m
In file included from [01m[K/opt/ros/jazzy/include/rclcpp/rclcpp/logging.hpp:24[m[K,
                 from [01m[K/opt/ros/jazzy/include/rclcpp/rclcpp/copy_all_parameter_values.hpp:27[m[K,
                 from [01m[K/opt/ros/jazzy/include/rclcpp/rclcpp/rclcpp.hpp:171[m[K,
                 from [01m[K/home/dotamy/project-name/src/topic_demo_cpp/src/publisher.cpp:2[m[K:
[01m[K/home/dotamy/project-name/src/topic_demo_cpp/src/publisher.cpp:[m[K In lambda function:
[01m[K/home/dotamy/project-name/src/topic_demo_cpp/src/publisher.cpp:26:45:[m[K [01;31m[Kerror: [m[Kcannot convert ‘[01m[Kstd_msgs::msg::String_<std::allocator<void> >[m[K’ to ‘[01m[Kconst char*[m[K’
   26 |             RCLCPP_INFO(this->get_logger(), [01;31m[Kmsg[m[K);  // ROS2日志输出
      |                                             [01;31m[K^~~[m[K
      |                                             [01;31m[K|[m[K
      |                                             [01;31m[Kstd_msgs::msg::String_<std::allocator<void> >[m[K
In file included from [01m[K/opt/ros/jazzy/include/rmw/rmw/types.h:28[m[K,
                 from [01m[K/opt/ros/jazzy/include/rcl/rcl/types.h:20[m[K,
                 from [01m[K/opt/ros/jazzy/include/rclcpp/rclcpp/exceptions/exceptions.hpp:23[m[K,
                 from [01m[K/opt/ros/jazzy/include/rclcpp/rclcpp/exceptions.hpp:18[m[K,
                 from [01m[K/opt/ros/jazzy/include/rclcpp/rclcpp/parameter.hpp:25[m[K,
                 from [01m[K/opt/ros/jazzy/include/rclcpp/rclcpp/copy_all_parameter_values.hpp:25[m[K:
[01m[K/opt/ros/jazzy/include/rcutils/rcutils/logging.h:473:16:[m[K [01;36m[Knote: [m[K  initializing argument 4 of ‘[01m[Kvoid[01;32m[K rcutils_log_internal[m[K(const rcutils_log_location_t*, int, const char*, const char*, ...)[m[K’
  473 |   [01;36m[Kconst char * format[m[K,
      |   [01;36m[K~~~~~~~~~~~~~^~~~~~[m[K
gmake[2]: *** [CMakeFiles/pubnode.dir/build.make:76：CMakeFiles/pubnode.dir/src/publisher.cpp.o] 错误 1
gmake[1]: *** [CMakeFiles/Makefile2:139：CMakeFiles/pubnode.dir/all] 错误 2
gmake: *** [Makefile:146：all] 错误 2
