-- The C compiler identification is GNU 13.3.0
-- The CXX compiler identification is GNU 13.3.0
-- Detecting C compiler ABI info
-- Detecting C compiler ABI info - done
-- Check for working C compiler: /usr/bin/cc - skipped
-- Detecting C compile features
-- Detecting C compile features - done
-- Detecting CXX compiler ABI info
-- Detecting CXX compiler ABI info - done
-- Check for working CXX compiler: /usr/bin/c++ - skipped
-- Detecting CXX compile features
-- Detecting CXX compile features - done
-- Found ament_cmake: 2.5.3 (/opt/ros/jazzy/share/ament_cmake/cmake)
-- Found Python3: /usr/bin/python3 (found version "3.12.3") found components: Interpreter 
-- Found rclcpp: 28.1.8 (/opt/ros/jazzy/share/rclcpp/cmake)
-- Found rosidl_generator_c: 4.6.5 (/opt/ros/jazzy/share/rosidl_generator_c/cmake)
-- Found rosidl_generator_cpp: 4.6.5 (/opt/ros/jazzy/share/rosidl_generator_cpp/cmake)
-- Using all available rosidl_typesupport_c: rosidl_typesupport_fastrtps_c;rosidl_typesupport_introspection_c
-- Using all available rosidl_typesupport_cpp: rosidl_typesupport_fastrtps_cpp;rosidl_typesupport_introspection_cpp
-- Found rmw_implementation_cmake: 7.3.2 (/opt/ros/jazzy/share/rmw_implementation_cmake/cmake)
-- Found rmw_fastrtps_cpp: 8.4.2 (/opt/ros/jazzy/share/rmw_fastrtps_cpp/cmake)
-- Found OpenSSL: /usr/lib/x86_64-linux-gnu/libcrypto.so (found version "3.0.13")  
-- Found FastRTPS: /opt/ros/jazzy/include (Required is at least version "2.13") 
-- Using RMW implementation 'rmw_fastrtps_cpp' as default
-- Found ament_lint_auto: 0.17.2 (/opt/ros/jazzy/share/ament_lint_auto/cmake)
-- Added test 'cppcheck' to perform static code analysis on C / C++ code
-- Configured cppcheck include dirs: 
-- Configured cppcheck exclude dirs and/or files: 
-- Added test 'lint_cmake' to check CMake code style
-- Added test 'uncrustify' to check C / C++ code style
-- Configured uncrustify additional arguments: 
-- Added test 'xmllint' to check XML markup files
-- Configuring done (11.9s)
-- Generating done (0.1s)
-- Build files have been written to: /home/dotamy/project-name/src/build/cpp_node_demo
[ 50%] [32mBuilding CXX object CMakeFiles/cppnode.dir/src/cpp_node.cpp.o[0m
[100%] [32m[1mLinking CXX executable cppnode[0m
[100%] Built target cppnode
-- Install configuration: ""
-- Installing: /home/dotamy/project-name/src/install/cpp_node_demo/lib/cpp_node_demo/cppnode
-- Set non-toolchain portion of runtime path of "/home/dotamy/project-name/src/install/cpp_node_demo/lib/cpp_node_demo/cppnode" to ""
-- Installing: /home/dotamy/project-name/src/install/cpp_node_demo/share/ament_index/resource_index/package_run_dependencies/cpp_node_demo
-- Installing: /home/dotamy/project-name/src/install/cpp_node_demo/share/ament_index/resource_index/parent_prefix_path/cpp_node_demo
-- Installing: /home/dotamy/project-name/src/install/cpp_node_demo/share/cpp_node_demo/environment/ament_prefix_path.sh
-- Installing: /home/dotamy/project-name/src/install/cpp_node_demo/share/cpp_node_demo/environment/ament_prefix_path.dsv
-- Installing: /home/dotamy/project-name/src/install/cpp_node_demo/share/cpp_node_demo/environment/path.sh
-- Installing: /home/dotamy/project-name/src/install/cpp_node_demo/share/cpp_node_demo/environment/path.dsv
-- Installing: /home/dotamy/project-name/src/install/cpp_node_demo/share/cpp_node_demo/local_setup.bash
-- Installing: /home/dotamy/project-name/src/install/cpp_node_demo/share/cpp_node_demo/local_setup.sh
-- Installing: /home/dotamy/project-name/src/install/cpp_node_demo/share/cpp_node_demo/local_setup.zsh
-- Installing: /home/dotamy/project-name/src/install/cpp_node_demo/share/cpp_node_demo/local_setup.dsv
-- Installing: /home/dotamy/project-name/src/install/cpp_node_demo/share/cpp_node_demo/package.dsv
-- Installing: /home/dotamy/project-name/src/install/cpp_node_demo/share/ament_index/resource_index/packages/cpp_node_demo
-- Installing: /home/dotamy/project-name/src/install/cpp_node_demo/share/cpp_node_demo/cmake/cpp_node_demoConfig.cmake
-- Installing: /home/dotamy/project-name/src/install/cpp_node_demo/share/cpp_node_demo/cmake/cpp_node_demoConfig-version.cmake
-- Installing: /home/dotamy/project-name/src/install/cpp_node_demo/share/cpp_node_demo/package.xml
