[0.065s] Invoking command in '/home/dotamy/project-name/src/build/topic_demo_cpp': CMAKE_PREFIX_PATH=${CMAKE_PREFIX_PATH}:/opt/ros/jazzy /usr/bin/cmake /home/dotamy/project-name/src/topic_demo_cpp -DCMAKE_INSTALL_PREFIX=/home/dotamy/project-name/src/install/topic_demo_cpp
[0.467s] -- The C compiler identification is GNU 13.3.0
[0.863s] -- The CXX compiler identification is GNU 13.3.0
[0.983s] -- Detecting C compiler ABI info
[1.643s] -- Detecting C compiler ABI info - done
[1.668s] -- Check for working C compiler: /usr/bin/cc - skipped
[1.669s] -- Detecting C compile features
[1.671s] -- Detecting C compile features - done
[1.735s] -- Detecting CXX compiler ABI info
[2.476s] -- Detecting CXX compiler ABI info - done
[2.501s] -- Check for working CXX compiler: /usr/bin/c++ - skipped
[2.503s] -- Detecting CXX compile features
[2.505s] -- Detecting CXX compile features - done
[2.529s] -- Found ament_cmake: 2.5.3 (/opt/ros/jazzy/share/ament_cmake/cmake)
[3.360s] -- Found Python3: /usr/bin/python3 (found version "3.12.3") found components: Interpreter 
[3.944s] -- Found rclcpp: 28.1.8 (/opt/ros/jazzy/share/rclcpp/cmake)
[4.213s] -- Found rosidl_generator_c: 4.6.5 (/opt/ros/jazzy/share/rosidl_generator_c/cmake)
[4.299s] -- Found rosidl_generator_cpp: 4.6.5 (/opt/ros/jazzy/share/rosidl_generator_cpp/cmake)
[4.394s] -- Using all available rosidl_typesupport_c: rosidl_typesupport_fastrtps_c;rosidl_typesupport_introspection_c
[4.500s] -- Using all available rosidl_typesupport_cpp: rosidl_typesupport_fastrtps_cpp;rosidl_typesupport_introspection_cpp
[4.859s] -- Found rmw_implementation_cmake: 7.3.2 (/opt/ros/jazzy/share/rmw_implementation_cmake/cmake)
[4.878s] -- Found rmw_fastrtps_cpp: 8.4.2 (/opt/ros/jazzy/share/rmw_fastrtps_cpp/cmake)
[5.438s] -- Found OpenSSL: /usr/lib/x86_64-linux-gnu/libcrypto.so (found version "3.0.13")  
[5.530s] -- Found FastRTPS: /opt/ros/jazzy/include (Required is at least version "2.13") 
[5.652s] -- Using RMW implementation 'rmw_fastrtps_cpp' as default
[5.955s] -- Found std_msgs: 5.3.6 (/opt/ros/jazzy/share/std_msgs/cmake)
[6.040s] -- Found ament_lint_auto: 0.17.2 (/opt/ros/jazzy/share/ament_lint_auto/cmake)
[6.545s] -- Added test 'cppcheck' to perform static code analysis on C / C++ code
[6.546s] -- Configured cppcheck include dirs: 
[6.547s] -- Configured cppcheck exclude dirs and/or files: 
[6.551s] -- Added test 'lint_cmake' to check CMake code style
[6.563s] -- Added test 'uncrustify' to check C / C++ code style
[6.564s] -- Configured uncrustify additional arguments: 
[6.566s] -- Added test 'xmllint' to check XML markup files
[6.576s] -- Configuring done (6.4s)
[6.612s] [31mCMake Error at CMakeLists.txt:13 (add_executable):
[6.613s]   Cannot find source file:
[6.614s] 
[6.614s]     src/publisher.cpp
[6.615s] 
[6.616s]   Tried extensions .c .C .c++ .cc .cpp .cxx .cu .mpp .m .M .mm .ixx .cppm
[6.616s]   .ccm .cxxm .c++m .h .hh .h++ .hm .hpp .hxx .in .txx .f .F .for .f77 .f90
[6.617s]   .f95 .f03 .hip .ispc
[6.618s] 
[6.619s] [0m
[6.622s] [31mCMake Error at CMakeLists.txt:14 (add_executable):
[6.624s]   Cannot find source file:
[6.624s] 
[6.625s]     src/subscriber.cpp
[6.626s] 
[6.626s]   Tried extensions .c .C .c++ .cc .cpp .cxx .cu .mpp .m .M .mm .ixx .cppm
[6.627s]   .ccm .cxxm .c++m .h .hh .h++ .hm .hpp .hxx .in .txx .f .F .for .f77 .f90
[6.628s]   .f95 .f03 .hip .ispc
[6.629s] 
[6.629s] [0m
[6.630s] [31mCMake Error at CMakeLists.txt:13 (add_executable):
[6.630s]   No SOURCES given to target: pubnode
[6.631s] 
[6.632s] [0m
[6.632s] [31mCMake Error at CMakeLists.txt:14 (add_executable):
[6.633s]   No SOURCES given to target: subnode
[6.634s] 
[6.634s] [0m
[6.635s] [0mCMake Generate step failed.  Build files cannot be regenerated correctly.[0m
[6.673s] Invoked command in '/home/dotamy/project-name/src/build/topic_demo_cpp' returned '1': CMAKE_PREFIX_PATH=${CMAKE_PREFIX_PATH}:/opt/ros/jazzy /usr/bin/cmake /home/dotamy/project-name/src/topic_demo_cpp -DCMAKE_INSTALL_PREFIX=/home/dotamy/project-name/src/install/topic_demo_cpp
