[0.032s] Invoking command in '/home/dotamy/project-name/src/build/topic_demo_cpp': CMAKE_PREFIX_PATH=${CMAKE_PREFIX_PATH}:/home/dotamy/project-name/src/install/topic_demo_py:/opt/ros/jazzy /usr/bin/cmake --build /home/dotamy/project-name/src/build/topic_demo_cpp -- -j8 -l8
[0.229s] [ 50%] Built target subnode
[0.230s] [ 75%] [32mBuilding CXX object CMakeFiles/pubnode.dir/src/publisher.cpp.o[0m
[8.319s] [100%] [32m[1mLinking CXX executable pubnode[0m
[8.698s] [100%] Built target pubnode
[8.730s] Invoked command in '/home/dotamy/project-name/src/build/topic_demo_cpp' returned '0': CMAKE_PREFIX_PATH=${CMAKE_PREFIX_PATH}:/home/dotamy/project-name/src/install/topic_demo_py:/opt/ros/jazzy /usr/bin/cmake --build /home/dotamy/project-name/src/build/topic_demo_cpp -- -j8 -l8
[8.754s] Invoking command in '/home/dotamy/project-name/src/build/topic_demo_cpp': CMAKE_PREFIX_PATH=${CMAKE_PREFIX_PATH}:/home/dotamy/project-name/src/install/topic_demo_py:/opt/ros/jazzy /usr/bin/cmake --install /home/dotamy/project-name/src/build/topic_demo_cpp
[8.774s] -- Install configuration: ""
[8.774s] -- Installing: /home/dotamy/project-name/src/install/topic_demo_cpp/lib/topic_demo_cpp/pubnode
[8.779s] -- Set non-toolchain portion of runtime path of "/home/dotamy/project-name/src/install/topic_demo_cpp/lib/topic_demo_cpp/pubnode" to ""
[8.780s] -- Up-to-date: /home/dotamy/project-name/src/install/topic_demo_cpp/lib/topic_demo_cpp/subnode
[8.780s] -- Up-to-date: /home/dotamy/project-name/src/install/topic_demo_cpp/share/ament_index/resource_index/package_run_dependencies/topic_demo_cpp
[8.781s] -- Up-to-date: /home/dotamy/project-name/src/install/topic_demo_cpp/share/ament_index/resource_index/parent_prefix_path/topic_demo_cpp
[8.781s] -- Up-to-date: /home/dotamy/project-name/src/install/topic_demo_cpp/share/topic_demo_cpp/environment/ament_prefix_path.sh
[8.781s] -- Up-to-date: /home/dotamy/project-name/src/install/topic_demo_cpp/share/topic_demo_cpp/environment/ament_prefix_path.dsv
[8.782s] -- Up-to-date: /home/dotamy/project-name/src/install/topic_demo_cpp/share/topic_demo_cpp/environment/path.sh
[8.782s] -- Up-to-date: /home/dotamy/project-name/src/install/topic_demo_cpp/share/topic_demo_cpp/environment/path.dsv
[8.782s] -- Up-to-date: /home/dotamy/project-name/src/install/topic_demo_cpp/share/topic_demo_cpp/local_setup.bash
[8.782s] -- Up-to-date: /home/dotamy/project-name/src/install/topic_demo_cpp/share/topic_demo_cpp/local_setup.sh
[8.782s] -- Up-to-date: /home/dotamy/project-name/src/install/topic_demo_cpp/share/topic_demo_cpp/local_setup.zsh
[8.783s] -- Up-to-date: /home/dotamy/project-name/src/install/topic_demo_cpp/share/topic_demo_cpp/local_setup.dsv
[8.783s] -- Installing: /home/dotamy/project-name/src/install/topic_demo_cpp/share/topic_demo_cpp/package.dsv
[8.784s] -- Up-to-date: /home/dotamy/project-name/src/install/topic_demo_cpp/share/ament_index/resource_index/packages/topic_demo_cpp
[8.784s] -- Up-to-date: /home/dotamy/project-name/src/install/topic_demo_cpp/share/topic_demo_cpp/cmake/topic_demo_cppConfig.cmake
[8.784s] -- Up-to-date: /home/dotamy/project-name/src/install/topic_demo_cpp/share/topic_demo_cpp/cmake/topic_demo_cppConfig-version.cmake
[8.784s] -- Up-to-date: /home/dotamy/project-name/src/install/topic_demo_cpp/share/topic_demo_cpp/package.xml
[8.788s] Invoked command in '/home/dotamy/project-name/src/build/topic_demo_cpp' returned '0': CMAKE_PREFIX_PATH=${CMAKE_PREFIX_PATH}:/home/dotamy/project-name/src/install/topic_demo_py:/opt/ros/jazzy /usr/bin/cmake --install /home/dotamy/project-name/src/build/topic_demo_cpp
