[ 25%] [32mBuilding CXX object CMakeFiles/pubnode.dir/src/publisher.cpp.o[0m
[ 75%] Built target subnode
In file included from [01m[K/opt/ros/jazzy/include/rclcpp/rclcpp/logging.hpp:24[m[K,
                 from [01m[K/opt/ros/jazzy/include/rclcpp/rclcpp/copy_all_parameter_values.hpp:27[m[K,
                 from [01m[K/opt/ros/jazzy/include/rclcpp/rclcpp/rclcpp.hpp:171[m[K,
                 from [01m[K/home/dotamy/project-name/src/topic_demo_cpp/src/publisher.cpp:2[m[K:
[01m[K/home/dotamy/project-name/src/topic_demo_cpp/src/publisher.cpp:[m[K In lambda function:
[01m[K/home/dotamy/project-name/src/topic_demo_cpp/src/publisher.cpp:22:45:[m[K [01;35m[Kwarning: [m[Kformat ‘[01m[K%s[m[K’ expects argument of type ‘[01m[Kchar*[m[K’, but argument 5 has type ‘[01m[Kstd_msgs::msg::String_<std::allocator<void> >[m[K’ [[01;35m[K]8;;https://gcc.gnu.org/onlinedocs/gcc/Warning-Options.html#index-Wformat=-Wformat=]8;;[m[K]
   22 |             RCLCPP_INFO(this->get_logger(), [01;35m[K"%s"[m[K,msg);  // ROS2日志输出
      |                                             [01;35m[K^~~~[m[K
[01m[K/home/dotamy/project-name/src/topic_demo_cpp/src/publisher.cpp:22:47:[m[K [01;36m[Knote: [m[Kformat string is defined here
   22 |             RCLCPP_INFO(this->get_logger(), "[01;36m[K%s[m[K",msg);  // ROS2日志输出
      |                                              [01;36m[K~^[m[K
      |                                               [01;36m[K|[m[K
      |                                               [01;36m[Kchar*[m[K
[100%] [32m[1mLinking CXX executable pubnode[0m
[100%] Built target pubnode
-- Install configuration: ""
-- Installing: /home/dotamy/project-name/src/install/topic_demo_cpp/lib/topic_demo_cpp/pubnode
-- Set non-toolchain portion of runtime path of "/home/dotamy/project-name/src/install/topic_demo_cpp/lib/topic_demo_cpp/pubnode" to ""
-- Installing: /home/dotamy/project-name/src/install/topic_demo_cpp/lib/topic_demo_cpp/subnode
-- Set non-toolchain portion of runtime path of "/home/dotamy/project-name/src/install/topic_demo_cpp/lib/topic_demo_cpp/subnode" to ""
-- Up-to-date: /home/dotamy/project-name/src/install/topic_demo_cpp/share/ament_index/resource_index/package_run_dependencies/topic_demo_cpp
-- Up-to-date: /home/dotamy/project-name/src/install/topic_demo_cpp/share/ament_index/resource_index/parent_prefix_path/topic_demo_cpp
-- Up-to-date: /home/dotamy/project-name/src/install/topic_demo_cpp/share/topic_demo_cpp/environment/ament_prefix_path.sh
-- Up-to-date: /home/dotamy/project-name/src/install/topic_demo_cpp/share/topic_demo_cpp/environment/ament_prefix_path.dsv
-- Up-to-date: /home/dotamy/project-name/src/install/topic_demo_cpp/share/topic_demo_cpp/environment/path.sh
-- Up-to-date: /home/dotamy/project-name/src/install/topic_demo_cpp/share/topic_demo_cpp/environment/path.dsv
-- Up-to-date: /home/dotamy/project-name/src/install/topic_demo_cpp/share/topic_demo_cpp/local_setup.bash
-- Up-to-date: /home/dotamy/project-name/src/install/topic_demo_cpp/share/topic_demo_cpp/local_setup.sh
-- Up-to-date: /home/dotamy/project-name/src/install/topic_demo_cpp/share/topic_demo_cpp/local_setup.zsh
-- Up-to-date: /home/dotamy/project-name/src/install/topic_demo_cpp/share/topic_demo_cpp/local_setup.dsv
-- Installing: /home/dotamy/project-name/src/install/topic_demo_cpp/share/topic_demo_cpp/package.dsv
-- Up-to-date: /home/dotamy/project-name/src/install/topic_demo_cpp/share/ament_index/resource_index/packages/topic_demo_cpp
-- Up-to-date: /home/dotamy/project-name/src/install/topic_demo_cpp/share/topic_demo_cpp/cmake/topic_demo_cppConfig.cmake
-- Up-to-date: /home/dotamy/project-name/src/install/topic_demo_cpp/share/topic_demo_cpp/cmake/topic_demo_cppConfig-version.cmake
-- Up-to-date: /home/dotamy/project-name/src/install/topic_demo_cpp/share/topic_demo_cpp/package.xml
