[0.670s] DEBUG:colcon:Command line arguments: ['/usr/bin/colcon', 'build', '--packages-select', 'topic_demo_cpp']
[0.671s] DEBUG:colcon:Parsed command line arguments: Namespace(log_base=None, log_level=None, verb_name='build', build_base='build', install_base='install', merge_install=False, symlink_install=False, test_result_base=None, continue_on_error=False, executor='parallel', parallel_workers=8, event_handlers=None, ignore_user_meta=False, metas=['./colcon.meta'], base_paths=['.'], packages_ignore=None, packages_ignore_regex=None, paths=None, packages_up_to=None, packages_up_to_regex=None, packages_above=None, packages_above_and_dependencies=None, packages_above_depth=None, packages_select_by_dep=None, packages_skip_by_dep=None, packages_skip_up_to=None, packages_select_build_failed=False, packages_skip_build_finished=False, packages_select_test_failures=False, packages_skip_test_passed=False, packages_select=['topic_demo_cpp'], packages_skip=None, packages_select_regex=None, packages_skip_regex=None, packages_start=None, packages_end=None, allow_overriding=[], cmake_args=None, cmake_target=None, cmake_target_skip_unavailable=False, cmake_clean_cache=False, cmake_clean_first=False, cmake_force_configure=False, ament_cmake_args=None, catkin_cmake_args=None, catkin_skip_building_tests=False, verb_parser=<colcon_defaults.argument_parser.defaults.DefaultArgumentsDecorator object at 0x77a7457713a0>, verb_extension=<colcon_core.verb.build.BuildVerb object at 0x77a7458eb290>, main=<bound method BuildVerb.main of <colcon_core.verb.build.BuildVerb object at 0x77a7458eb290>>)
[0.907s] Level 1:colcon.colcon_core.package_discovery:discover_packages(colcon_meta) check parameters
[0.907s] Level 1:colcon.colcon_core.package_discovery:discover_packages(recursive) check parameters
[0.909s] Level 1:colcon.colcon_core.package_discovery:discover_packages(ignore) check parameters
[0.909s] Level 1:colcon.colcon_core.package_discovery:discover_packages(path) check parameters
[0.910s] Level 1:colcon.colcon_core.package_discovery:discover_packages(colcon_meta) discover
[0.910s] Level 1:colcon.colcon_core.package_discovery:discover_packages(recursive) discover
[0.910s] INFO:colcon.colcon_core.package_discovery:Crawling recursively for packages in '/home/dotamy/project-name/src'
[0.911s] Level 1:colcon.colcon_core.package_identification:_identify(.) by extensions ['ignore', 'ignore_ament_install']
[0.911s] Level 1:colcon.colcon_core.package_identification:_identify(.) by extension 'ignore'
[0.911s] Level 1:colcon.colcon_core.package_identification:_identify(.) by extension 'ignore_ament_install'
[0.912s] Level 1:colcon.colcon_core.package_identification:_identify(.) by extensions ['colcon_pkg']
[0.912s] Level 1:colcon.colcon_core.package_identification:_identify(.) by extension 'colcon_pkg'
[0.912s] Level 1:colcon.colcon_core.package_identification:_identify(.) by extensions ['colcon_meta']
[0.913s] Level 1:colcon.colcon_core.package_identification:_identify(.) by extension 'colcon_meta'
[0.913s] Level 1:colcon.colcon_core.package_identification:_identify(.) by extensions ['ros']
[0.913s] Level 1:colcon.colcon_core.package_identification:_identify(.) by extension 'ros'
[1.011s] Level 1:colcon.colcon_core.package_identification:_identify(.) by extensions ['cmake', 'python']
[1.011s] Level 1:colcon.colcon_core.package_identification:_identify(.) by extension 'cmake'
[1.012s] Level 1:colcon.colcon_core.package_identification:_identify(.) by extension 'python'
[1.012s] Level 1:colcon.colcon_core.package_identification:_identify(.) by extensions ['python_setup_py']
[1.012s] Level 1:colcon.colcon_core.package_identification:_identify(.) by extension 'python_setup_py'
[1.013s] Level 1:colcon.colcon_core.package_identification:_identify(build) by extensions ['ignore', 'ignore_ament_install']
[1.013s] Level 1:colcon.colcon_core.package_identification:_identify(build) by extension 'ignore'
[1.014s] Level 1:colcon.colcon_core.package_identification:_identify(build) ignored
[1.014s] Level 1:colcon.colcon_core.package_identification:_identify(cpp_node_demo) by extensions ['ignore', 'ignore_ament_install']
[1.015s] Level 1:colcon.colcon_core.package_identification:_identify(cpp_node_demo) by extension 'ignore'
[1.015s] Level 1:colcon.colcon_core.package_identification:_identify(cpp_node_demo) by extension 'ignore_ament_install'
[1.016s] Level 1:colcon.colcon_core.package_identification:_identify(cpp_node_demo) by extensions ['colcon_pkg']
[1.016s] Level 1:colcon.colcon_core.package_identification:_identify(cpp_node_demo) by extension 'colcon_pkg'
[1.016s] Level 1:colcon.colcon_core.package_identification:_identify(cpp_node_demo) by extensions ['colcon_meta']
[1.016s] Level 1:colcon.colcon_core.package_identification:_identify(cpp_node_demo) by extension 'colcon_meta'
[1.017s] Level 1:colcon.colcon_core.package_identification:_identify(cpp_node_demo) by extensions ['ros']
[1.017s] Level 1:colcon.colcon_core.package_identification:_identify(cpp_node_demo) by extension 'ros'
[1.026s] DEBUG:colcon.colcon_core.package_identification:Package 'cpp_node_demo' with type 'ros.ament_cmake' and name 'cpp_node_demo'
[1.027s] Level 1:colcon.colcon_core.package_identification:_identify(install) by extensions ['ignore', 'ignore_ament_install']
[1.028s] Level 1:colcon.colcon_core.package_identification:_identify(install) by extension 'ignore'
[1.028s] Level 1:colcon.colcon_core.package_identification:_identify(install) ignored
[1.029s] Level 1:colcon.colcon_core.package_identification:_identify(log) by extensions ['ignore', 'ignore_ament_install']
[1.029s] Level 1:colcon.colcon_core.package_identification:_identify(log) by extension 'ignore'
[1.029s] Level 1:colcon.colcon_core.package_identification:_identify(log) ignored
[1.030s] Level 1:colcon.colcon_core.package_identification:_identify(py_node_demo) by extensions ['ignore', 'ignore_ament_install']
[1.030s] Level 1:colcon.colcon_core.package_identification:_identify(py_node_demo) by extension 'ignore'
[1.031s] Level 1:colcon.colcon_core.package_identification:_identify(py_node_demo) by extension 'ignore_ament_install'
[1.031s] Level 1:colcon.colcon_core.package_identification:_identify(py_node_demo) by extensions ['colcon_pkg']
[1.031s] Level 1:colcon.colcon_core.package_identification:_identify(py_node_demo) by extension 'colcon_pkg'
[1.032s] Level 1:colcon.colcon_core.package_identification:_identify(py_node_demo) by extensions ['colcon_meta']
[1.032s] Level 1:colcon.colcon_core.package_identification:_identify(py_node_demo) by extension 'colcon_meta'
[1.032s] Level 1:colcon.colcon_core.package_identification:_identify(py_node_demo) by extensions ['ros']
[1.032s] Level 1:colcon.colcon_core.package_identification:_identify(py_node_demo) by extension 'ros'
[1.034s] DEBUG:colcon.colcon_core.package_identification:Package 'py_node_demo' with type 'ros.ament_python' and name 'py_node_demo'
[1.035s] Level 1:colcon.colcon_core.package_identification:_identify(topic_demo_cpp) by extensions ['ignore', 'ignore_ament_install']
[1.036s] Level 1:colcon.colcon_core.package_identification:_identify(topic_demo_cpp) by extension 'ignore'
[1.036s] Level 1:colcon.colcon_core.package_identification:_identify(topic_demo_cpp) by extension 'ignore_ament_install'
[1.036s] Level 1:colcon.colcon_core.package_identification:_identify(topic_demo_cpp) by extensions ['colcon_pkg']
[1.037s] Level 1:colcon.colcon_core.package_identification:_identify(topic_demo_cpp) by extension 'colcon_pkg'
[1.037s] Level 1:colcon.colcon_core.package_identification:_identify(topic_demo_cpp) by extensions ['colcon_meta']
[1.037s] Level 1:colcon.colcon_core.package_identification:_identify(topic_demo_cpp) by extension 'colcon_meta'
[1.037s] Level 1:colcon.colcon_core.package_identification:_identify(topic_demo_cpp) by extensions ['ros']
[1.038s] Level 1:colcon.colcon_core.package_identification:_identify(topic_demo_cpp) by extension 'ros'
[1.039s] DEBUG:colcon.colcon_core.package_identification:Package 'topic_demo_cpp' with type 'ros.ament_cmake' and name 'topic_demo_cpp'
[1.040s] Level 1:colcon.colcon_core.package_identification:_identify(topic_demo_py) by extensions ['ignore', 'ignore_ament_install']
[1.040s] Level 1:colcon.colcon_core.package_identification:_identify(topic_demo_py) by extension 'ignore'
[1.041s] Level 1:colcon.colcon_core.package_identification:_identify(topic_demo_py) by extension 'ignore_ament_install'
[1.041s] Level 1:colcon.colcon_core.package_identification:_identify(topic_demo_py) by extensions ['colcon_pkg']
[1.041s] Level 1:colcon.colcon_core.package_identification:_identify(topic_demo_py) by extension 'colcon_pkg'
[1.042s] Level 1:colcon.colcon_core.package_identification:_identify(topic_demo_py) by extensions ['colcon_meta']
[1.042s] Level 1:colcon.colcon_core.package_identification:_identify(topic_demo_py) by extension 'colcon_meta'
[1.042s] Level 1:colcon.colcon_core.package_identification:_identify(topic_demo_py) by extensions ['ros']
[1.042s] Level 1:colcon.colcon_core.package_identification:_identify(topic_demo_py) by extension 'ros'
[1.044s] DEBUG:colcon.colcon_core.package_identification:Package 'topic_demo_py' with type 'ros.ament_python' and name 'topic_demo_py'
[1.045s] Level 1:colcon.colcon_core.package_discovery:discover_packages(recursive) using defaults
[1.045s] Level 1:colcon.colcon_core.package_discovery:discover_packages(ignore) discover
[1.045s] Level 1:colcon.colcon_core.package_discovery:discover_packages(ignore) using defaults
[1.045s] Level 1:colcon.colcon_core.package_discovery:discover_packages(path) discover
[1.046s] Level 1:colcon.colcon_core.package_discovery:discover_packages(path) using defaults
[1.116s] INFO:colcon.colcon_core.package_selection:Skipping not selected package 'cpp_node_demo' in 'cpp_node_demo'
[1.117s] INFO:colcon.colcon_core.package_selection:Skipping not selected package 'py_node_demo' in 'py_node_demo'
[1.117s] INFO:colcon.colcon_core.package_selection:Skipping not selected package 'topic_demo_py' in 'topic_demo_py'
[1.119s] Level 1:colcon.colcon_core.package_discovery:discover_packages(prefix_path) check parameters
[1.119s] Level 1:colcon.colcon_core.package_discovery:discover_packages(prefix_path) discover
[1.147s] DEBUG:colcon.colcon_installed_package_information.package_discovery:Found 285 installed packages in /opt/ros/jazzy
[1.161s] Level 1:colcon.colcon_core.package_discovery:discover_packages(prefix_path) using defaults
[1.384s] Level 5:colcon.colcon_core.verb:set package 'topic_demo_cpp' build argument 'cmake_args' from command line to 'None'
[1.384s] Level 5:colcon.colcon_core.verb:set package 'topic_demo_cpp' build argument 'cmake_target' from command line to 'None'
[1.385s] Level 5:colcon.colcon_core.verb:set package 'topic_demo_cpp' build argument 'cmake_target_skip_unavailable' from command line to 'False'
[1.385s] Level 5:colcon.colcon_core.verb:set package 'topic_demo_cpp' build argument 'cmake_clean_cache' from command line to 'False'
[1.385s] Level 5:colcon.colcon_core.verb:set package 'topic_demo_cpp' build argument 'cmake_clean_first' from command line to 'False'
[1.385s] Level 5:colcon.colcon_core.verb:set package 'topic_demo_cpp' build argument 'cmake_force_configure' from command line to 'False'
[1.385s] Level 5:colcon.colcon_core.verb:set package 'topic_demo_cpp' build argument 'ament_cmake_args' from command line to 'None'
[1.386s] Level 5:colcon.colcon_core.verb:set package 'topic_demo_cpp' build argument 'catkin_cmake_args' from command line to 'None'
[1.386s] Level 5:colcon.colcon_core.verb:set package 'topic_demo_cpp' build argument 'catkin_skip_building_tests' from command line to 'False'
[1.386s] DEBUG:colcon.colcon_core.verb:Building package 'topic_demo_cpp' with the following arguments: {'ament_cmake_args': None, 'build_base': '/home/dotamy/project-name/src/build/topic_demo_cpp', 'catkin_cmake_args': None, 'catkin_skip_building_tests': False, 'cmake_args': None, 'cmake_clean_cache': False, 'cmake_clean_first': False, 'cmake_force_configure': False, 'cmake_target': None, 'cmake_target_skip_unavailable': False, 'install_base': '/home/dotamy/project-name/src/install/topic_demo_cpp', 'merge_install': False, 'path': '/home/dotamy/project-name/src/topic_demo_cpp', 'symlink_install': False, 'test_result_base': None}
[1.387s] INFO:colcon.colcon_core.executor:Executing jobs using 'parallel' executor
[1.392s] DEBUG:colcon.colcon_parallel_executor.executor.parallel:run_until_complete
[1.394s] INFO:colcon.colcon_ros.task.ament_cmake.build:Building ROS package in '/home/dotamy/project-name/src/topic_demo_cpp' with build type 'ament_cmake'
[1.394s] INFO:colcon.colcon_cmake.task.cmake.build:Building CMake package in '/home/dotamy/project-name/src/topic_demo_cpp'
[1.407s] INFO:colcon.colcon_core.plugin_system:Skipping extension 'colcon_core.shell.bat': Not used on non-Windows systems
[1.408s] INFO:colcon.colcon_core.shell:Skip shell extension 'powershell' for command environment: Not usable outside of PowerShell
[1.408s] DEBUG:colcon.colcon_core.shell:Skip shell extension 'dsv' for command environment
[1.464s] DEBUG:colcon.colcon_core.event_handler.log_command:Invoking command in '/home/dotamy/project-name/src/build/topic_demo_cpp': CMAKE_PREFIX_PATH=${CMAKE_PREFIX_PATH}:/opt/ros/jazzy /usr/bin/cmake --build /home/dotamy/project-name/src/build/topic_demo_cpp -- -j8 -l8
[35.922s] DEBUG:colcon.colcon_core.event_handler.log_command:Invoked command in '/home/dotamy/project-name/src/build/topic_demo_cpp' returned '0': CMAKE_PREFIX_PATH=${CMAKE_PREFIX_PATH}:/opt/ros/jazzy /usr/bin/cmake --build /home/dotamy/project-name/src/build/topic_demo_cpp -- -j8 -l8
[36.006s] DEBUG:colcon.colcon_core.event_handler.log_command:Invoking command in '/home/dotamy/project-name/src/build/topic_demo_cpp': CMAKE_PREFIX_PATH=${CMAKE_PREFIX_PATH}:/opt/ros/jazzy /usr/bin/cmake --install /home/dotamy/project-name/src/build/topic_demo_cpp
[36.209s] Level 1:colcon.colcon_core.environment:create_environment_scripts_only(topic_demo_cpp)
[36.219s] DEBUG:colcon.colcon_core.event_handler.log_command:Invoked command in '/home/dotamy/project-name/src/build/topic_demo_cpp' returned '0': CMAKE_PREFIX_PATH=${CMAKE_PREFIX_PATH}:/opt/ros/jazzy /usr/bin/cmake --install /home/dotamy/project-name/src/build/topic_demo_cpp
[36.228s] Level 1:colcon.colcon_core.environment:checking '/home/dotamy/project-name/src/install/topic_demo_cpp' for CMake module files
[36.232s] Level 1:colcon.colcon_core.environment:checking '/home/dotamy/project-name/src/install/topic_demo_cpp' for CMake config files
[36.234s] Level 1:colcon.colcon_core.shell:create_environment_hook('topic_demo_cpp', 'cmake_prefix_path')
[36.235s] INFO:colcon.colcon_core.shell:Creating environment hook '/home/dotamy/project-name/src/install/topic_demo_cpp/share/topic_demo_cpp/hook/cmake_prefix_path.ps1'
[36.238s] INFO:colcon.colcon_core.shell:Creating environment descriptor '/home/dotamy/project-name/src/install/topic_demo_cpp/share/topic_demo_cpp/hook/cmake_prefix_path.dsv'
[36.241s] INFO:colcon.colcon_core.shell:Creating environment hook '/home/dotamy/project-name/src/install/topic_demo_cpp/share/topic_demo_cpp/hook/cmake_prefix_path.sh'
[36.244s] Level 1:colcon.colcon_core.environment:checking '/home/dotamy/project-name/src/install/topic_demo_cpp/lib'
[36.245s] Level 1:colcon.colcon_core.environment:checking '/home/dotamy/project-name/src/install/topic_demo_cpp/bin'
[36.245s] Level 1:colcon.colcon_core.environment:checking '/home/dotamy/project-name/src/install/topic_demo_cpp/lib/pkgconfig/topic_demo_cpp.pc'
[36.246s] Level 1:colcon.colcon_core.environment:checking '/home/dotamy/project-name/src/install/topic_demo_cpp/lib/python3.12/site-packages'
[36.247s] Level 1:colcon.colcon_core.environment:checking '/home/dotamy/project-name/src/install/topic_demo_cpp/bin'
[36.247s] INFO:colcon.colcon_core.shell:Creating package script '/home/dotamy/project-name/src/install/topic_demo_cpp/share/topic_demo_cpp/package.ps1'
[36.250s] INFO:colcon.colcon_core.shell:Creating package descriptor '/home/dotamy/project-name/src/install/topic_demo_cpp/share/topic_demo_cpp/package.dsv'
[36.253s] INFO:colcon.colcon_core.shell:Creating package script '/home/dotamy/project-name/src/install/topic_demo_cpp/share/topic_demo_cpp/package.sh'
[36.256s] INFO:colcon.colcon_core.shell:Creating package script '/home/dotamy/project-name/src/install/topic_demo_cpp/share/topic_demo_cpp/package.bash'
[36.260s] INFO:colcon.colcon_core.shell:Creating package script '/home/dotamy/project-name/src/install/topic_demo_cpp/share/topic_demo_cpp/package.zsh'
[36.262s] Level 1:colcon.colcon_core.environment:create_file_with_runtime_dependencies(/home/dotamy/project-name/src/install/topic_demo_cpp/share/colcon-core/packages/topic_demo_cpp)
[36.266s] Level 1:colcon.colcon_core.environment:create_environment_scripts_only(topic_demo_cpp)
[36.266s] Level 1:colcon.colcon_core.environment:checking '/home/dotamy/project-name/src/install/topic_demo_cpp' for CMake module files
[36.270s] Level 1:colcon.colcon_core.environment:checking '/home/dotamy/project-name/src/install/topic_demo_cpp' for CMake config files
[36.272s] Level 1:colcon.colcon_core.shell:create_environment_hook('topic_demo_cpp', 'cmake_prefix_path')
[36.273s] INFO:colcon.colcon_core.shell:Creating environment hook '/home/dotamy/project-name/src/install/topic_demo_cpp/share/topic_demo_cpp/hook/cmake_prefix_path.ps1'
[36.275s] INFO:colcon.colcon_core.shell:Creating environment descriptor '/home/dotamy/project-name/src/install/topic_demo_cpp/share/topic_demo_cpp/hook/cmake_prefix_path.dsv'
[36.284s] INFO:colcon.colcon_core.shell:Creating environment hook '/home/dotamy/project-name/src/install/topic_demo_cpp/share/topic_demo_cpp/hook/cmake_prefix_path.sh'
[36.287s] Level 1:colcon.colcon_core.environment:checking '/home/dotamy/project-name/src/install/topic_demo_cpp/lib'
[36.288s] Level 1:colcon.colcon_core.environment:checking '/home/dotamy/project-name/src/install/topic_demo_cpp/bin'
[36.289s] Level 1:colcon.colcon_core.environment:checking '/home/dotamy/project-name/src/install/topic_demo_cpp/lib/pkgconfig/topic_demo_cpp.pc'
[36.290s] Level 1:colcon.colcon_core.environment:checking '/home/dotamy/project-name/src/install/topic_demo_cpp/lib/python3.12/site-packages'
[36.290s] Level 1:colcon.colcon_core.environment:checking '/home/dotamy/project-name/src/install/topic_demo_cpp/bin'
[36.291s] INFO:colcon.colcon_core.shell:Creating package script '/home/dotamy/project-name/src/install/topic_demo_cpp/share/topic_demo_cpp/package.ps1'
[36.293s] INFO:colcon.colcon_core.shell:Creating package descriptor '/home/dotamy/project-name/src/install/topic_demo_cpp/share/topic_demo_cpp/package.dsv'
[36.296s] INFO:colcon.colcon_core.shell:Creating package script '/home/dotamy/project-name/src/install/topic_demo_cpp/share/topic_demo_cpp/package.sh'
[36.298s] INFO:colcon.colcon_core.shell:Creating package script '/home/dotamy/project-name/src/install/topic_demo_cpp/share/topic_demo_cpp/package.bash'
[36.300s] INFO:colcon.colcon_core.shell:Creating package script '/home/dotamy/project-name/src/install/topic_demo_cpp/share/topic_demo_cpp/package.zsh'
[36.303s] Level 1:colcon.colcon_core.environment:create_file_with_runtime_dependencies(/home/dotamy/project-name/src/install/topic_demo_cpp/share/colcon-core/packages/topic_demo_cpp)
[36.305s] DEBUG:colcon.colcon_parallel_executor.executor.parallel:closing loop
[36.306s] DEBUG:colcon.colcon_parallel_executor.executor.parallel:loop closed
[36.306s] DEBUG:colcon.colcon_parallel_executor.executor.parallel:run_until_complete finished with '0'
[36.307s] DEBUG:colcon.colcon_core.event_reactor:joining thread
[36.341s] INFO:colcon.colcon_core.plugin_system:Skipping extension 'colcon_notification.desktop_notification.terminal_notifier': Not used on non-Darwin systems
[36.341s] INFO:colcon.colcon_core.plugin_system:Skipping extension 'colcon_notification.desktop_notification.win32': Not used on non-Windows systems
[36.342s] INFO:colcon.colcon_notification.desktop_notification:Sending desktop notification using 'notify2'
[36.354s] DEBUG:colcon.colcon_notification.desktop_notification.notify2:Failed to initialize notify2: org.freedesktop.DBus.Error.Spawn.ExecFailed: /usr/bin/dbus-launch terminated abnormally without any error message
[36.359s] DEBUG:colcon.colcon_core.event_reactor:joined thread
[36.366s] INFO:colcon.colcon_core.shell:Creating prefix script '/home/dotamy/project-name/src/install/local_setup.ps1'
[36.374s] INFO:colcon.colcon_core.shell:Creating prefix util module '/home/dotamy/project-name/src/install/_local_setup_util_ps1.py'
[36.379s] INFO:colcon.colcon_core.shell:Creating prefix chain script '/home/dotamy/project-name/src/install/setup.ps1'
[36.384s] INFO:colcon.colcon_core.shell:Creating prefix script '/home/dotamy/project-name/src/install/local_setup.sh'
[36.386s] INFO:colcon.colcon_core.shell:Creating prefix util module '/home/dotamy/project-name/src/install/_local_setup_util_sh.py'
[36.390s] INFO:colcon.colcon_core.shell:Creating prefix chain script '/home/dotamy/project-name/src/install/setup.sh'
[36.393s] INFO:colcon.colcon_core.shell:Creating prefix script '/home/dotamy/project-name/src/install/local_setup.bash'
[36.396s] INFO:colcon.colcon_core.shell:Creating prefix chain script '/home/dotamy/project-name/src/install/setup.bash'
[36.400s] INFO:colcon.colcon_core.shell:Creating prefix script '/home/dotamy/project-name/src/install/local_setup.zsh'
[36.402s] INFO:colcon.colcon_core.shell:Creating prefix chain script '/home/dotamy/project-name/src/install/setup.zsh'
