[0.054s] Invoking command in '/home/dotamy/project-name/src/build/my_msg': CMAKE_PREFIX_PATH=${CMAKE_PREFIX_PATH}:/opt/ros/jazzy /usr/bin/cmake --build /home/dotamy/project-name/src/build/my_msg -- -j8 -l8
[0.499s] [  2%] Built target my_msg__rosidl_generator_type_description
[0.499s] [  2%] Built target ament_cmake_python_copy_my_msg
[0.499s] [  5%] Built target my_msg__cpp
[0.500s] [ 20%] Built target my_msg__rosidl_generator_c
[0.500s] [ 29%] Built target my_msg__rosidl_typesupport_c
[0.500s] [ 38%] Built target my_msg__rosidl_typesupport_introspection_c
[0.500s] [ 47%] Built target my_msg__rosidl_typesupport_cpp
[0.500s] [ 55%] Built target my_msg__rosidl_typesupport_introspection_cpp
[0.501s] [ 64%] Built target my_msg__rosidl_typesupport_fastrtps_c
[0.501s] [ 73%] Built target my_msg__rosidl_typesupport_fastrtps_cpp
[0.554s] [ 73%] Built target my_msg
[0.628s] [ 76%] Built target my_msg__py
[0.714s] running egg_info
[0.717s] [ 82%] Built target my_msg__rosidl_generator_py
[0.752s] writing my_msg.egg-info/PKG-INFO
[0.753s] writing dependency_links to my_msg.egg-info/dependency_links.txt
[0.757s] writing top-level names to my_msg.egg-info/top_level.txt
[0.805s] [ 88%] Built target my_msg_s__rosidl_typesupport_introspection_c
[0.818s] [ 94%] Built target my_msg_s__rosidl_typesupport_fastrtps_c
[0.822s] [100%] Built target my_msg_s__rosidl_typesupport_c
[0.874s] reading manifest file 'my_msg.egg-info/SOURCES.txt'
[0.875s] writing manifest file 'my_msg.egg-info/SOURCES.txt'
[0.934s] [100%] Built target ament_cmake_python_build_my_msg_egg
[0.975s] Invoked command in '/home/dotamy/project-name/src/build/my_msg' returned '0': CMAKE_PREFIX_PATH=${CMAKE_PREFIX_PATH}:/opt/ros/jazzy /usr/bin/cmake --build /home/dotamy/project-name/src/build/my_msg -- -j8 -l8
[1.001s] Invoking command in '/home/dotamy/project-name/src/build/my_msg': CMAKE_PREFIX_PATH=${CMAKE_PREFIX_PATH}:/opt/ros/jazzy /usr/bin/cmake --install /home/dotamy/project-name/src/build/my_msg
[1.023s] -- Install configuration: ""
[1.023s] -- Up-to-date: /home/dotamy/project-name/src/install/my_msg/share/ament_index/resource_index/rosidl_interfaces/my_msg
[1.025s] -- Up-to-date: /home/dotamy/project-name/src/install/my_msg/share/my_msg/msg/A.json
[1.025s] -- Up-to-date: /home/dotamy/project-name/src/install/my_msg/include/my_msg/my_msg
[1.026s] -- Up-to-date: /home/dotamy/project-name/src/install/my_msg/include/my_msg/my_msg/msg
[1.026s] -- Up-to-date: /home/dotamy/project-name/src/install/my_msg/include/my_msg/my_msg/msg/a.h
[1.026s] -- Up-to-date: /home/dotamy/project-name/src/install/my_msg/include/my_msg/my_msg/msg/detail
[1.027s] -- Up-to-date: /home/dotamy/project-name/src/install/my_msg/include/my_msg/my_msg/msg/detail/a__struct.h
[1.027s] -- Up-to-date: /home/dotamy/project-name/src/install/my_msg/include/my_msg/my_msg/msg/detail/a__functions.h
[1.030s] -- Up-to-date: /home/dotamy/project-name/src/install/my_msg/include/my_msg/my_msg/msg/detail/a__functions.c
[1.030s] -- Up-to-date: /home/dotamy/project-name/src/install/my_msg/include/my_msg/my_msg/msg/detail/a__description.c
[1.031s] -- Up-to-date: /home/dotamy/project-name/src/install/my_msg/include/my_msg/my_msg/msg/detail/a__type_support.h
[1.031s] -- Up-to-date: /home/dotamy/project-name/src/install/my_msg/include/my_msg/my_msg/msg/detail/a__type_support.c
[1.031s] -- Up-to-date: /home/dotamy/project-name/src/install/my_msg/include/my_msg/my_msg/msg/rosidl_generator_c__visibility_control.h
[1.031s] -- Up-to-date: /home/dotamy/project-name/src/install/my_msg/share/my_msg/environment/library_path.sh
[1.031s] -- Up-to-date: /home/dotamy/project-name/src/install/my_msg/share/my_msg/environment/library_path.dsv
[1.031s] -- Up-to-date: /home/dotamy/project-name/src/install/my_msg/lib/libmy_msg__rosidl_generator_c.so
[1.032s] -- Up-to-date: /home/dotamy/project-name/src/install/my_msg/include/my_msg/my_msg
[1.032s] -- Up-to-date: /home/dotamy/project-name/src/install/my_msg/include/my_msg/my_msg/msg
[1.032s] -- Up-to-date: /home/dotamy/project-name/src/install/my_msg/include/my_msg/my_msg/msg/rosidl_typesupport_fastrtps_c__visibility_control.h
[1.032s] -- Up-to-date: /home/dotamy/project-name/src/install/my_msg/include/my_msg/my_msg/msg/detail
[1.032s] -- Up-to-date: /home/dotamy/project-name/src/install/my_msg/include/my_msg/my_msg/msg/detail/a__rosidl_typesupport_fastrtps_c.h
[1.034s] -- Up-to-date: /home/dotamy/project-name/src/install/my_msg/lib/libmy_msg__rosidl_typesupport_fastrtps_c.so
[1.035s] -- Up-to-date: /home/dotamy/project-name/src/install/my_msg/include/my_msg/my_msg
[1.035s] -- Up-to-date: /home/dotamy/project-name/src/install/my_msg/include/my_msg/my_msg/msg
[1.035s] -- Up-to-date: /home/dotamy/project-name/src/install/my_msg/include/my_msg/my_msg/msg/rosidl_typesupport_introspection_c__visibility_control.h
[1.035s] -- Up-to-date: /home/dotamy/project-name/src/install/my_msg/include/my_msg/my_msg/msg/detail
[1.036s] -- Up-to-date: /home/dotamy/project-name/src/install/my_msg/include/my_msg/my_msg/msg/detail/a__rosidl_typesupport_introspection_c.h
[1.036s] -- Up-to-date: /home/dotamy/project-name/src/install/my_msg/include/my_msg/my_msg/msg/detail/a__type_support.c
[1.038s] -- Up-to-date: /home/dotamy/project-name/src/install/my_msg/lib/libmy_msg__rosidl_typesupport_introspection_c.so
[1.040s] -- Up-to-date: /home/dotamy/project-name/src/install/my_msg/lib/libmy_msg__rosidl_typesupport_c.so
[1.041s] -- Up-to-date: /home/dotamy/project-name/src/install/my_msg/include/my_msg/my_msg
[1.042s] -- Up-to-date: /home/dotamy/project-name/src/install/my_msg/include/my_msg/my_msg/msg
[1.042s] -- Up-to-date: /home/dotamy/project-name/src/install/my_msg/include/my_msg/my_msg/msg/a.hpp
[1.043s] -- Up-to-date: /home/dotamy/project-name/src/install/my_msg/include/my_msg/my_msg/msg/detail
[1.043s] -- Up-to-date: /home/dotamy/project-name/src/install/my_msg/include/my_msg/my_msg/msg/detail/a__builder.hpp
[1.043s] -- Up-to-date: /home/dotamy/project-name/src/install/my_msg/include/my_msg/my_msg/msg/detail/a__type_support.hpp
[1.043s] -- Up-to-date: /home/dotamy/project-name/src/install/my_msg/include/my_msg/my_msg/msg/detail/a__traits.hpp
[1.043s] -- Up-to-date: /home/dotamy/project-name/src/install/my_msg/include/my_msg/my_msg/msg/detail/a__struct.hpp
[1.043s] -- Up-to-date: /home/dotamy/project-name/src/install/my_msg/include/my_msg/my_msg/msg/rosidl_generator_cpp__visibility_control.hpp
[1.044s] -- Up-to-date: /home/dotamy/project-name/src/install/my_msg/include/my_msg/my_msg
[1.044s] -- Up-to-date: /home/dotamy/project-name/src/install/my_msg/include/my_msg/my_msg/msg
[1.044s] -- Up-to-date: /home/dotamy/project-name/src/install/my_msg/include/my_msg/my_msg/msg/rosidl_typesupport_fastrtps_cpp__visibility_control.h
[1.045s] -- Up-to-date: /home/dotamy/project-name/src/install/my_msg/include/my_msg/my_msg/msg/detail
[1.045s] -- Up-to-date: /home/dotamy/project-name/src/install/my_msg/include/my_msg/my_msg/msg/detail/dds_fastrtps
[1.045s] -- Up-to-date: /home/dotamy/project-name/src/install/my_msg/include/my_msg/my_msg/msg/detail/a__rosidl_typesupport_fastrtps_cpp.hpp
[1.050s] -- Up-to-date: /home/dotamy/project-name/src/install/my_msg/lib/libmy_msg__rosidl_typesupport_fastrtps_cpp.so
[1.051s] -- Up-to-date: /home/dotamy/project-name/src/install/my_msg/include/my_msg/my_msg
[1.051s] -- Up-to-date: /home/dotamy/project-name/src/install/my_msg/include/my_msg/my_msg/msg
[1.053s] -- Up-to-date: /home/dotamy/project-name/src/install/my_msg/include/my_msg/my_msg/msg/detail
[1.054s] -- Up-to-date: /home/dotamy/project-name/src/install/my_msg/include/my_msg/my_msg/msg/detail/a__rosidl_typesupport_introspection_cpp.hpp
[1.054s] -- Up-to-date: /home/dotamy/project-name/src/install/my_msg/include/my_msg/my_msg/msg/detail/a__type_support.cpp
[1.054s] -- Up-to-date: /home/dotamy/project-name/src/install/my_msg/lib/libmy_msg__rosidl_typesupport_introspection_cpp.so
[1.055s] -- Up-to-date: /home/dotamy/project-name/src/install/my_msg/lib/libmy_msg__rosidl_typesupport_cpp.so
[1.056s] -- Up-to-date: /home/dotamy/project-name/src/install/my_msg/share/my_msg/environment/pythonpath.sh
[1.056s] -- Up-to-date: /home/dotamy/project-name/src/install/my_msg/share/my_msg/environment/pythonpath.dsv
[1.057s] -- Up-to-date: /home/dotamy/project-name/src/install/my_msg/lib/python3.12/site-packages/my_msg-0.0.0-py3.12.egg-info
[1.059s] -- Installing: /home/dotamy/project-name/src/install/my_msg/lib/python3.12/site-packages/my_msg-0.0.0-py3.12.egg-info/dependency_links.txt
[1.060s] -- Installing: /home/dotamy/project-name/src/install/my_msg/lib/python3.12/site-packages/my_msg-0.0.0-py3.12.egg-info/SOURCES.txt
[1.060s] -- Installing: /home/dotamy/project-name/src/install/my_msg/lib/python3.12/site-packages/my_msg-0.0.0-py3.12.egg-info/PKG-INFO
[1.063s] -- Installing: /home/dotamy/project-name/src/install/my_msg/lib/python3.12/site-packages/my_msg-0.0.0-py3.12.egg-info/top_level.txt
[1.064s] -- Up-to-date: /home/dotamy/project-name/src/install/my_msg/lib/python3.12/site-packages/my_msg
[1.064s] -- Up-to-date: /home/dotamy/project-name/src/install/my_msg/lib/python3.12/site-packages/my_msg/_my_msg_s.ep.rosidl_typesupport_fastrtps_c.c
[1.064s] -- Up-to-date: /home/dotamy/project-name/src/install/my_msg/lib/python3.12/site-packages/my_msg/my_msg_s__rosidl_typesupport_fastrtps_c.so
[1.065s] -- Up-to-date: /home/dotamy/project-name/src/install/my_msg/lib/python3.12/site-packages/my_msg/__init__.py
[1.065s] -- Up-to-date: /home/dotamy/project-name/src/install/my_msg/lib/python3.12/site-packages/my_msg/_my_msg_s.ep.rosidl_typesupport_c.c
[1.065s] -- Up-to-date: /home/dotamy/project-name/src/install/my_msg/lib/python3.12/site-packages/my_msg/my_msg_s__rosidl_typesupport_introspection_c.so
[1.065s] -- Up-to-date: /home/dotamy/project-name/src/install/my_msg/lib/python3.12/site-packages/my_msg/my_msg_s__rosidl_typesupport_c.so
[1.065s] -- Up-to-date: /home/dotamy/project-name/src/install/my_msg/lib/python3.12/site-packages/my_msg/_my_msg_s.ep.rosidl_typesupport_introspection_c.c
[1.066s] -- Up-to-date: /home/dotamy/project-name/src/install/my_msg/lib/python3.12/site-packages/my_msg/msg
[1.066s] -- Up-to-date: /home/dotamy/project-name/src/install/my_msg/lib/python3.12/site-packages/my_msg/msg/__init__.py
[1.066s] -- Up-to-date: /home/dotamy/project-name/src/install/my_msg/lib/python3.12/site-packages/my_msg/msg/_a_s.c
[1.066s] -- Up-to-date: /home/dotamy/project-name/src/install/my_msg/lib/python3.12/site-packages/my_msg/msg/_a.py
[1.144s] Listing '/home/dotamy/project-name/src/install/my_msg/lib/python3.12/site-packages/my_msg'...
[1.144s] Listing '/home/dotamy/project-name/src/install/my_msg/lib/python3.12/site-packages/my_msg/msg'...
[1.153s] -- Up-to-date: /home/dotamy/project-name/src/install/my_msg/lib/python3.12/site-packages/my_msg/my_msg_s__rosidl_typesupport_fastrtps_c.so
[1.157s] -- Up-to-date: /home/dotamy/project-name/src/install/my_msg/lib/python3.12/site-packages/my_msg/my_msg_s__rosidl_typesupport_introspection_c.so
[1.159s] -- Up-to-date: /home/dotamy/project-name/src/install/my_msg/lib/python3.12/site-packages/my_msg/my_msg_s__rosidl_typesupport_c.so
[1.164s] -- Up-to-date: /home/dotamy/project-name/src/install/my_msg/lib/libmy_msg__rosidl_generator_py.so
[1.164s] -- Up-to-date: /home/dotamy/project-name/src/install/my_msg/share/my_msg/msg/A.idl
[1.165s] -- Up-to-date: /home/dotamy/project-name/src/install/my_msg/share/my_msg/msg/A.msg
[1.165s] -- Up-to-date: /home/dotamy/project-name/src/install/my_msg/share/ament_index/resource_index/package_run_dependencies/my_msg
[1.165s] -- Up-to-date: /home/dotamy/project-name/src/install/my_msg/share/ament_index/resource_index/parent_prefix_path/my_msg
[1.165s] -- Up-to-date: /home/dotamy/project-name/src/install/my_msg/share/my_msg/environment/ament_prefix_path.sh
[1.167s] -- Up-to-date: /home/dotamy/project-name/src/install/my_msg/share/my_msg/environment/ament_prefix_path.dsv
[1.168s] -- Up-to-date: /home/dotamy/project-name/src/install/my_msg/share/my_msg/environment/path.sh
[1.168s] -- Up-to-date: /home/dotamy/project-name/src/install/my_msg/share/my_msg/environment/path.dsv
[1.168s] -- Up-to-date: /home/dotamy/project-name/src/install/my_msg/share/my_msg/local_setup.bash
[1.168s] -- Up-to-date: /home/dotamy/project-name/src/install/my_msg/share/my_msg/local_setup.sh
[1.169s] -- Up-to-date: /home/dotamy/project-name/src/install/my_msg/share/my_msg/local_setup.zsh
[1.169s] -- Up-to-date: /home/dotamy/project-name/src/install/my_msg/share/my_msg/local_setup.dsv
[1.169s] -- Installing: /home/dotamy/project-name/src/install/my_msg/share/my_msg/package.dsv
[1.170s] -- Up-to-date: /home/dotamy/project-name/src/install/my_msg/share/ament_index/resource_index/packages/my_msg
[1.176s] -- Up-to-date: /home/dotamy/project-name/src/install/my_msg/share/my_msg/cmake/export_my_msg__rosidl_generator_cExport.cmake
[1.178s] -- Up-to-date: /home/dotamy/project-name/src/install/my_msg/share/my_msg/cmake/export_my_msg__rosidl_generator_cExport-noconfig.cmake
[1.182s] -- Up-to-date: /home/dotamy/project-name/src/install/my_msg/share/my_msg/cmake/export_my_msg__rosidl_typesupport_fastrtps_cExport.cmake
[1.183s] -- Up-to-date: /home/dotamy/project-name/src/install/my_msg/share/my_msg/cmake/export_my_msg__rosidl_typesupport_fastrtps_cExport-noconfig.cmake
[1.184s] -- Up-to-date: /home/dotamy/project-name/src/install/my_msg/share/my_msg/cmake/my_msg__rosidl_typesupport_introspection_cExport.cmake
[1.185s] -- Up-to-date: /home/dotamy/project-name/src/install/my_msg/share/my_msg/cmake/my_msg__rosidl_typesupport_introspection_cExport-noconfig.cmake
[1.187s] -- Up-to-date: /home/dotamy/project-name/src/install/my_msg/share/my_msg/cmake/my_msg__rosidl_typesupport_cExport.cmake
[1.188s] -- Up-to-date: /home/dotamy/project-name/src/install/my_msg/share/my_msg/cmake/my_msg__rosidl_typesupport_cExport-noconfig.cmake
[1.189s] -- Up-to-date: /home/dotamy/project-name/src/install/my_msg/share/my_msg/cmake/export_my_msg__rosidl_generator_cppExport.cmake
[1.191s] -- Up-to-date: /home/dotamy/project-name/src/install/my_msg/share/my_msg/cmake/export_my_msg__rosidl_typesupport_fastrtps_cppExport.cmake
[1.192s] -- Up-to-date: /home/dotamy/project-name/src/install/my_msg/share/my_msg/cmake/export_my_msg__rosidl_typesupport_fastrtps_cppExport-noconfig.cmake
[1.195s] -- Up-to-date: /home/dotamy/project-name/src/install/my_msg/share/my_msg/cmake/my_msg__rosidl_typesupport_introspection_cppExport.cmake
[1.195s] -- Up-to-date: /home/dotamy/project-name/src/install/my_msg/share/my_msg/cmake/my_msg__rosidl_typesupport_introspection_cppExport-noconfig.cmake
[1.197s] -- Up-to-date: /home/dotamy/project-name/src/install/my_msg/share/my_msg/cmake/my_msg__rosidl_typesupport_cppExport.cmake
[1.198s] -- Up-to-date: /home/dotamy/project-name/src/install/my_msg/share/my_msg/cmake/my_msg__rosidl_typesupport_cppExport-noconfig.cmake
[1.200s] -- Up-to-date: /home/dotamy/project-name/src/install/my_msg/share/my_msg/cmake/export_my_msg__rosidl_generator_pyExport.cmake
[1.201s] -- Up-to-date: /home/dotamy/project-name/src/install/my_msg/share/my_msg/cmake/export_my_msg__rosidl_generator_pyExport-noconfig.cmake
[1.201s] -- Up-to-date: /home/dotamy/project-name/src/install/my_msg/share/my_msg/cmake/rosidl_cmake-extras.cmake
[1.201s] -- Up-to-date: /home/dotamy/project-name/src/install/my_msg/share/my_msg/cmake/ament_cmake_export_dependencies-extras.cmake
[1.201s] -- Up-to-date: /home/dotamy/project-name/src/install/my_msg/share/my_msg/cmake/ament_cmake_export_include_directories-extras.cmake
[1.201s] -- Up-to-date: /home/dotamy/project-name/src/install/my_msg/share/my_msg/cmake/ament_cmake_export_libraries-extras.cmake
[1.201s] -- Up-to-date: /home/dotamy/project-name/src/install/my_msg/share/my_msg/cmake/ament_cmake_export_targets-extras.cmake
[1.202s] -- Up-to-date: /home/dotamy/project-name/src/install/my_msg/share/my_msg/cmake/rosidl_cmake_export_typesupport_targets-extras.cmake
[1.202s] -- Up-to-date: /home/dotamy/project-name/src/install/my_msg/share/my_msg/cmake/rosidl_cmake_export_typesupport_libraries-extras.cmake
[1.202s] -- Up-to-date: /home/dotamy/project-name/src/install/my_msg/share/my_msg/cmake/my_msgConfig.cmake
[1.202s] -- Up-to-date: /home/dotamy/project-name/src/install/my_msg/share/my_msg/cmake/my_msgConfig-version.cmake
[1.202s] -- Up-to-date: /home/dotamy/project-name/src/install/my_msg/share/my_msg/package.xml
[1.209s] Invoked command in '/home/dotamy/project-name/src/build/my_msg' returned '0': CMAKE_PREFIX_PATH=${CMAKE_PREFIX_PATH}:/opt/ros/jazzy /usr/bin/cmake --install /home/dotamy/project-name/src/build/my_msg
