running egg_info
creating ../build/topic_demo_py/topic_demo_py.egg-info
writing ../build/topic_demo_py/topic_demo_py.egg-info/PKG-INFO
writing dependency_links to ../build/topic_demo_py/topic_demo_py.egg-info/dependency_links.txt
writing requirements to ../build/topic_demo_py/topic_demo_py.egg-info/requires.txt
writing top-level names to ../build/topic_demo_py/topic_demo_py.egg-info/top_level.txt
writing manifest file '../build/topic_demo_py/topic_demo_py.egg-info/SOURCES.txt'
reading manifest file '../build/topic_demo_py/topic_demo_py.egg-info/SOURCES.txt'
adding license file 'LICENSE'
writing manifest file '../build/topic_demo_py/topic_demo_py.egg-info/SOURCES.txt'
running build
running build_py
creating /home/dotamy/project-name/src/build/topic_demo_py/build
creating /home/dotamy/project-name/src/build/topic_demo_py/build/lib
creating /home/dotamy/project-name/src/build/topic_demo_py/build/lib/topic_demo_py
copying topic_demo_py/__init__.py -> /home/dotamy/project-name/src/build/topic_demo_py/build/lib/topic_demo_py
copying topic_demo_py/subscriber.py -> /home/dotamy/project-name/src/build/topic_demo_py/build/lib/topic_demo_py
copying topic_demo_py/publisher.py -> /home/dotamy/project-name/src/build/topic_demo_py/build/lib/topic_demo_py
running install
running install_lib
creating /home/dotamy/project-name/src/install/topic_demo_py/lib/python3.12/site-packages/topic_demo_py
copying /home/dotamy/project-name/src/build/topic_demo_py/build/lib/topic_demo_py/__init__.py -> /home/dotamy/project-name/src/install/topic_demo_py/lib/python3.12/site-packages/topic_demo_py
copying /home/dotamy/project-name/src/build/topic_demo_py/build/lib/topic_demo_py/subscriber.py -> /home/dotamy/project-name/src/install/topic_demo_py/lib/python3.12/site-packages/topic_demo_py
copying /home/dotamy/project-name/src/build/topic_demo_py/build/lib/topic_demo_py/publisher.py -> /home/dotamy/project-name/src/install/topic_demo_py/lib/python3.12/site-packages/topic_demo_py
byte-compiling /home/dotamy/project-name/src/install/topic_demo_py/lib/python3.12/site-packages/topic_demo_py/__init__.py to __init__.cpython-312.pyc
byte-compiling /home/dotamy/project-name/src/install/topic_demo_py/lib/python3.12/site-packages/topic_demo_py/subscriber.py to subscriber.cpython-312.pyc
byte-compiling /home/dotamy/project-name/src/install/topic_demo_py/lib/python3.12/site-packages/topic_demo_py/publisher.py to publisher.cpython-312.pyc
running install_data
creating /home/dotamy/project-name/src/install/topic_demo_py/share/ament_index
creating /home/dotamy/project-name/src/install/topic_demo_py/share/ament_index/resource_index
creating /home/dotamy/project-name/src/install/topic_demo_py/share/ament_index/resource_index/packages
copying resource/topic_demo_py -> /home/dotamy/project-name/src/install/topic_demo_py/share/ament_index/resource_index/packages
copying package.xml -> /home/dotamy/project-name/src/install/topic_demo_py/share/topic_demo_py
running install_egg_info
Copying ../build/topic_demo_py/topic_demo_py.egg-info to /home/dotamy/project-name/src/install/topic_demo_py/lib/python3.12/site-packages/topic_demo_py-0.0.0-py3.12.egg-info
running install_scripts
writing list of installed files to '/home/dotamy/project-name/src/build/topic_demo_py/install.log'
