[0.034s] Invoking command in '/home/dotamy/project-name/src/build/my_msg': CMAKE_PREFIX_PATH=${CMAKE_PREFIX_PATH}:/opt/ros/jazzy /usr/bin/cmake --build /home/dotamy/project-name/src/build/my_msg -- -j8 -l8
[0.192s] [  2%] Built target my_msg__rosidl_generator_type_description
[0.219s] [  2%] Built target ament_cmake_python_copy_my_msg
[0.252s] [ 20%] Built target my_msg__rosidl_generator_c
[0.252s] [ 20%] Built target my_msg__cpp
[0.317s] [ 29%] Built target my_msg__rosidl_typesupport_cpp
[0.317s] [ 41%] Built target my_msg__rosidl_typesupport_introspection_cpp
[0.318s] [ 47%] Built target my_msg__rosidl_typesupport_fastrtps_c
[0.320s] [ 55%] Built target my_msg__rosidl_typesupport_introspection_c
[0.321s] [ 64%] Built target my_msg__rosidl_typesupport_fastrtps_cpp
[0.330s] [ 73%] Built target my_msg__rosidl_typesupport_c
[0.391s] [ 73%] Built target my_msg
[0.458s] [ 76%] Built target my_msg__py
[0.526s] [ 82%] Built target my_msg__rosidl_generator_py
[0.589s] [ 88%] Built target my_msg_s__rosidl_typesupport_fastrtps_c
[0.590s] [ 94%] Built target my_msg_s__rosidl_typesupport_introspection_c
[0.590s] [100%] Built target my_msg_s__rosidl_typesupport_c
[0.668s] running egg_info
[0.708s] writing my_msg.egg-info/PKG-INFO
[0.708s] writing dependency_links to my_msg.egg-info/dependency_links.txt
[0.709s] writing top-level names to my_msg.egg-info/top_level.txt
[0.829s] reading manifest file 'my_msg.egg-info/SOURCES.txt'
[0.830s] writing manifest file 'my_msg.egg-info/SOURCES.txt'
[0.906s] [100%] Built target ament_cmake_python_build_my_msg_egg
[0.941s] Invoked command in '/home/dotamy/project-name/src/build/my_msg' returned '0': CMAKE_PREFIX_PATH=${CMAKE_PREFIX_PATH}:/opt/ros/jazzy /usr/bin/cmake --build /home/dotamy/project-name/src/build/my_msg -- -j8 -l8
[0.966s] Invoking command in '/home/dotamy/project-name/src/build/my_msg': CMAKE_PREFIX_PATH=${CMAKE_PREFIX_PATH}:/opt/ros/jazzy /usr/bin/cmake --install /home/dotamy/project-name/src/build/my_msg
[0.988s] -- Install configuration: ""
[0.989s] -- Up-to-date: /home/dotamy/project-name/src/install/my_msg/share/ament_index/resource_index/rosidl_interfaces/my_msg
[0.989s] -- Up-to-date: /home/dotamy/project-name/src/install/my_msg/share/my_msg/msg/A.json
[0.989s] -- Up-to-date: /home/dotamy/project-name/src/install/my_msg/include/my_msg/my_msg
[0.989s] -- Up-to-date: /home/dotamy/project-name/src/install/my_msg/include/my_msg/my_msg/msg
[0.989s] -- Up-to-date: /home/dotamy/project-name/src/install/my_msg/include/my_msg/my_msg/msg/a.h
[0.990s] -- Up-to-date: /home/dotamy/project-name/src/install/my_msg/include/my_msg/my_msg/msg/detail
[0.990s] -- Up-to-date: /home/dotamy/project-name/src/install/my_msg/include/my_msg/my_msg/msg/detail/a__struct.h
[0.990s] -- Up-to-date: /home/dotamy/project-name/src/install/my_msg/include/my_msg/my_msg/msg/detail/a__functions.h
[0.990s] -- Up-to-date: /home/dotamy/project-name/src/install/my_msg/include/my_msg/my_msg/msg/detail/a__functions.c
[0.990s] -- Up-to-date: /home/dotamy/project-name/src/install/my_msg/include/my_msg/my_msg/msg/detail/a__description.c
[0.991s] -- Up-to-date: /home/dotamy/project-name/src/install/my_msg/include/my_msg/my_msg/msg/detail/a__type_support.h
[0.991s] -- Up-to-date: /home/dotamy/project-name/src/install/my_msg/include/my_msg/my_msg/msg/detail/a__type_support.c
[0.991s] -- Up-to-date: /home/dotamy/project-name/src/install/my_msg/include/my_msg/my_msg/msg/rosidl_generator_c__visibility_control.h
[0.991s] -- Up-to-date: /home/dotamy/project-name/src/install/my_msg/share/my_msg/environment/library_path.sh
[0.991s] -- Up-to-date: /home/dotamy/project-name/src/install/my_msg/share/my_msg/environment/library_path.dsv
[0.992s] -- Up-to-date: /home/dotamy/project-name/src/install/my_msg/lib/libmy_msg__rosidl_generator_c.so
[0.992s] -- Up-to-date: /home/dotamy/project-name/src/install/my_msg/include/my_msg/my_msg
[0.992s] -- Up-to-date: /home/dotamy/project-name/src/install/my_msg/include/my_msg/my_msg/msg
[0.993s] -- Up-to-date: /home/dotamy/project-name/src/install/my_msg/include/my_msg/my_msg/msg/rosidl_typesupport_fastrtps_c__visibility_control.h
[0.993s] -- Up-to-date: /home/dotamy/project-name/src/install/my_msg/include/my_msg/my_msg/msg/detail
[0.993s] -- Up-to-date: /home/dotamy/project-name/src/install/my_msg/include/my_msg/my_msg/msg/detail/a__rosidl_typesupport_fastrtps_c.h
[0.993s] -- Up-to-date: /home/dotamy/project-name/src/install/my_msg/lib/libmy_msg__rosidl_typesupport_fastrtps_c.so
[0.993s] -- Up-to-date: /home/dotamy/project-name/src/install/my_msg/include/my_msg/my_msg
[0.994s] -- Up-to-date: /home/dotamy/project-name/src/install/my_msg/include/my_msg/my_msg/msg
[0.994s] -- Up-to-date: /home/dotamy/project-name/src/install/my_msg/include/my_msg/my_msg/msg/rosidl_typesupport_introspection_c__visibility_control.h
[0.994s] -- Up-to-date: /home/dotamy/project-name/src/install/my_msg/include/my_msg/my_msg/msg/detail
[0.994s] -- Up-to-date: /home/dotamy/project-name/src/install/my_msg/include/my_msg/my_msg/msg/detail/a__rosidl_typesupport_introspection_c.h
[0.995s] -- Up-to-date: /home/dotamy/project-name/src/install/my_msg/include/my_msg/my_msg/msg/detail/a__type_support.c
[0.995s] -- Up-to-date: /home/dotamy/project-name/src/install/my_msg/lib/libmy_msg__rosidl_typesupport_introspection_c.so
[0.995s] -- Up-to-date: /home/dotamy/project-name/src/install/my_msg/lib/libmy_msg__rosidl_typesupport_c.so
[0.995s] -- Up-to-date: /home/dotamy/project-name/src/install/my_msg/include/my_msg/my_msg
[0.995s] -- Up-to-date: /home/dotamy/project-name/src/install/my_msg/include/my_msg/my_msg/msg
[0.996s] -- Up-to-date: /home/dotamy/project-name/src/install/my_msg/include/my_msg/my_msg/msg/a.hpp
[0.996s] -- Up-to-date: /home/dotamy/project-name/src/install/my_msg/include/my_msg/my_msg/msg/detail
[0.996s] -- Up-to-date: /home/dotamy/project-name/src/install/my_msg/include/my_msg/my_msg/msg/detail/a__builder.hpp
[0.996s] -- Up-to-date: /home/dotamy/project-name/src/install/my_msg/include/my_msg/my_msg/msg/detail/a__type_support.hpp
[0.997s] -- Up-to-date: /home/dotamy/project-name/src/install/my_msg/include/my_msg/my_msg/msg/detail/a__traits.hpp
[0.997s] -- Up-to-date: /home/dotamy/project-name/src/install/my_msg/include/my_msg/my_msg/msg/detail/a__struct.hpp
[0.997s] -- Up-to-date: /home/dotamy/project-name/src/install/my_msg/include/my_msg/my_msg/msg/rosidl_generator_cpp__visibility_control.hpp
[0.998s] -- Up-to-date: /home/dotamy/project-name/src/install/my_msg/include/my_msg/my_msg
[0.998s] -- Up-to-date: /home/dotamy/project-name/src/install/my_msg/include/my_msg/my_msg/msg
[0.998s] -- Up-to-date: /home/dotamy/project-name/src/install/my_msg/include/my_msg/my_msg/msg/rosidl_typesupport_fastrtps_cpp__visibility_control.h
[0.998s] -- Up-to-date: /home/dotamy/project-name/src/install/my_msg/include/my_msg/my_msg/msg/detail
[0.998s] -- Up-to-date: /home/dotamy/project-name/src/install/my_msg/include/my_msg/my_msg/msg/detail/dds_fastrtps
[0.998s] -- Up-to-date: /home/dotamy/project-name/src/install/my_msg/include/my_msg/my_msg/msg/detail/a__rosidl_typesupport_fastrtps_cpp.hpp
[0.999s] -- Up-to-date: /home/dotamy/project-name/src/install/my_msg/lib/libmy_msg__rosidl_typesupport_fastrtps_cpp.so
[0.999s] -- Up-to-date: /home/dotamy/project-name/src/install/my_msg/include/my_msg/my_msg
[0.999s] -- Up-to-date: /home/dotamy/project-name/src/install/my_msg/include/my_msg/my_msg/msg
[0.999s] -- Up-to-date: /home/dotamy/project-name/src/install/my_msg/include/my_msg/my_msg/msg/detail
[1.000s] -- Up-to-date: /home/dotamy/project-name/src/install/my_msg/include/my_msg/my_msg/msg/detail/a__rosidl_typesupport_introspection_cpp.hpp
[1.000s] -- Up-to-date: /home/dotamy/project-name/src/install/my_msg/include/my_msg/my_msg/msg/detail/a__type_support.cpp
[1.000s] -- Up-to-date: /home/dotamy/project-name/src/install/my_msg/lib/libmy_msg__rosidl_typesupport_introspection_cpp.so
[1.000s] -- Up-to-date: /home/dotamy/project-name/src/install/my_msg/lib/libmy_msg__rosidl_typesupport_cpp.so
[1.000s] -- Up-to-date: /home/dotamy/project-name/src/install/my_msg/share/my_msg/environment/pythonpath.sh
[1.000s] -- Up-to-date: /home/dotamy/project-name/src/install/my_msg/share/my_msg/environment/pythonpath.dsv
[1.001s] -- Up-to-date: /home/dotamy/project-name/src/install/my_msg/lib/python3.12/site-packages/my_msg-0.0.0-py3.12.egg-info
[1.001s] -- Installing: /home/dotamy/project-name/src/install/my_msg/lib/python3.12/site-packages/my_msg-0.0.0-py3.12.egg-info/dependency_links.txt
[1.001s] -- Installing: /home/dotamy/project-name/src/install/my_msg/lib/python3.12/site-packages/my_msg-0.0.0-py3.12.egg-info/SOURCES.txt
[1.001s] -- Installing: /home/dotamy/project-name/src/install/my_msg/lib/python3.12/site-packages/my_msg-0.0.0-py3.12.egg-info/PKG-INFO
[1.001s] -- Installing: /home/dotamy/project-name/src/install/my_msg/lib/python3.12/site-packages/my_msg-0.0.0-py3.12.egg-info/top_level.txt
[1.002s] -- Up-to-date: /home/dotamy/project-name/src/install/my_msg/lib/python3.12/site-packages/my_msg
[1.002s] -- Up-to-date: /home/dotamy/project-name/src/install/my_msg/lib/python3.12/site-packages/my_msg/_my_msg_s.ep.rosidl_typesupport_fastrtps_c.c
[1.002s] -- Up-to-date: /home/dotamy/project-name/src/install/my_msg/lib/python3.12/site-packages/my_msg/my_msg_s__rosidl_typesupport_fastrtps_c.so
[1.002s] -- Up-to-date: /home/dotamy/project-name/src/install/my_msg/lib/python3.12/site-packages/my_msg/__init__.py
[1.002s] -- Up-to-date: /home/dotamy/project-name/src/install/my_msg/lib/python3.12/site-packages/my_msg/_my_msg_s.ep.rosidl_typesupport_c.c
[1.003s] -- Up-to-date: /home/dotamy/project-name/src/install/my_msg/lib/python3.12/site-packages/my_msg/my_msg_s__rosidl_typesupport_introspection_c.so
[1.003s] -- Up-to-date: /home/dotamy/project-name/src/install/my_msg/lib/python3.12/site-packages/my_msg/my_msg_s__rosidl_typesupport_c.so
[1.003s] -- Up-to-date: /home/dotamy/project-name/src/install/my_msg/lib/python3.12/site-packages/my_msg/_my_msg_s.ep.rosidl_typesupport_introspection_c.c
[1.003s] -- Up-to-date: /home/dotamy/project-name/src/install/my_msg/lib/python3.12/site-packages/my_msg/msg
[1.004s] -- Up-to-date: /home/dotamy/project-name/src/install/my_msg/lib/python3.12/site-packages/my_msg/msg/__init__.py
[1.004s] -- Up-to-date: /home/dotamy/project-name/src/install/my_msg/lib/python3.12/site-packages/my_msg/msg/_a_s.c
[1.004s] -- Up-to-date: /home/dotamy/project-name/src/install/my_msg/lib/python3.12/site-packages/my_msg/msg/_a.py
[1.073s] Listing '/home/dotamy/project-name/src/install/my_msg/lib/python3.12/site-packages/my_msg'...
[1.073s] Listing '/home/dotamy/project-name/src/install/my_msg/lib/python3.12/site-packages/my_msg/msg'...
[1.084s] -- Up-to-date: /home/dotamy/project-name/src/install/my_msg/lib/python3.12/site-packages/my_msg/my_msg_s__rosidl_typesupport_fastrtps_c.so
[1.086s] -- Up-to-date: /home/dotamy/project-name/src/install/my_msg/lib/python3.12/site-packages/my_msg/my_msg_s__rosidl_typesupport_introspection_c.so
[1.089s] -- Up-to-date: /home/dotamy/project-name/src/install/my_msg/lib/python3.12/site-packages/my_msg/my_msg_s__rosidl_typesupport_c.so
[1.091s] -- Up-to-date: /home/dotamy/project-name/src/install/my_msg/lib/libmy_msg__rosidl_generator_py.so
[1.093s] -- Up-to-date: /home/dotamy/project-name/src/install/my_msg/share/my_msg/msg/A.idl
[1.094s] -- Up-to-date: /home/dotamy/project-name/src/install/my_msg/share/my_msg/msg/A.msg
[1.094s] -- Up-to-date: /home/dotamy/project-name/src/install/my_msg/share/ament_index/resource_index/package_run_dependencies/my_msg
[1.094s] -- Up-to-date: /home/dotamy/project-name/src/install/my_msg/share/ament_index/resource_index/parent_prefix_path/my_msg
[1.095s] -- Up-to-date: /home/dotamy/project-name/src/install/my_msg/share/my_msg/environment/ament_prefix_path.sh
[1.095s] -- Up-to-date: /home/dotamy/project-name/src/install/my_msg/share/my_msg/environment/ament_prefix_path.dsv
[1.095s] -- Up-to-date: /home/dotamy/project-name/src/install/my_msg/share/my_msg/environment/path.sh
[1.095s] -- Up-to-date: /home/dotamy/project-name/src/install/my_msg/share/my_msg/environment/path.dsv
[1.096s] -- Up-to-date: /home/dotamy/project-name/src/install/my_msg/share/my_msg/local_setup.bash
[1.097s] -- Up-to-date: /home/dotamy/project-name/src/install/my_msg/share/my_msg/local_setup.sh
[1.097s] -- Up-to-date: /home/dotamy/project-name/src/install/my_msg/share/my_msg/local_setup.zsh
[1.097s] -- Up-to-date: /home/dotamy/project-name/src/install/my_msg/share/my_msg/local_setup.dsv
[1.097s] -- Installing: /home/dotamy/project-name/src/install/my_msg/share/my_msg/package.dsv
[1.098s] -- Up-to-date: /home/dotamy/project-name/src/install/my_msg/share/ament_index/resource_index/packages/my_msg
[1.099s] -- Up-to-date: /home/dotamy/project-name/src/install/my_msg/share/my_msg/cmake/export_my_msg__rosidl_generator_cExport.cmake
[1.106s] -- Up-to-date: /home/dotamy/project-name/src/install/my_msg/share/my_msg/cmake/export_my_msg__rosidl_generator_cExport-noconfig.cmake
[1.107s] -- Up-to-date: /home/dotamy/project-name/src/install/my_msg/share/my_msg/cmake/export_my_msg__rosidl_typesupport_fastrtps_cExport.cmake
[1.107s] -- Up-to-date: /home/dotamy/project-name/src/install/my_msg/share/my_msg/cmake/export_my_msg__rosidl_typesupport_fastrtps_cExport-noconfig.cmake
[1.107s] -- Up-to-date: /home/dotamy/project-name/src/install/my_msg/share/my_msg/cmake/my_msg__rosidl_typesupport_introspection_cExport.cmake
[1.107s] -- Up-to-date: /home/dotamy/project-name/src/install/my_msg/share/my_msg/cmake/my_msg__rosidl_typesupport_introspection_cExport-noconfig.cmake
[1.107s] -- Up-to-date: /home/dotamy/project-name/src/install/my_msg/share/my_msg/cmake/my_msg__rosidl_typesupport_cExport.cmake
[1.107s] -- Up-to-date: /home/dotamy/project-name/src/install/my_msg/share/my_msg/cmake/my_msg__rosidl_typesupport_cExport-noconfig.cmake
[1.107s] -- Up-to-date: /home/dotamy/project-name/src/install/my_msg/share/my_msg/cmake/export_my_msg__rosidl_generator_cppExport.cmake
[1.108s] -- Up-to-date: /home/dotamy/project-name/src/install/my_msg/share/my_msg/cmake/export_my_msg__rosidl_typesupport_fastrtps_cppExport.cmake
[1.108s] -- Up-to-date: /home/dotamy/project-name/src/install/my_msg/share/my_msg/cmake/export_my_msg__rosidl_typesupport_fastrtps_cppExport-noconfig.cmake
[1.111s] -- Up-to-date: /home/dotamy/project-name/src/install/my_msg/share/my_msg/cmake/my_msg__rosidl_typesupport_introspection_cppExport.cmake
[1.111s] -- Up-to-date: /home/dotamy/project-name/src/install/my_msg/share/my_msg/cmake/my_msg__rosidl_typesupport_introspection_cppExport-noconfig.cmake
[1.111s] -- Up-to-date: /home/dotamy/project-name/src/install/my_msg/share/my_msg/cmake/my_msg__rosidl_typesupport_cppExport.cmake
[1.111s] -- Up-to-date: /home/dotamy/project-name/src/install/my_msg/share/my_msg/cmake/my_msg__rosidl_typesupport_cppExport-noconfig.cmake
[1.112s] -- Up-to-date: /home/dotamy/project-name/src/install/my_msg/share/my_msg/cmake/export_my_msg__rosidl_generator_pyExport.cmake
[1.112s] -- Up-to-date: /home/dotamy/project-name/src/install/my_msg/share/my_msg/cmake/export_my_msg__rosidl_generator_pyExport-noconfig.cmake
[1.112s] -- Up-to-date: /home/dotamy/project-name/src/install/my_msg/share/my_msg/cmake/rosidl_cmake-extras.cmake
[1.114s] -- Up-to-date: /home/dotamy/project-name/src/install/my_msg/share/my_msg/cmake/ament_cmake_export_dependencies-extras.cmake
[1.114s] -- Up-to-date: /home/dotamy/project-name/src/install/my_msg/share/my_msg/cmake/ament_cmake_export_include_directories-extras.cmake
[1.114s] -- Up-to-date: /home/dotamy/project-name/src/install/my_msg/share/my_msg/cmake/ament_cmake_export_libraries-extras.cmake
[1.114s] -- Up-to-date: /home/dotamy/project-name/src/install/my_msg/share/my_msg/cmake/ament_cmake_export_targets-extras.cmake
[1.114s] -- Up-to-date: /home/dotamy/project-name/src/install/my_msg/share/my_msg/cmake/rosidl_cmake_export_typesupport_targets-extras.cmake
[1.114s] -- Up-to-date: /home/dotamy/project-name/src/install/my_msg/share/my_msg/cmake/rosidl_cmake_export_typesupport_libraries-extras.cmake
[1.114s] -- Up-to-date: /home/dotamy/project-name/src/install/my_msg/share/my_msg/cmake/my_msgConfig.cmake
[1.115s] -- Up-to-date: /home/dotamy/project-name/src/install/my_msg/share/my_msg/cmake/my_msgConfig-version.cmake
[1.115s] -- Up-to-date: /home/dotamy/project-name/src/install/my_msg/share/my_msg/package.xml
[1.130s] Invoked command in '/home/dotamy/project-name/src/build/my_msg' returned '0': CMAKE_PREFIX_PATH=${CMAKE_PREFIX_PATH}:/opt/ros/jazzy /usr/bin/cmake --install /home/dotamy/project-name/src/build/my_msg
