[0.502s] DEBUG:colcon:Command line arguments: ['/usr/bin/colcon', 'build', '--packages-select', 'topic_demo_cpp']
[0.502s] DEBUG:colcon:Parsed command line arguments: Namespace(log_base=None, log_level=None, verb_name='build', build_base='build', install_base='install', merge_install=False, symlink_install=False, test_result_base=None, continue_on_error=False, executor='parallel', parallel_workers=8, event_handlers=None, ignore_user_meta=False, metas=['./colcon.meta'], base_paths=['.'], packages_ignore=None, packages_ignore_regex=None, paths=None, packages_up_to=None, packages_up_to_regex=None, packages_above=None, packages_above_and_dependencies=None, packages_above_depth=None, packages_select_by_dep=None, packages_skip_by_dep=None, packages_skip_up_to=None, packages_select_build_failed=False, packages_skip_build_finished=False, packages_select_test_failures=False, packages_skip_test_passed=False, packages_select=['topic_demo_cpp'], packages_skip=None, packages_select_regex=None, packages_skip_regex=None, packages_start=None, packages_end=None, allow_overriding=[], cmake_args=None, cmake_target=None, cmake_target_skip_unavailable=False, cmake_clean_cache=False, cmake_clean_first=False, cmake_force_configure=False, ament_cmake_args=None, catkin_cmake_args=None, catkin_skip_building_tests=False, verb_parser=<colcon_defaults.argument_parser.defaults.DefaultArgumentsDecorator object at 0x712c98e90f50>, verb_extension=<colcon_core.verb.build.BuildVerb object at 0x712c98e07920>, main=<bound method BuildVerb.main of <colcon_core.verb.build.BuildVerb object at 0x712c98e07920>>)
[0.726s] Level 1:colcon.colcon_core.package_discovery:discover_packages(colcon_meta) check parameters
[0.727s] Level 1:colcon.colcon_core.package_discovery:discover_packages(recursive) check parameters
[0.727s] Level 1:colcon.colcon_core.package_discovery:discover_packages(ignore) check parameters
[0.727s] Level 1:colcon.colcon_core.package_discovery:discover_packages(path) check parameters
[0.727s] Level 1:colcon.colcon_core.package_discovery:discover_packages(colcon_meta) discover
[0.728s] Level 1:colcon.colcon_core.package_discovery:discover_packages(recursive) discover
[0.728s] INFO:colcon.colcon_core.package_discovery:Crawling recursively for packages in '/home/dotamy/project-name/src'
[0.729s] Level 1:colcon.colcon_core.package_identification:_identify(.) by extensions ['ignore', 'ignore_ament_install']
[0.729s] Level 1:colcon.colcon_core.package_identification:_identify(.) by extension 'ignore'
[0.729s] Level 1:colcon.colcon_core.package_identification:_identify(.) by extension 'ignore_ament_install'
[0.730s] Level 1:colcon.colcon_core.package_identification:_identify(.) by extensions ['colcon_pkg']
[0.730s] Level 1:colcon.colcon_core.package_identification:_identify(.) by extension 'colcon_pkg'
[0.730s] Level 1:colcon.colcon_core.package_identification:_identify(.) by extensions ['colcon_meta']
[0.730s] Level 1:colcon.colcon_core.package_identification:_identify(.) by extension 'colcon_meta'
[0.731s] Level 1:colcon.colcon_core.package_identification:_identify(.) by extensions ['ros']
[0.731s] Level 1:colcon.colcon_core.package_identification:_identify(.) by extension 'ros'
[0.820s] Level 1:colcon.colcon_core.package_identification:_identify(.) by extensions ['cmake', 'python']
[0.820s] Level 1:colcon.colcon_core.package_identification:_identify(.) by extension 'cmake'
[0.821s] Level 1:colcon.colcon_core.package_identification:_identify(.) by extension 'python'
[0.821s] Level 1:colcon.colcon_core.package_identification:_identify(.) by extensions ['python_setup_py']
[0.821s] Level 1:colcon.colcon_core.package_identification:_identify(.) by extension 'python_setup_py'
[0.822s] Level 1:colcon.colcon_core.package_identification:_identify(build) by extensions ['ignore', 'ignore_ament_install']
[0.822s] Level 1:colcon.colcon_core.package_identification:_identify(build) by extension 'ignore'
[0.823s] Level 1:colcon.colcon_core.package_identification:_identify(build) ignored
[0.823s] Level 1:colcon.colcon_core.package_identification:_identify(cpp_node_demo) by extensions ['ignore', 'ignore_ament_install']
[0.824s] Level 1:colcon.colcon_core.package_identification:_identify(cpp_node_demo) by extension 'ignore'
[0.824s] Level 1:colcon.colcon_core.package_identification:_identify(cpp_node_demo) by extension 'ignore_ament_install'
[0.824s] Level 1:colcon.colcon_core.package_identification:_identify(cpp_node_demo) by extensions ['colcon_pkg']
[0.825s] Level 1:colcon.colcon_core.package_identification:_identify(cpp_node_demo) by extension 'colcon_pkg'
[0.825s] Level 1:colcon.colcon_core.package_identification:_identify(cpp_node_demo) by extensions ['colcon_meta']
[0.825s] Level 1:colcon.colcon_core.package_identification:_identify(cpp_node_demo) by extension 'colcon_meta'
[0.825s] Level 1:colcon.colcon_core.package_identification:_identify(cpp_node_demo) by extensions ['ros']
[0.826s] Level 1:colcon.colcon_core.package_identification:_identify(cpp_node_demo) by extension 'ros'
[0.835s] DEBUG:colcon.colcon_core.package_identification:Package 'cpp_node_demo' with type 'ros.ament_cmake' and name 'cpp_node_demo'
[0.836s] Level 1:colcon.colcon_core.package_identification:_identify(install) by extensions ['ignore', 'ignore_ament_install']
[0.836s] Level 1:colcon.colcon_core.package_identification:_identify(install) by extension 'ignore'
[0.837s] Level 1:colcon.colcon_core.package_identification:_identify(install) ignored
[0.837s] Level 1:colcon.colcon_core.package_identification:_identify(log) by extensions ['ignore', 'ignore_ament_install']
[0.838s] Level 1:colcon.colcon_core.package_identification:_identify(log) by extension 'ignore'
[0.838s] Level 1:colcon.colcon_core.package_identification:_identify(log) ignored
[0.839s] Level 1:colcon.colcon_core.package_identification:_identify(py_node_demo) by extensions ['ignore', 'ignore_ament_install']
[0.839s] Level 1:colcon.colcon_core.package_identification:_identify(py_node_demo) by extension 'ignore'
[0.839s] Level 1:colcon.colcon_core.package_identification:_identify(py_node_demo) by extension 'ignore_ament_install'
[0.840s] Level 1:colcon.colcon_core.package_identification:_identify(py_node_demo) by extensions ['colcon_pkg']
[0.840s] Level 1:colcon.colcon_core.package_identification:_identify(py_node_demo) by extension 'colcon_pkg'
[0.840s] Level 1:colcon.colcon_core.package_identification:_identify(py_node_demo) by extensions ['colcon_meta']
[0.840s] Level 1:colcon.colcon_core.package_identification:_identify(py_node_demo) by extension 'colcon_meta'
[0.841s] Level 1:colcon.colcon_core.package_identification:_identify(py_node_demo) by extensions ['ros']
[0.841s] Level 1:colcon.colcon_core.package_identification:_identify(py_node_demo) by extension 'ros'
[0.843s] DEBUG:colcon.colcon_core.package_identification:Package 'py_node_demo' with type 'ros.ament_python' and name 'py_node_demo'
[0.843s] Level 1:colcon.colcon_core.package_identification:_identify(topic_demo_cpp) by extensions ['ignore', 'ignore_ament_install']
[0.844s] Level 1:colcon.colcon_core.package_identification:_identify(topic_demo_cpp) by extension 'ignore'
[0.844s] Level 1:colcon.colcon_core.package_identification:_identify(topic_demo_cpp) by extension 'ignore_ament_install'
[0.844s] Level 1:colcon.colcon_core.package_identification:_identify(topic_demo_cpp) by extensions ['colcon_pkg']
[0.844s] Level 1:colcon.colcon_core.package_identification:_identify(topic_demo_cpp) by extension 'colcon_pkg'
[0.845s] Level 1:colcon.colcon_core.package_identification:_identify(topic_demo_cpp) by extensions ['colcon_meta']
[0.845s] Level 1:colcon.colcon_core.package_identification:_identify(topic_demo_cpp) by extension 'colcon_meta'
[0.845s] Level 1:colcon.colcon_core.package_identification:_identify(topic_demo_cpp) by extensions ['ros']
[0.846s] Level 1:colcon.colcon_core.package_identification:_identify(topic_demo_cpp) by extension 'ros'
[0.847s] DEBUG:colcon.colcon_core.package_identification:Package 'topic_demo_cpp' with type 'ros.ament_cmake' and name 'topic_demo_cpp'
[0.848s] Level 1:colcon.colcon_core.package_discovery:discover_packages(recursive) using defaults
[0.848s] Level 1:colcon.colcon_core.package_discovery:discover_packages(ignore) discover
[0.848s] Level 1:colcon.colcon_core.package_discovery:discover_packages(ignore) using defaults
[0.848s] Level 1:colcon.colcon_core.package_discovery:discover_packages(path) discover
[0.849s] Level 1:colcon.colcon_core.package_discovery:discover_packages(path) using defaults
[0.916s] INFO:colcon.colcon_core.package_selection:Skipping not selected package 'cpp_node_demo' in 'cpp_node_demo'
[0.917s] INFO:colcon.colcon_core.package_selection:Skipping not selected package 'py_node_demo' in 'py_node_demo'
[0.919s] Level 1:colcon.colcon_core.package_discovery:discover_packages(prefix_path) check parameters
[0.920s] Level 1:colcon.colcon_core.package_discovery:discover_packages(prefix_path) discover
[0.931s] DEBUG:colcon.colcon_installed_package_information.package_discovery:Found 2 installed packages in /home/dotamy/project-name/src/install
[0.943s] DEBUG:colcon.colcon_installed_package_information.package_discovery:Found 285 installed packages in /opt/ros/jazzy
[0.947s] Level 1:colcon.colcon_core.package_discovery:discover_packages(prefix_path) using defaults
[1.185s] Level 5:colcon.colcon_core.verb:set package 'topic_demo_cpp' build argument 'cmake_args' from command line to 'None'
[1.185s] Level 5:colcon.colcon_core.verb:set package 'topic_demo_cpp' build argument 'cmake_target' from command line to 'None'
[1.186s] Level 5:colcon.colcon_core.verb:set package 'topic_demo_cpp' build argument 'cmake_target_skip_unavailable' from command line to 'False'
[1.186s] Level 5:colcon.colcon_core.verb:set package 'topic_demo_cpp' build argument 'cmake_clean_cache' from command line to 'False'
[1.186s] Level 5:colcon.colcon_core.verb:set package 'topic_demo_cpp' build argument 'cmake_clean_first' from command line to 'False'
[1.186s] Level 5:colcon.colcon_core.verb:set package 'topic_demo_cpp' build argument 'cmake_force_configure' from command line to 'False'
[1.187s] Level 5:colcon.colcon_core.verb:set package 'topic_demo_cpp' build argument 'ament_cmake_args' from command line to 'None'
[1.187s] Level 5:colcon.colcon_core.verb:set package 'topic_demo_cpp' build argument 'catkin_cmake_args' from command line to 'None'
[1.187s] Level 5:colcon.colcon_core.verb:set package 'topic_demo_cpp' build argument 'catkin_skip_building_tests' from command line to 'False'
[1.187s] DEBUG:colcon.colcon_core.verb:Building package 'topic_demo_cpp' with the following arguments: {'ament_cmake_args': None, 'build_base': '/home/dotamy/project-name/src/build/topic_demo_cpp', 'catkin_cmake_args': None, 'catkin_skip_building_tests': False, 'cmake_args': None, 'cmake_clean_cache': False, 'cmake_clean_first': False, 'cmake_force_configure': False, 'cmake_target': None, 'cmake_target_skip_unavailable': False, 'install_base': '/home/dotamy/project-name/src/install/topic_demo_cpp', 'merge_install': False, 'path': '/home/dotamy/project-name/src/topic_demo_cpp', 'symlink_install': False, 'test_result_base': None}
[1.188s] INFO:colcon.colcon_core.executor:Executing jobs using 'parallel' executor
[1.193s] DEBUG:colcon.colcon_parallel_executor.executor.parallel:run_until_complete
[1.194s] INFO:colcon.colcon_ros.task.ament_cmake.build:Building ROS package in '/home/dotamy/project-name/src/topic_demo_cpp' with build type 'ament_cmake'
[1.194s] INFO:colcon.colcon_cmake.task.cmake.build:Building CMake package in '/home/dotamy/project-name/src/topic_demo_cpp'
[1.215s] INFO:colcon.colcon_core.plugin_system:Skipping extension 'colcon_core.shell.bat': Not used on non-Windows systems
[1.216s] INFO:colcon.colcon_core.shell:Skip shell extension 'powershell' for command environment: Not usable outside of PowerShell
[1.216s] DEBUG:colcon.colcon_core.shell:Skip shell extension 'dsv' for command environment
[1.272s] DEBUG:colcon.colcon_core.event_handler.log_command:Invoking command in '/home/dotamy/project-name/src/build/topic_demo_cpp': CMAKE_PREFIX_PATH=${CMAKE_PREFIX_PATH}:/opt/ros/jazzy /usr/bin/cmake --build /home/dotamy/project-name/src/build/topic_demo_cpp -- -j8 -l8
[31.968s] DEBUG:colcon.colcon_core.event_handler.log_command:Invoked command in '/home/dotamy/project-name/src/build/topic_demo_cpp' returned '0': CMAKE_PREFIX_PATH=${CMAKE_PREFIX_PATH}:/opt/ros/jazzy /usr/bin/cmake --build /home/dotamy/project-name/src/build/topic_demo_cpp -- -j8 -l8
[32.039s] DEBUG:colcon.colcon_core.event_handler.log_command:Invoking command in '/home/dotamy/project-name/src/build/topic_demo_cpp': CMAKE_PREFIX_PATH=${CMAKE_PREFIX_PATH}:/opt/ros/jazzy /usr/bin/cmake --install /home/dotamy/project-name/src/build/topic_demo_cpp
[32.189s] Level 1:colcon.colcon_core.environment:create_environment_scripts_only(topic_demo_cpp)
[32.193s] DEBUG:colcon.colcon_core.event_handler.log_command:Invoked command in '/home/dotamy/project-name/src/build/topic_demo_cpp' returned '0': CMAKE_PREFIX_PATH=${CMAKE_PREFIX_PATH}:/opt/ros/jazzy /usr/bin/cmake --install /home/dotamy/project-name/src/build/topic_demo_cpp
[32.217s] Level 1:colcon.colcon_core.environment:checking '/home/dotamy/project-name/src/install/topic_demo_cpp' for CMake module files
[32.220s] Level 1:colcon.colcon_core.environment:checking '/home/dotamy/project-name/src/install/topic_demo_cpp' for CMake config files
[32.222s] Level 1:colcon.colcon_core.shell:create_environment_hook('topic_demo_cpp', 'cmake_prefix_path')
[32.223s] INFO:colcon.colcon_core.shell:Creating environment hook '/home/dotamy/project-name/src/install/topic_demo_cpp/share/topic_demo_cpp/hook/cmake_prefix_path.ps1'
[32.226s] INFO:colcon.colcon_core.shell:Creating environment descriptor '/home/dotamy/project-name/src/install/topic_demo_cpp/share/topic_demo_cpp/hook/cmake_prefix_path.dsv'
[32.228s] INFO:colcon.colcon_core.shell:Creating environment hook '/home/dotamy/project-name/src/install/topic_demo_cpp/share/topic_demo_cpp/hook/cmake_prefix_path.sh'
[32.232s] Level 1:colcon.colcon_core.environment:checking '/home/dotamy/project-name/src/install/topic_demo_cpp/lib'
[32.232s] Level 1:colcon.colcon_core.environment:checking '/home/dotamy/project-name/src/install/topic_demo_cpp/bin'
[32.233s] Level 1:colcon.colcon_core.environment:checking '/home/dotamy/project-name/src/install/topic_demo_cpp/lib/pkgconfig/topic_demo_cpp.pc'
[32.234s] Level 1:colcon.colcon_core.environment:checking '/home/dotamy/project-name/src/install/topic_demo_cpp/lib/python3.12/site-packages'
[32.234s] Level 1:colcon.colcon_core.environment:checking '/home/dotamy/project-name/src/install/topic_demo_cpp/bin'
[32.235s] INFO:colcon.colcon_core.shell:Creating package script '/home/dotamy/project-name/src/install/topic_demo_cpp/share/topic_demo_cpp/package.ps1'
[32.238s] INFO:colcon.colcon_core.shell:Creating package descriptor '/home/dotamy/project-name/src/install/topic_demo_cpp/share/topic_demo_cpp/package.dsv'
[32.240s] INFO:colcon.colcon_core.shell:Creating package script '/home/dotamy/project-name/src/install/topic_demo_cpp/share/topic_demo_cpp/package.sh'
[32.243s] INFO:colcon.colcon_core.shell:Creating package script '/home/dotamy/project-name/src/install/topic_demo_cpp/share/topic_demo_cpp/package.bash'
[32.246s] INFO:colcon.colcon_core.shell:Creating package script '/home/dotamy/project-name/src/install/topic_demo_cpp/share/topic_demo_cpp/package.zsh'
[32.249s] Level 1:colcon.colcon_core.environment:create_file_with_runtime_dependencies(/home/dotamy/project-name/src/install/topic_demo_cpp/share/colcon-core/packages/topic_demo_cpp)
[32.252s] Level 1:colcon.colcon_core.environment:create_environment_scripts_only(topic_demo_cpp)
[32.252s] Level 1:colcon.colcon_core.environment:checking '/home/dotamy/project-name/src/install/topic_demo_cpp' for CMake module files
[32.256s] Level 1:colcon.colcon_core.environment:checking '/home/dotamy/project-name/src/install/topic_demo_cpp' for CMake config files
[32.258s] Level 1:colcon.colcon_core.shell:create_environment_hook('topic_demo_cpp', 'cmake_prefix_path')
[32.260s] INFO:colcon.colcon_core.shell:Creating environment hook '/home/dotamy/project-name/src/install/topic_demo_cpp/share/topic_demo_cpp/hook/cmake_prefix_path.ps1'
[32.262s] INFO:colcon.colcon_core.shell:Creating environment descriptor '/home/dotamy/project-name/src/install/topic_demo_cpp/share/topic_demo_cpp/hook/cmake_prefix_path.dsv'
[32.280s] INFO:colcon.colcon_core.shell:Creating environment hook '/home/dotamy/project-name/src/install/topic_demo_cpp/share/topic_demo_cpp/hook/cmake_prefix_path.sh'
[32.285s] Level 1:colcon.colcon_core.environment:checking '/home/dotamy/project-name/src/install/topic_demo_cpp/lib'
[32.286s] Level 1:colcon.colcon_core.environment:checking '/home/dotamy/project-name/src/install/topic_demo_cpp/bin'
[32.286s] Level 1:colcon.colcon_core.environment:checking '/home/dotamy/project-name/src/install/topic_demo_cpp/lib/pkgconfig/topic_demo_cpp.pc'
[32.287s] Level 1:colcon.colcon_core.environment:checking '/home/dotamy/project-name/src/install/topic_demo_cpp/lib/python3.12/site-packages'
[32.287s] Level 1:colcon.colcon_core.environment:checking '/home/dotamy/project-name/src/install/topic_demo_cpp/bin'
[32.288s] INFO:colcon.colcon_core.shell:Creating package script '/home/dotamy/project-name/src/install/topic_demo_cpp/share/topic_demo_cpp/package.ps1'
[32.290s] INFO:colcon.colcon_core.shell:Creating package descriptor '/home/dotamy/project-name/src/install/topic_demo_cpp/share/topic_demo_cpp/package.dsv'
[32.292s] INFO:colcon.colcon_core.shell:Creating package script '/home/dotamy/project-name/src/install/topic_demo_cpp/share/topic_demo_cpp/package.sh'
[32.294s] INFO:colcon.colcon_core.shell:Creating package script '/home/dotamy/project-name/src/install/topic_demo_cpp/share/topic_demo_cpp/package.bash'
[32.296s] INFO:colcon.colcon_core.shell:Creating package script '/home/dotamy/project-name/src/install/topic_demo_cpp/share/topic_demo_cpp/package.zsh'
[32.298s] Level 1:colcon.colcon_core.environment:create_file_with_runtime_dependencies(/home/dotamy/project-name/src/install/topic_demo_cpp/share/colcon-core/packages/topic_demo_cpp)
[32.299s] DEBUG:colcon.colcon_parallel_executor.executor.parallel:closing loop
[32.300s] DEBUG:colcon.colcon_parallel_executor.executor.parallel:loop closed
[32.300s] DEBUG:colcon.colcon_parallel_executor.executor.parallel:run_until_complete finished with '0'
[32.300s] DEBUG:colcon.colcon_core.event_reactor:joining thread
[32.341s] INFO:colcon.colcon_core.plugin_system:Skipping extension 'colcon_notification.desktop_notification.terminal_notifier': Not used on non-Darwin systems
[32.341s] INFO:colcon.colcon_core.plugin_system:Skipping extension 'colcon_notification.desktop_notification.win32': Not used on non-Windows systems
[32.342s] INFO:colcon.colcon_notification.desktop_notification:Sending desktop notification using 'notify2'
[32.353s] DEBUG:colcon.colcon_notification.desktop_notification.notify2:Failed to initialize notify2: org.freedesktop.DBus.Error.Spawn.ExecFailed: /usr/bin/dbus-launch terminated abnormally without any error message
[32.358s] DEBUG:colcon.colcon_core.event_reactor:joined thread
[32.364s] INFO:colcon.colcon_core.shell:Creating prefix script '/home/dotamy/project-name/src/install/local_setup.ps1'
[32.373s] INFO:colcon.colcon_core.shell:Creating prefix util module '/home/dotamy/project-name/src/install/_local_setup_util_ps1.py'
[32.377s] INFO:colcon.colcon_core.shell:Creating prefix chain script '/home/dotamy/project-name/src/install/setup.ps1'
[32.383s] INFO:colcon.colcon_core.shell:Creating prefix script '/home/dotamy/project-name/src/install/local_setup.sh'
[32.385s] INFO:colcon.colcon_core.shell:Creating prefix util module '/home/dotamy/project-name/src/install/_local_setup_util_sh.py'
[32.388s] INFO:colcon.colcon_core.shell:Creating prefix chain script '/home/dotamy/project-name/src/install/setup.sh'
[32.392s] INFO:colcon.colcon_core.shell:Creating prefix script '/home/dotamy/project-name/src/install/local_setup.bash'
[32.394s] INFO:colcon.colcon_core.shell:Creating prefix chain script '/home/dotamy/project-name/src/install/setup.bash'
[32.399s] INFO:colcon.colcon_core.shell:Creating prefix script '/home/dotamy/project-name/src/install/local_setup.zsh'
[32.401s] INFO:colcon.colcon_core.shell:Creating prefix chain script '/home/dotamy/project-name/src/install/setup.zsh'
