[ 25%] [32mBuilding CXX object CMakeFiles/pubnode.dir/src/publisher.cpp.o[0m
[ 75%] Built target subnode
In file included from [01m[K/opt/ros/jazzy/include/rclcpp/rclcpp/logging.hpp:24[m[K,
                 from [01m[K/opt/ros/jazzy/include/rclcpp/rclcpp/copy_all_parameter_values.hpp:27[m[K,
                 from [01m[K/opt/ros/jazzy/include/rclcpp/rclcpp/rclcpp.hpp:171[m[K,
                 from [01m[K/home/dotamy/project-name/src/topic_demo_cpp/src/publisher.cpp:2[m[K:
[01m[K/home/dotamy/project-name/src/topic_demo_cpp/src/publisher.cpp:[m[K In lambda function:
[01m[K/home/dotamy/project-name/src/topic_demo_cpp/src/publisher.cpp:26:45:[m[K [01;31m[Kerror: [m[Kcannot convert ‘[01m[Kstd_msgs::msg::String_<std::allocator<void> >[m[K’ to ‘[01m[Kconst char*[m[K’
   26 |             RCLCPP_INFO(this->get_logger(), [01;31m[Kmsg[m[K);  // ROS2日志输出
      |                                             [01;31m[K^~~[m[K
      |                                             [01;31m[K|[m[K
      |                                             [01;31m[Kstd_msgs::msg::String_<std::allocator<void> >[m[K
In file included from [01m[K/opt/ros/jazzy/include/rmw/rmw/types.h:28[m[K,
                 from [01m[K/opt/ros/jazzy/include/rcl/rcl/types.h:20[m[K,
                 from [01m[K/opt/ros/jazzy/include/rclcpp/rclcpp/exceptions/exceptions.hpp:23[m[K,
                 from [01m[K/opt/ros/jazzy/include/rclcpp/rclcpp/exceptions.hpp:18[m[K,
                 from [01m[K/opt/ros/jazzy/include/rclcpp/rclcpp/parameter.hpp:25[m[K,
                 from [01m[K/opt/ros/jazzy/include/rclcpp/rclcpp/copy_all_parameter_values.hpp:25[m[K:
[01m[K/opt/ros/jazzy/include/rcutils/rcutils/logging.h:473:16:[m[K [01;36m[Knote: [m[K  initializing argument 4 of ‘[01m[Kvoid[01;32m[K rcutils_log_internal[m[K(const rcutils_log_location_t*, int, const char*, const char*, ...)[m[K’
  473 |   [01;36m[Kconst char * format[m[K,
      |   [01;36m[K~~~~~~~~~~~~~^~~~~~[m[K
gmake[2]: *** [CMakeFiles/pubnode.dir/build.make:76：CMakeFiles/pubnode.dir/src/publisher.cpp.o] 错误 1
gmake[1]: *** [CMakeFiles/Makefile2:139：CMakeFiles/pubnode.dir/all] 错误 2
gmake: *** [Makefile:146：all] 错误 2
