[0.937s] DEBUG:colcon:Command line arguments: ['/usr/bin/colcon', 'build']
[0.937s] DEBUG:colcon:Parsed command line arguments: Namespace(log_base=None, log_level=None, verb_name='build', build_base='build', install_base='install', merge_install=False, symlink_install=False, test_result_base=None, continue_on_error=False, executor='parallel', parallel_workers=8, event_handlers=None, ignore_user_meta=False, metas=['./colcon.meta'], base_paths=['.'], packages_ignore=None, packages_ignore_regex=None, paths=None, packages_up_to=None, packages_up_to_regex=None, packages_above=None, packages_above_and_dependencies=None, packages_above_depth=None, packages_select_by_dep=None, packages_skip_by_dep=None, packages_skip_up_to=None, packages_select_build_failed=False, packages_skip_build_finished=False, packages_select_test_failures=False, packages_skip_test_passed=False, packages_select=None, packages_skip=None, packages_select_regex=None, packages_skip_regex=None, packages_start=None, packages_end=None, allow_overriding=[], cmake_args=None, cmake_target=None, cmake_target_skip_unavailable=False, cmake_clean_cache=False, cmake_clean_first=False, cmake_force_configure=False, ament_cmake_args=None, catkin_cmake_args=None, catkin_skip_building_tests=False, verb_parser=<colcon_defaults.argument_parser.defaults.DefaultArgumentsDecorator object at 0x728586280fe0>, verb_extension=<colcon_core.verb.build.BuildVerb object at 0x7285863f7a70>, main=<bound method BuildVerb.main of <colcon_core.verb.build.BuildVerb object at 0x7285863f7a70>>)
[1.124s] Level 1:colcon.colcon_core.package_discovery:discover_packages(colcon_meta) check parameters
[1.124s] Level 1:colcon.colcon_core.package_discovery:discover_packages(recursive) check parameters
[1.124s] Level 1:colcon.colcon_core.package_discovery:discover_packages(ignore) check parameters
[1.124s] Level 1:colcon.colcon_core.package_discovery:discover_packages(path) check parameters
[1.124s] Level 1:colcon.colcon_core.package_discovery:discover_packages(colcon_meta) discover
[1.124s] Level 1:colcon.colcon_core.package_discovery:discover_packages(recursive) discover
[1.125s] INFO:colcon.colcon_core.package_discovery:Crawling recursively for packages in '/home/dotamy/project-name/src'
[1.125s] Level 1:colcon.colcon_core.package_identification:_identify(.) by extensions ['ignore', 'ignore_ament_install']
[1.125s] Level 1:colcon.colcon_core.package_identification:_identify(.) by extension 'ignore'
[1.125s] Level 1:colcon.colcon_core.package_identification:_identify(.) by extension 'ignore_ament_install'
[1.125s] Level 1:colcon.colcon_core.package_identification:_identify(.) by extensions ['colcon_pkg']
[1.125s] Level 1:colcon.colcon_core.package_identification:_identify(.) by extension 'colcon_pkg'
[1.125s] Level 1:colcon.colcon_core.package_identification:_identify(.) by extensions ['colcon_meta']
[1.125s] Level 1:colcon.colcon_core.package_identification:_identify(.) by extension 'colcon_meta'
[1.125s] Level 1:colcon.colcon_core.package_identification:_identify(.) by extensions ['ros']
[1.126s] Level 1:colcon.colcon_core.package_identification:_identify(.) by extension 'ros'
[1.182s] Level 1:colcon.colcon_core.package_identification:_identify(.) by extensions ['cmake', 'python']
[1.183s] Level 1:colcon.colcon_core.package_identification:_identify(.) by extension 'cmake'
[1.183s] Level 1:colcon.colcon_core.package_identification:_identify(.) by extension 'python'
[1.183s] Level 1:colcon.colcon_core.package_identification:_identify(.) by extensions ['python_setup_py']
[1.183s] Level 1:colcon.colcon_core.package_identification:_identify(.) by extension 'python_setup_py'
[1.183s] Level 1:colcon.colcon_core.package_identification:_identify(build) by extensions ['ignore', 'ignore_ament_install']
[1.183s] Level 1:colcon.colcon_core.package_identification:_identify(build) by extension 'ignore'
[1.183s] Level 1:colcon.colcon_core.package_identification:_identify(build) ignored
[1.184s] Level 1:colcon.colcon_core.package_identification:_identify(cpp_node_demo) by extensions ['ignore', 'ignore_ament_install']
[1.184s] Level 1:colcon.colcon_core.package_identification:_identify(cpp_node_demo) by extension 'ignore'
[1.184s] Level 1:colcon.colcon_core.package_identification:_identify(cpp_node_demo) by extension 'ignore_ament_install'
[1.184s] Level 1:colcon.colcon_core.package_identification:_identify(cpp_node_demo) by extensions ['colcon_pkg']
[1.184s] Level 1:colcon.colcon_core.package_identification:_identify(cpp_node_demo) by extension 'colcon_pkg'
[1.184s] Level 1:colcon.colcon_core.package_identification:_identify(cpp_node_demo) by extensions ['colcon_meta']
[1.184s] Level 1:colcon.colcon_core.package_identification:_identify(cpp_node_demo) by extension 'colcon_meta'
[1.184s] Level 1:colcon.colcon_core.package_identification:_identify(cpp_node_demo) by extensions ['ros']
[1.184s] Level 1:colcon.colcon_core.package_identification:_identify(cpp_node_demo) by extension 'ros'
[1.192s] DEBUG:colcon.colcon_core.package_identification:Package 'cpp_node_demo' with type 'ros.ament_cmake' and name 'cpp_node_demo'
[1.193s] Level 1:colcon.colcon_core.package_identification:_identify(install) by extensions ['ignore', 'ignore_ament_install']
[1.193s] Level 1:colcon.colcon_core.package_identification:_identify(install) by extension 'ignore'
[1.193s] Level 1:colcon.colcon_core.package_identification:_identify(install) ignored
[1.193s] Level 1:colcon.colcon_core.package_identification:_identify(log) by extensions ['ignore', 'ignore_ament_install']
[1.193s] Level 1:colcon.colcon_core.package_identification:_identify(log) by extension 'ignore'
[1.193s] Level 1:colcon.colcon_core.package_identification:_identify(log) ignored
[1.194s] Level 1:colcon.colcon_core.package_identification:_identify(my_msg) by extensions ['ignore', 'ignore_ament_install']
[1.194s] Level 1:colcon.colcon_core.package_identification:_identify(my_msg) by extension 'ignore'
[1.194s] Level 1:colcon.colcon_core.package_identification:_identify(my_msg) by extension 'ignore_ament_install'
[1.194s] Level 1:colcon.colcon_core.package_identification:_identify(my_msg) by extensions ['colcon_pkg']
[1.194s] Level 1:colcon.colcon_core.package_identification:_identify(my_msg) by extension 'colcon_pkg'
[1.194s] Level 1:colcon.colcon_core.package_identification:_identify(my_msg) by extensions ['colcon_meta']
[1.194s] Level 1:colcon.colcon_core.package_identification:_identify(my_msg) by extension 'colcon_meta'
[1.194s] Level 1:colcon.colcon_core.package_identification:_identify(my_msg) by extensions ['ros']
[1.194s] Level 1:colcon.colcon_core.package_identification:_identify(my_msg) by extension 'ros'
[1.197s] DEBUG:colcon.colcon_core.package_identification:Package 'my_msg' with type 'ros.ament_cmake' and name 'my_msg'
[1.198s] Level 1:colcon.colcon_core.package_identification:_identify(py_node_demo) by extensions ['ignore', 'ignore_ament_install']
[1.199s] Level 1:colcon.colcon_core.package_identification:_identify(py_node_demo) by extension 'ignore'
[1.199s] Level 1:colcon.colcon_core.package_identification:_identify(py_node_demo) by extension 'ignore_ament_install'
[1.200s] Level 1:colcon.colcon_core.package_identification:_identify(py_node_demo) by extensions ['colcon_pkg']
[1.200s] Level 1:colcon.colcon_core.package_identification:_identify(py_node_demo) by extension 'colcon_pkg'
[1.201s] Level 1:colcon.colcon_core.package_identification:_identify(py_node_demo) by extensions ['colcon_meta']
[1.201s] Level 1:colcon.colcon_core.package_identification:_identify(py_node_demo) by extension 'colcon_meta'
[1.201s] Level 1:colcon.colcon_core.package_identification:_identify(py_node_demo) by extensions ['ros']
[1.202s] Level 1:colcon.colcon_core.package_identification:_identify(py_node_demo) by extension 'ros'
[1.204s] DEBUG:colcon.colcon_core.package_identification:Package 'py_node_demo' with type 'ros.ament_python' and name 'py_node_demo'
[1.204s] Level 1:colcon.colcon_core.package_identification:_identify(topic_demo_cpp) by extensions ['ignore', 'ignore_ament_install']
[1.204s] Level 1:colcon.colcon_core.package_identification:_identify(topic_demo_cpp) by extension 'ignore'
[1.204s] Level 1:colcon.colcon_core.package_identification:_identify(topic_demo_cpp) by extension 'ignore_ament_install'
[1.204s] Level 1:colcon.colcon_core.package_identification:_identify(topic_demo_cpp) by extensions ['colcon_pkg']
[1.205s] Level 1:colcon.colcon_core.package_identification:_identify(topic_demo_cpp) by extension 'colcon_pkg'
[1.205s] Level 1:colcon.colcon_core.package_identification:_identify(topic_demo_cpp) by extensions ['colcon_meta']
[1.205s] Level 1:colcon.colcon_core.package_identification:_identify(topic_demo_cpp) by extension 'colcon_meta'
[1.205s] Level 1:colcon.colcon_core.package_identification:_identify(topic_demo_cpp) by extensions ['ros']
[1.205s] Level 1:colcon.colcon_core.package_identification:_identify(topic_demo_cpp) by extension 'ros'
[1.207s] DEBUG:colcon.colcon_core.package_identification:Package 'topic_demo_cpp' with type 'ros.ament_cmake' and name 'topic_demo_cpp'
[1.207s] Level 1:colcon.colcon_core.package_identification:_identify(topic_demo_py) by extensions ['ignore', 'ignore_ament_install']
[1.207s] Level 1:colcon.colcon_core.package_identification:_identify(topic_demo_py) by extension 'ignore'
[1.207s] Level 1:colcon.colcon_core.package_identification:_identify(topic_demo_py) by extension 'ignore_ament_install'
[1.207s] Level 1:colcon.colcon_core.package_identification:_identify(topic_demo_py) by extensions ['colcon_pkg']
[1.207s] Level 1:colcon.colcon_core.package_identification:_identify(topic_demo_py) by extension 'colcon_pkg'
[1.207s] Level 1:colcon.colcon_core.package_identification:_identify(topic_demo_py) by extensions ['colcon_meta']
[1.208s] Level 1:colcon.colcon_core.package_identification:_identify(topic_demo_py) by extension 'colcon_meta'
[1.208s] Level 1:colcon.colcon_core.package_identification:_identify(topic_demo_py) by extensions ['ros']
[1.208s] Level 1:colcon.colcon_core.package_identification:_identify(topic_demo_py) by extension 'ros'
[1.210s] DEBUG:colcon.colcon_core.package_identification:Package 'topic_demo_py' with type 'ros.ament_python' and name 'topic_demo_py'
[1.210s] Level 1:colcon.colcon_core.package_discovery:discover_packages(recursive) using defaults
[1.210s] Level 1:colcon.colcon_core.package_discovery:discover_packages(ignore) discover
[1.210s] Level 1:colcon.colcon_core.package_discovery:discover_packages(ignore) using defaults
[1.210s] Level 1:colcon.colcon_core.package_discovery:discover_packages(path) discover
[1.210s] Level 1:colcon.colcon_core.package_discovery:discover_packages(path) using defaults
[1.269s] Level 1:colcon.colcon_core.package_discovery:discover_packages(prefix_path) check parameters
[1.269s] Level 1:colcon.colcon_core.package_discovery:discover_packages(prefix_path) discover
[1.280s] DEBUG:colcon.colcon_installed_package_information.package_discovery:Found 285 installed packages in /opt/ros/jazzy
[1.282s] Level 1:colcon.colcon_core.package_discovery:discover_packages(prefix_path) using defaults
[1.372s] Level 5:colcon.colcon_core.verb:set package 'cpp_node_demo' build argument 'cmake_args' from command line to 'None'
[1.372s] Level 5:colcon.colcon_core.verb:set package 'cpp_node_demo' build argument 'cmake_target' from command line to 'None'
[1.372s] Level 5:colcon.colcon_core.verb:set package 'cpp_node_demo' build argument 'cmake_target_skip_unavailable' from command line to 'False'
[1.372s] Level 5:colcon.colcon_core.verb:set package 'cpp_node_demo' build argument 'cmake_clean_cache' from command line to 'False'
[1.372s] Level 5:colcon.colcon_core.verb:set package 'cpp_node_demo' build argument 'cmake_clean_first' from command line to 'False'
[1.372s] Level 5:colcon.colcon_core.verb:set package 'cpp_node_demo' build argument 'cmake_force_configure' from command line to 'False'
[1.372s] Level 5:colcon.colcon_core.verb:set package 'cpp_node_demo' build argument 'ament_cmake_args' from command line to 'None'
[1.372s] Level 5:colcon.colcon_core.verb:set package 'cpp_node_demo' build argument 'catkin_cmake_args' from command line to 'None'
[1.372s] Level 5:colcon.colcon_core.verb:set package 'cpp_node_demo' build argument 'catkin_skip_building_tests' from command line to 'False'
[1.372s] DEBUG:colcon.colcon_core.verb:Building package 'cpp_node_demo' with the following arguments: {'ament_cmake_args': None, 'build_base': '/home/dotamy/project-name/src/build/cpp_node_demo', 'catkin_cmake_args': None, 'catkin_skip_building_tests': False, 'cmake_args': None, 'cmake_clean_cache': False, 'cmake_clean_first': False, 'cmake_force_configure': False, 'cmake_target': None, 'cmake_target_skip_unavailable': False, 'install_base': '/home/dotamy/project-name/src/install/cpp_node_demo', 'merge_install': False, 'path': '/home/dotamy/project-name/src/cpp_node_demo', 'symlink_install': False, 'test_result_base': None}
[1.373s] Level 5:colcon.colcon_core.verb:set package 'my_msg' build argument 'cmake_args' from command line to 'None'
[1.373s] Level 5:colcon.colcon_core.verb:set package 'my_msg' build argument 'cmake_target' from command line to 'None'
[1.373s] Level 5:colcon.colcon_core.verb:set package 'my_msg' build argument 'cmake_target_skip_unavailable' from command line to 'False'
[1.373s] Level 5:colcon.colcon_core.verb:set package 'my_msg' build argument 'cmake_clean_cache' from command line to 'False'
[1.373s] Level 5:colcon.colcon_core.verb:set package 'my_msg' build argument 'cmake_clean_first' from command line to 'False'
[1.373s] Level 5:colcon.colcon_core.verb:set package 'my_msg' build argument 'cmake_force_configure' from command line to 'False'
[1.373s] Level 5:colcon.colcon_core.verb:set package 'my_msg' build argument 'ament_cmake_args' from command line to 'None'
[1.373s] Level 5:colcon.colcon_core.verb:set package 'my_msg' build argument 'catkin_cmake_args' from command line to 'None'
[1.373s] Level 5:colcon.colcon_core.verb:set package 'my_msg' build argument 'catkin_skip_building_tests' from command line to 'False'
[1.373s] DEBUG:colcon.colcon_core.verb:Building package 'my_msg' with the following arguments: {'ament_cmake_args': None, 'build_base': '/home/dotamy/project-name/src/build/my_msg', 'catkin_cmake_args': None, 'catkin_skip_building_tests': False, 'cmake_args': None, 'cmake_clean_cache': False, 'cmake_clean_first': False, 'cmake_force_configure': False, 'cmake_target': None, 'cmake_target_skip_unavailable': False, 'install_base': '/home/dotamy/project-name/src/install/my_msg', 'merge_install': False, 'path': '/home/dotamy/project-name/src/my_msg', 'symlink_install': False, 'test_result_base': None}
[1.374s] Level 5:colcon.colcon_core.verb:set package 'py_node_demo' build argument 'cmake_args' from command line to 'None'
[1.374s] Level 5:colcon.colcon_core.verb:set package 'py_node_demo' build argument 'cmake_target' from command line to 'None'
[1.374s] Level 5:colcon.colcon_core.verb:set package 'py_node_demo' build argument 'cmake_target_skip_unavailable' from command line to 'False'
[1.374s] Level 5:colcon.colcon_core.verb:set package 'py_node_demo' build argument 'cmake_clean_cache' from command line to 'False'
[1.374s] Level 5:colcon.colcon_core.verb:set package 'py_node_demo' build argument 'cmake_clean_first' from command line to 'False'
[1.374s] Level 5:colcon.colcon_core.verb:set package 'py_node_demo' build argument 'cmake_force_configure' from command line to 'False'
[1.374s] Level 5:colcon.colcon_core.verb:set package 'py_node_demo' build argument 'ament_cmake_args' from command line to 'None'
[1.374s] Level 5:colcon.colcon_core.verb:set package 'py_node_demo' build argument 'catkin_cmake_args' from command line to 'None'
[1.374s] Level 5:colcon.colcon_core.verb:set package 'py_node_demo' build argument 'catkin_skip_building_tests' from command line to 'False'
[1.374s] DEBUG:colcon.colcon_core.verb:Building package 'py_node_demo' with the following arguments: {'ament_cmake_args': None, 'build_base': '/home/dotamy/project-name/src/build/py_node_demo', 'catkin_cmake_args': None, 'catkin_skip_building_tests': False, 'cmake_args': None, 'cmake_clean_cache': False, 'cmake_clean_first': False, 'cmake_force_configure': False, 'cmake_target': None, 'cmake_target_skip_unavailable': False, 'install_base': '/home/dotamy/project-name/src/install/py_node_demo', 'merge_install': False, 'path': '/home/dotamy/project-name/src/py_node_demo', 'symlink_install': False, 'test_result_base': None}
[1.375s] Level 5:colcon.colcon_core.verb:set package 'topic_demo_cpp' build argument 'cmake_args' from command line to 'None'
[1.375s] Level 5:colcon.colcon_core.verb:set package 'topic_demo_cpp' build argument 'cmake_target' from command line to 'None'
[1.375s] Level 5:colcon.colcon_core.verb:set package 'topic_demo_cpp' build argument 'cmake_target_skip_unavailable' from command line to 'False'
[1.375s] Level 5:colcon.colcon_core.verb:set package 'topic_demo_cpp' build argument 'cmake_clean_cache' from command line to 'False'
[1.375s] Level 5:colcon.colcon_core.verb:set package 'topic_demo_cpp' build argument 'cmake_clean_first' from command line to 'False'
[1.375s] Level 5:colcon.colcon_core.verb:set package 'topic_demo_cpp' build argument 'cmake_force_configure' from command line to 'False'
[1.375s] Level 5:colcon.colcon_core.verb:set package 'topic_demo_cpp' build argument 'ament_cmake_args' from command line to 'None'
[1.375s] Level 5:colcon.colcon_core.verb:set package 'topic_demo_cpp' build argument 'catkin_cmake_args' from command line to 'None'
[1.375s] Level 5:colcon.colcon_core.verb:set package 'topic_demo_cpp' build argument 'catkin_skip_building_tests' from command line to 'False'
[1.375s] DEBUG:colcon.colcon_core.verb:Building package 'topic_demo_cpp' with the following arguments: {'ament_cmake_args': None, 'build_base': '/home/dotamy/project-name/src/build/topic_demo_cpp', 'catkin_cmake_args': None, 'catkin_skip_building_tests': False, 'cmake_args': None, 'cmake_clean_cache': False, 'cmake_clean_first': False, 'cmake_force_configure': False, 'cmake_target': None, 'cmake_target_skip_unavailable': False, 'install_base': '/home/dotamy/project-name/src/install/topic_demo_cpp', 'merge_install': False, 'path': '/home/dotamy/project-name/src/topic_demo_cpp', 'symlink_install': False, 'test_result_base': None}
[1.376s] Level 5:colcon.colcon_core.verb:set package 'topic_demo_py' build argument 'cmake_args' from command line to 'None'
[1.376s] Level 5:colcon.colcon_core.verb:set package 'topic_demo_py' build argument 'cmake_target' from command line to 'None'
[1.376s] Level 5:colcon.colcon_core.verb:set package 'topic_demo_py' build argument 'cmake_target_skip_unavailable' from command line to 'False'
[1.376s] Level 5:colcon.colcon_core.verb:set package 'topic_demo_py' build argument 'cmake_clean_cache' from command line to 'False'
[1.376s] Level 5:colcon.colcon_core.verb:set package 'topic_demo_py' build argument 'cmake_clean_first' from command line to 'False'
[1.376s] Level 5:colcon.colcon_core.verb:set package 'topic_demo_py' build argument 'cmake_force_configure' from command line to 'False'
[1.376s] Level 5:colcon.colcon_core.verb:set package 'topic_demo_py' build argument 'ament_cmake_args' from command line to 'None'
[1.376s] Level 5:colcon.colcon_core.verb:set package 'topic_demo_py' build argument 'catkin_cmake_args' from command line to 'None'
[1.376s] Level 5:colcon.colcon_core.verb:set package 'topic_demo_py' build argument 'catkin_skip_building_tests' from command line to 'False'
[1.376s] DEBUG:colcon.colcon_core.verb:Building package 'topic_demo_py' with the following arguments: {'ament_cmake_args': None, 'build_base': '/home/dotamy/project-name/src/build/topic_demo_py', 'catkin_cmake_args': None, 'catkin_skip_building_tests': False, 'cmake_args': None, 'cmake_clean_cache': False, 'cmake_clean_first': False, 'cmake_force_configure': False, 'cmake_target': None, 'cmake_target_skip_unavailable': False, 'install_base': '/home/dotamy/project-name/src/install/topic_demo_py', 'merge_install': False, 'path': '/home/dotamy/project-name/src/topic_demo_py', 'symlink_install': False, 'test_result_base': None}
[1.376s] INFO:colcon.colcon_core.executor:Executing jobs using 'parallel' executor
[1.379s] DEBUG:colcon.colcon_parallel_executor.executor.parallel:run_until_complete
[1.379s] INFO:colcon.colcon_ros.task.ament_cmake.build:Building ROS package in '/home/dotamy/project-name/src/cpp_node_demo' with build type 'ament_cmake'
[1.379s] INFO:colcon.colcon_cmake.task.cmake.build:Building CMake package in '/home/dotamy/project-name/src/cpp_node_demo'
[1.402s] INFO:colcon.colcon_core.plugin_system:Skipping extension 'colcon_core.shell.bat': Not used on non-Windows systems
[1.403s] INFO:colcon.colcon_core.shell:Skip shell extension 'powershell' for command environment: Not usable outside of PowerShell
[1.403s] DEBUG:colcon.colcon_core.shell:Skip shell extension 'dsv' for command environment
[1.416s] INFO:colcon.colcon_ros.task.ament_cmake.build:Building ROS package in '/home/dotamy/project-name/src/my_msg' with build type 'ament_cmake'
[1.417s] INFO:colcon.colcon_cmake.task.cmake.build:Building CMake package in '/home/dotamy/project-name/src/my_msg'
[1.417s] INFO:colcon.colcon_core.shell:Skip shell extension 'powershell' for command environment: Not usable outside of PowerShell
[1.417s] DEBUG:colcon.colcon_core.shell:Skip shell extension 'dsv' for command environment
[1.424s] INFO:colcon.colcon_ros.task.ament_python.build:Building ROS package in '/home/dotamy/project-name/src/py_node_demo' with build type 'ament_python'
[1.424s] Level 1:colcon.colcon_core.shell:create_environment_hook('py_node_demo', 'ament_prefix_path')
[1.424s] INFO:colcon.colcon_core.shell:Creating environment hook '/home/dotamy/project-name/src/install/py_node_demo/share/py_node_demo/hook/ament_prefix_path.ps1'
[1.427s] INFO:colcon.colcon_core.shell:Creating environment descriptor '/home/dotamy/project-name/src/install/py_node_demo/share/py_node_demo/hook/ament_prefix_path.dsv'
[1.428s] INFO:colcon.colcon_core.shell:Creating environment hook '/home/dotamy/project-name/src/install/py_node_demo/share/py_node_demo/hook/ament_prefix_path.sh'
[1.431s] INFO:colcon.colcon_core.shell:Skip shell extension 'powershell' for command environment: Not usable outside of PowerShell
[1.431s] DEBUG:colcon.colcon_core.shell:Skip shell extension 'dsv' for command environment
[1.437s] INFO:colcon.colcon_ros.task.ament_cmake.build:Building ROS package in '/home/dotamy/project-name/src/topic_demo_cpp' with build type 'ament_cmake'
[1.437s] INFO:colcon.colcon_cmake.task.cmake.build:Building CMake package in '/home/dotamy/project-name/src/topic_demo_cpp'
[1.438s] INFO:colcon.colcon_core.shell:Skip shell extension 'powershell' for command environment: Not usable outside of PowerShell
[1.438s] DEBUG:colcon.colcon_core.shell:Skip shell extension 'dsv' for command environment
[1.443s] INFO:colcon.colcon_ros.task.ament_python.build:Building ROS package in '/home/dotamy/project-name/src/topic_demo_py' with build type 'ament_python'
[1.444s] Level 1:colcon.colcon_core.shell:create_environment_hook('topic_demo_py', 'ament_prefix_path')
[1.444s] INFO:colcon.colcon_core.shell:Creating environment hook '/home/dotamy/project-name/src/install/topic_demo_py/share/topic_demo_py/hook/ament_prefix_path.ps1'
[1.445s] INFO:colcon.colcon_core.shell:Creating environment descriptor '/home/dotamy/project-name/src/install/topic_demo_py/share/topic_demo_py/hook/ament_prefix_path.dsv'
[1.446s] INFO:colcon.colcon_core.shell:Creating environment hook '/home/dotamy/project-name/src/install/topic_demo_py/share/topic_demo_py/hook/ament_prefix_path.sh'
[1.447s] INFO:colcon.colcon_core.shell:Skip shell extension 'powershell' for command environment: Not usable outside of PowerShell
[1.447s] DEBUG:colcon.colcon_core.shell:Skip shell extension 'dsv' for command environment
[1.461s] DEBUG:colcon.colcon_core.event_handler.log_command:Invoking command in '/home/dotamy/project-name/src/build/cpp_node_demo': CMAKE_PREFIX_PATH=${CMAKE_PREFIX_PATH}:/opt/ros/jazzy /usr/bin/cmake --build /home/dotamy/project-name/src/build/cpp_node_demo -- -j8 -l8
[1.471s] DEBUG:colcon.colcon_core.event_handler.log_command:Invoking command in '/home/dotamy/project-name/src/build/my_msg': CMAKE_PREFIX_PATH=${CMAKE_PREFIX_PATH}:/opt/ros/jazzy /usr/bin/cmake --build /home/dotamy/project-name/src/build/my_msg -- -j8 -l8
[1.895s] INFO:colcon.colcon_core.task.python.build:Building Python package in '/home/dotamy/project-name/src/py_node_demo'
[1.895s] INFO:colcon.colcon_core.shell:Skip shell extension 'powershell' for command environment: Not usable outside of PowerShell
[1.895s] DEBUG:colcon.colcon_core.shell:Skip shell extension 'dsv' for command environment
[1.908s] DEBUG:colcon.colcon_core.event_handler.log_command:Invoking command in '/home/dotamy/project-name/src/build/topic_demo_cpp': CMAKE_PREFIX_PATH=${CMAKE_PREFIX_PATH}:/opt/ros/jazzy /usr/bin/cmake --build /home/dotamy/project-name/src/build/topic_demo_cpp -- -j8 -l8
[2.339s] INFO:colcon.colcon_core.task.python.build:Building Python package in '/home/dotamy/project-name/src/topic_demo_py'
[2.339s] INFO:colcon.colcon_core.shell:Skip shell extension 'powershell' for command environment: Not usable outside of PowerShell
[2.339s] DEBUG:colcon.colcon_core.shell:Skip shell extension 'dsv' for command environment
[2.392s] DEBUG:colcon.colcon_core.event_handler.log_command:Invoked command in '/home/dotamy/project-name/src/build/my_msg' returned '0': CMAKE_PREFIX_PATH=${CMAKE_PREFIX_PATH}:/opt/ros/jazzy /usr/bin/cmake --build /home/dotamy/project-name/src/build/my_msg -- -j8 -l8
[2.419s] DEBUG:colcon.colcon_core.event_handler.log_command:Invoking command in '/home/dotamy/project-name/src/build/my_msg': CMAKE_PREFIX_PATH=${CMAKE_PREFIX_PATH}:/opt/ros/jazzy /usr/bin/cmake --install /home/dotamy/project-name/src/build/my_msg
[2.624s] Level 1:colcon.colcon_core.environment:create_environment_scripts_only(my_msg)
[2.626s] DEBUG:colcon.colcon_core.event_handler.log_command:Invoked command in '/home/dotamy/project-name/src/build/my_msg' returned '0': CMAKE_PREFIX_PATH=${CMAKE_PREFIX_PATH}:/opt/ros/jazzy /usr/bin/cmake --install /home/dotamy/project-name/src/build/my_msg
[2.642s] Level 1:colcon.colcon_core.environment:checking '/home/dotamy/project-name/src/install/my_msg' for CMake module files
[2.645s] Level 1:colcon.colcon_core.environment:checking '/home/dotamy/project-name/src/install/my_msg' for CMake config files
[2.646s] Level 1:colcon.colcon_core.shell:create_environment_hook('my_msg', 'cmake_prefix_path')
[2.646s] INFO:colcon.colcon_core.shell:Creating environment hook '/home/dotamy/project-name/src/install/my_msg/share/my_msg/hook/cmake_prefix_path.ps1'
[2.647s] INFO:colcon.colcon_core.shell:Creating environment descriptor '/home/dotamy/project-name/src/install/my_msg/share/my_msg/hook/cmake_prefix_path.dsv'
[2.648s] INFO:colcon.colcon_core.shell:Creating environment hook '/home/dotamy/project-name/src/install/my_msg/share/my_msg/hook/cmake_prefix_path.sh'
[2.650s] Level 1:colcon.colcon_core.environment:checking '/home/dotamy/project-name/src/install/my_msg/lib'
[2.650s] Level 1:colcon.colcon_core.shell:create_environment_hook('my_msg', 'ld_library_path_lib')
[2.651s] INFO:colcon.colcon_core.shell:Creating environment hook '/home/dotamy/project-name/src/install/my_msg/share/my_msg/hook/ld_library_path_lib.ps1'
[2.652s] INFO:colcon.colcon_core.shell:Creating environment descriptor '/home/dotamy/project-name/src/install/my_msg/share/my_msg/hook/ld_library_path_lib.dsv'
[2.653s] INFO:colcon.colcon_core.shell:Creating environment hook '/home/dotamy/project-name/src/install/my_msg/share/my_msg/hook/ld_library_path_lib.sh'
[2.654s] Level 1:colcon.colcon_core.environment:checking '/home/dotamy/project-name/src/install/my_msg/bin'
[2.655s] Level 1:colcon.colcon_core.environment:checking '/home/dotamy/project-name/src/install/my_msg/lib/pkgconfig/my_msg.pc'
[2.655s] Level 1:colcon.colcon_core.environment:checking '/home/dotamy/project-name/src/install/my_msg/lib/python3.12/site-packages'
[2.655s] Level 1:colcon.colcon_core.shell:create_environment_hook('my_msg', 'pythonpath')
[2.656s] INFO:colcon.colcon_core.shell:Creating environment hook '/home/dotamy/project-name/src/install/my_msg/share/my_msg/hook/pythonpath.ps1'
[2.657s] INFO:colcon.colcon_core.shell:Creating environment descriptor '/home/dotamy/project-name/src/install/my_msg/share/my_msg/hook/pythonpath.dsv'
[2.657s] INFO:colcon.colcon_core.shell:Creating environment hook '/home/dotamy/project-name/src/install/my_msg/share/my_msg/hook/pythonpath.sh'
[2.659s] Level 1:colcon.colcon_core.environment:checking '/home/dotamy/project-name/src/install/my_msg/bin'
[2.659s] INFO:colcon.colcon_core.shell:Creating package script '/home/dotamy/project-name/src/install/my_msg/share/my_msg/package.ps1'
[2.661s] INFO:colcon.colcon_core.shell:Creating package descriptor '/home/dotamy/project-name/src/install/my_msg/share/my_msg/package.dsv'
[2.663s] INFO:colcon.colcon_core.shell:Creating package script '/home/dotamy/project-name/src/install/my_msg/share/my_msg/package.sh'
[2.665s] INFO:colcon.colcon_core.shell:Creating package script '/home/dotamy/project-name/src/install/my_msg/share/my_msg/package.bash'
[2.668s] INFO:colcon.colcon_core.shell:Creating package script '/home/dotamy/project-name/src/install/my_msg/share/my_msg/package.zsh'
[2.670s] Level 1:colcon.colcon_core.environment:create_file_with_runtime_dependencies(/home/dotamy/project-name/src/install/my_msg/share/colcon-core/packages/my_msg)
[2.671s] Level 1:colcon.colcon_core.environment:create_environment_scripts_only(my_msg)
[2.672s] Level 1:colcon.colcon_core.environment:checking '/home/dotamy/project-name/src/install/my_msg' for CMake module files
[2.673s] Level 1:colcon.colcon_core.environment:checking '/home/dotamy/project-name/src/install/my_msg' for CMake config files
[2.673s] Level 1:colcon.colcon_core.shell:create_environment_hook('my_msg', 'cmake_prefix_path')
[2.674s] INFO:colcon.colcon_core.shell:Creating environment hook '/home/dotamy/project-name/src/install/my_msg/share/my_msg/hook/cmake_prefix_path.ps1'
[2.675s] INFO:colcon.colcon_core.shell:Creating environment descriptor '/home/dotamy/project-name/src/install/my_msg/share/my_msg/hook/cmake_prefix_path.dsv'
[2.675s] INFO:colcon.colcon_core.shell:Creating environment hook '/home/dotamy/project-name/src/install/my_msg/share/my_msg/hook/cmake_prefix_path.sh'
[2.677s] Level 1:colcon.colcon_core.environment:checking '/home/dotamy/project-name/src/install/my_msg/lib'
[2.677s] Level 1:colcon.colcon_core.shell:create_environment_hook('my_msg', 'ld_library_path_lib')
[2.677s] INFO:colcon.colcon_core.shell:Creating environment hook '/home/dotamy/project-name/src/install/my_msg/share/my_msg/hook/ld_library_path_lib.ps1'
[2.679s] INFO:colcon.colcon_core.shell:Creating environment descriptor '/home/dotamy/project-name/src/install/my_msg/share/my_msg/hook/ld_library_path_lib.dsv'
[2.680s] INFO:colcon.colcon_core.shell:Creating environment hook '/home/dotamy/project-name/src/install/my_msg/share/my_msg/hook/ld_library_path_lib.sh'
[2.681s] Level 1:colcon.colcon_core.environment:checking '/home/dotamy/project-name/src/install/my_msg/bin'
[2.681s] Level 1:colcon.colcon_core.environment:checking '/home/dotamy/project-name/src/install/my_msg/lib/pkgconfig/my_msg.pc'
[2.681s] Level 1:colcon.colcon_core.environment:checking '/home/dotamy/project-name/src/install/my_msg/lib/python3.12/site-packages'
[2.681s] Level 1:colcon.colcon_core.shell:create_environment_hook('my_msg', 'pythonpath')
[2.682s] INFO:colcon.colcon_core.shell:Creating environment hook '/home/dotamy/project-name/src/install/my_msg/share/my_msg/hook/pythonpath.ps1'
[2.683s] INFO:colcon.colcon_core.shell:Creating environment descriptor '/home/dotamy/project-name/src/install/my_msg/share/my_msg/hook/pythonpath.dsv'
[2.684s] INFO:colcon.colcon_core.shell:Creating environment hook '/home/dotamy/project-name/src/install/my_msg/share/my_msg/hook/pythonpath.sh'
[2.685s] Level 1:colcon.colcon_core.environment:checking '/home/dotamy/project-name/src/install/my_msg/bin'
[2.685s] INFO:colcon.colcon_core.shell:Creating package script '/home/dotamy/project-name/src/install/my_msg/share/my_msg/package.ps1'
[2.686s] INFO:colcon.colcon_core.shell:Creating package descriptor '/home/dotamy/project-name/src/install/my_msg/share/my_msg/package.dsv'
[2.687s] INFO:colcon.colcon_core.shell:Creating package script '/home/dotamy/project-name/src/install/my_msg/share/my_msg/package.sh'
[2.689s] INFO:colcon.colcon_core.shell:Creating package script '/home/dotamy/project-name/src/install/my_msg/share/my_msg/package.bash'
[2.690s] INFO:colcon.colcon_core.shell:Creating package script '/home/dotamy/project-name/src/install/my_msg/share/my_msg/package.zsh'
[2.691s] Level 1:colcon.colcon_core.environment:create_file_with_runtime_dependencies(/home/dotamy/project-name/src/install/my_msg/share/colcon-core/packages/my_msg)
[3.021s] DEBUG:colcon.colcon_core.event_handler.log_command:Invoked command in '/home/dotamy/project-name/src/build/cpp_node_demo' returned '2': CMAKE_PREFIX_PATH=${CMAKE_PREFIX_PATH}:/opt/ros/jazzy /usr/bin/cmake --build /home/dotamy/project-name/src/build/cpp_node_demo -- -j8 -l8
[3.022s] Level 1:colcon.colcon_core.environment:create_environment_scripts_only(cpp_node_demo)
[3.022s] Level 1:colcon.colcon_core.environment:checking '/home/dotamy/project-name/src/install/cpp_node_demo' for CMake module files
[3.023s] Level 1:colcon.colcon_core.environment:checking '/home/dotamy/project-name/src/install/cpp_node_demo' for CMake config files
[3.024s] Level 1:colcon.colcon_core.shell:create_environment_hook('cpp_node_demo', 'cmake_prefix_path')
[3.024s] INFO:colcon.colcon_core.shell:Creating environment hook '/home/dotamy/project-name/src/install/cpp_node_demo/share/cpp_node_demo/hook/cmake_prefix_path.ps1'
[3.025s] INFO:colcon.colcon_core.shell:Creating environment descriptor '/home/dotamy/project-name/src/install/cpp_node_demo/share/cpp_node_demo/hook/cmake_prefix_path.dsv'
[3.026s] INFO:colcon.colcon_core.shell:Creating environment hook '/home/dotamy/project-name/src/install/cpp_node_demo/share/cpp_node_demo/hook/cmake_prefix_path.sh'
[3.028s] Level 1:colcon.colcon_core.environment:checking '/home/dotamy/project-name/src/install/cpp_node_demo/lib'
[3.028s] Level 1:colcon.colcon_core.environment:checking '/home/dotamy/project-name/src/install/cpp_node_demo/bin'
[3.028s] Level 1:colcon.colcon_core.environment:checking '/home/dotamy/project-name/src/install/cpp_node_demo/lib/pkgconfig/cpp_node_demo.pc'
[3.028s] Level 1:colcon.colcon_core.environment:checking '/home/dotamy/project-name/src/install/cpp_node_demo/lib/python3.12/site-packages'
[3.029s] Level 1:colcon.colcon_core.environment:checking '/home/dotamy/project-name/src/install/cpp_node_demo/bin'
[3.029s] INFO:colcon.colcon_core.shell:Creating package script '/home/dotamy/project-name/src/install/cpp_node_demo/share/cpp_node_demo/package.ps1'
[3.030s] INFO:colcon.colcon_core.shell:Creating package descriptor '/home/dotamy/project-name/src/install/cpp_node_demo/share/cpp_node_demo/package.dsv'
[3.031s] INFO:colcon.colcon_core.shell:Creating package script '/home/dotamy/project-name/src/install/cpp_node_demo/share/cpp_node_demo/package.sh'
[3.032s] INFO:colcon.colcon_core.shell:Creating package script '/home/dotamy/project-name/src/install/cpp_node_demo/share/cpp_node_demo/package.bash'
[3.033s] INFO:colcon.colcon_core.shell:Creating package script '/home/dotamy/project-name/src/install/cpp_node_demo/share/cpp_node_demo/package.zsh'
[3.034s] Level 1:colcon.colcon_core.environment:create_file_with_runtime_dependencies(/home/dotamy/project-name/src/install/cpp_node_demo/share/colcon-core/packages/cpp_node_demo)
[12.030s] DEBUG:colcon.colcon_parallel_executor.executor.parallel:closing loop
[12.030s] DEBUG:colcon.colcon_parallel_executor.executor.parallel:loop closed
[12.031s] DEBUG:colcon.colcon_parallel_executor.executor.parallel:run_until_complete finished with '2'
[12.031s] DEBUG:colcon.colcon_core.event_reactor:joining thread
[12.051s] INFO:colcon.colcon_core.plugin_system:Skipping extension 'colcon_notification.desktop_notification.terminal_notifier': Not used on non-Darwin systems
[12.052s] INFO:colcon.colcon_core.plugin_system:Skipping extension 'colcon_notification.desktop_notification.win32': Not used on non-Windows systems
[12.052s] INFO:colcon.colcon_notification.desktop_notification:Sending desktop notification using 'notify2'
[12.058s] DEBUG:colcon.colcon_notification.desktop_notification.notify2:Failed to initialize notify2: org.freedesktop.DBus.Error.Spawn.ExecFailed: /usr/bin/dbus-launch terminated abnormally without any error message
[12.059s] DEBUG:colcon.colcon_core.event_reactor:joined thread
[12.060s] INFO:colcon.colcon_core.shell:Creating prefix script '/home/dotamy/project-name/src/install/local_setup.ps1'
[12.064s] INFO:colcon.colcon_core.shell:Creating prefix util module '/home/dotamy/project-name/src/install/_local_setup_util_ps1.py'
[12.068s] INFO:colcon.colcon_core.shell:Creating prefix chain script '/home/dotamy/project-name/src/install/setup.ps1'
[12.070s] INFO:colcon.colcon_core.shell:Creating prefix script '/home/dotamy/project-name/src/install/local_setup.sh'
[12.072s] INFO:colcon.colcon_core.shell:Creating prefix util module '/home/dotamy/project-name/src/install/_local_setup_util_sh.py'
[12.074s] INFO:colcon.colcon_core.shell:Creating prefix chain script '/home/dotamy/project-name/src/install/setup.sh'
[12.077s] INFO:colcon.colcon_core.shell:Creating prefix script '/home/dotamy/project-name/src/install/local_setup.bash'
[12.079s] INFO:colcon.colcon_core.shell:Creating prefix chain script '/home/dotamy/project-name/src/install/setup.bash'
[12.081s] INFO:colcon.colcon_core.shell:Creating prefix script '/home/dotamy/project-name/src/install/local_setup.zsh'
[12.083s] INFO:colcon.colcon_core.shell:Creating prefix chain script '/home/dotamy/project-name/src/install/setup.zsh'
