[0.217s] DEBUG:colcon:Command line arguments: ['/usr/bin/colcon', 'build', '--packages-select', 'topic_demo_cpp']
[0.217s] DEBUG:colcon:Parsed command line arguments: Namespace(log_base=None, log_level=None, verb_name='build', build_base='build', install_base='install', merge_install=False, symlink_install=False, test_result_base=None, continue_on_error=False, executor='parallel', parallel_workers=8, event_handlers=None, ignore_user_meta=False, metas=['./colcon.meta'], base_paths=['.'], packages_ignore=None, packages_ignore_regex=None, paths=None, packages_up_to=None, packages_up_to_regex=None, packages_above=None, packages_above_and_dependencies=None, packages_above_depth=None, packages_select_by_dep=None, packages_skip_by_dep=None, packages_skip_up_to=None, packages_select_build_failed=False, packages_skip_build_finished=False, packages_select_test_failures=False, packages_skip_test_passed=False, packages_select=['topic_demo_cpp'], packages_skip=None, packages_select_regex=None, packages_skip_regex=None, packages_start=None, packages_end=None, allow_overriding=[], cmake_args=None, cmake_target=None, cmake_target_skip_unavailable=False, cmake_clean_cache=False, cmake_clean_first=False, cmake_force_configure=False, ament_cmake_args=None, catkin_cmake_args=None, catkin_skip_building_tests=False, verb_parser=<colcon_defaults.argument_parser.defaults.DefaultArgumentsDecorator object at 0x744e7d6857f0>, verb_extension=<colcon_core.verb.build.BuildVerb object at 0x744e7d7fb6e0>, main=<bound method BuildVerb.main of <colcon_core.verb.build.BuildVerb object at 0x744e7d7fb6e0>>)
[0.304s] Level 1:colcon.colcon_core.package_discovery:discover_packages(colcon_meta) check parameters
[0.304s] Level 1:colcon.colcon_core.package_discovery:discover_packages(recursive) check parameters
[0.305s] Level 1:colcon.colcon_core.package_discovery:discover_packages(ignore) check parameters
[0.305s] Level 1:colcon.colcon_core.package_discovery:discover_packages(path) check parameters
[0.305s] Level 1:colcon.colcon_core.package_discovery:discover_packages(colcon_meta) discover
[0.305s] Level 1:colcon.colcon_core.package_discovery:discover_packages(recursive) discover
[0.305s] INFO:colcon.colcon_core.package_discovery:Crawling recursively for packages in '/home/dotamy/project-name/src'
[0.305s] Level 1:colcon.colcon_core.package_identification:_identify(.) by extensions ['ignore', 'ignore_ament_install']
[0.305s] Level 1:colcon.colcon_core.package_identification:_identify(.) by extension 'ignore'
[0.305s] Level 1:colcon.colcon_core.package_identification:_identify(.) by extension 'ignore_ament_install'
[0.306s] Level 1:colcon.colcon_core.package_identification:_identify(.) by extensions ['colcon_pkg']
[0.306s] Level 1:colcon.colcon_core.package_identification:_identify(.) by extension 'colcon_pkg'
[0.306s] Level 1:colcon.colcon_core.package_identification:_identify(.) by extensions ['colcon_meta']
[0.306s] Level 1:colcon.colcon_core.package_identification:_identify(.) by extension 'colcon_meta'
[0.306s] Level 1:colcon.colcon_core.package_identification:_identify(.) by extensions ['ros']
[0.306s] Level 1:colcon.colcon_core.package_identification:_identify(.) by extension 'ros'
[0.377s] Level 1:colcon.colcon_core.package_identification:_identify(.) by extensions ['cmake', 'python']
[0.377s] Level 1:colcon.colcon_core.package_identification:_identify(.) by extension 'cmake'
[0.377s] Level 1:colcon.colcon_core.package_identification:_identify(.) by extension 'python'
[0.378s] Level 1:colcon.colcon_core.package_identification:_identify(.) by extensions ['python_setup_py']
[0.378s] Level 1:colcon.colcon_core.package_identification:_identify(.) by extension 'python_setup_py'
[0.378s] Level 1:colcon.colcon_core.package_identification:_identify(build) by extensions ['ignore', 'ignore_ament_install']
[0.378s] Level 1:colcon.colcon_core.package_identification:_identify(build) by extension 'ignore'
[0.378s] Level 1:colcon.colcon_core.package_identification:_identify(build) ignored
[0.379s] Level 1:colcon.colcon_core.package_identification:_identify(cpp_node_demo) by extensions ['ignore', 'ignore_ament_install']
[0.379s] Level 1:colcon.colcon_core.package_identification:_identify(cpp_node_demo) by extension 'ignore'
[0.379s] Level 1:colcon.colcon_core.package_identification:_identify(cpp_node_demo) by extension 'ignore_ament_install'
[0.379s] Level 1:colcon.colcon_core.package_identification:_identify(cpp_node_demo) by extensions ['colcon_pkg']
[0.379s] Level 1:colcon.colcon_core.package_identification:_identify(cpp_node_demo) by extension 'colcon_pkg'
[0.379s] Level 1:colcon.colcon_core.package_identification:_identify(cpp_node_demo) by extensions ['colcon_meta']
[0.379s] Level 1:colcon.colcon_core.package_identification:_identify(cpp_node_demo) by extension 'colcon_meta'
[0.380s] Level 1:colcon.colcon_core.package_identification:_identify(cpp_node_demo) by extensions ['ros']
[0.380s] Level 1:colcon.colcon_core.package_identification:_identify(cpp_node_demo) by extension 'ros'
[0.385s] DEBUG:colcon.colcon_core.package_identification:Package 'cpp_node_demo' with type 'ros.ament_cmake' and name 'cpp_node_demo'
[0.385s] Level 1:colcon.colcon_core.package_identification:_identify(install) by extensions ['ignore', 'ignore_ament_install']
[0.386s] Level 1:colcon.colcon_core.package_identification:_identify(install) by extension 'ignore'
[0.386s] Level 1:colcon.colcon_core.package_identification:_identify(install) ignored
[0.386s] Level 1:colcon.colcon_core.package_identification:_identify(log) by extensions ['ignore', 'ignore_ament_install']
[0.386s] Level 1:colcon.colcon_core.package_identification:_identify(log) by extension 'ignore'
[0.386s] Level 1:colcon.colcon_core.package_identification:_identify(log) ignored
[0.387s] Level 1:colcon.colcon_core.package_identification:_identify(my_msg) by extensions ['ignore', 'ignore_ament_install']
[0.387s] Level 1:colcon.colcon_core.package_identification:_identify(my_msg) by extension 'ignore'
[0.387s] Level 1:colcon.colcon_core.package_identification:_identify(my_msg) by extension 'ignore_ament_install'
[0.387s] Level 1:colcon.colcon_core.package_identification:_identify(my_msg) by extensions ['colcon_pkg']
[0.387s] Level 1:colcon.colcon_core.package_identification:_identify(my_msg) by extension 'colcon_pkg'
[0.387s] Level 1:colcon.colcon_core.package_identification:_identify(my_msg) by extensions ['colcon_meta']
[0.387s] Level 1:colcon.colcon_core.package_identification:_identify(my_msg) by extension 'colcon_meta'
[0.387s] Level 1:colcon.colcon_core.package_identification:_identify(my_msg) by extensions ['ros']
[0.387s] Level 1:colcon.colcon_core.package_identification:_identify(my_msg) by extension 'ros'
[0.388s] DEBUG:colcon.colcon_core.package_identification:Package 'my_msg' with type 'ros.ament_cmake' and name 'my_msg'
[0.389s] Level 1:colcon.colcon_core.package_identification:_identify(py_node_demo) by extensions ['ignore', 'ignore_ament_install']
[0.389s] Level 1:colcon.colcon_core.package_identification:_identify(py_node_demo) by extension 'ignore'
[0.389s] Level 1:colcon.colcon_core.package_identification:_identify(py_node_demo) by extension 'ignore_ament_install'
[0.389s] Level 1:colcon.colcon_core.package_identification:_identify(py_node_demo) by extensions ['colcon_pkg']
[0.389s] Level 1:colcon.colcon_core.package_identification:_identify(py_node_demo) by extension 'colcon_pkg'
[0.389s] Level 1:colcon.colcon_core.package_identification:_identify(py_node_demo) by extensions ['colcon_meta']
[0.390s] Level 1:colcon.colcon_core.package_identification:_identify(py_node_demo) by extension 'colcon_meta'
[0.390s] Level 1:colcon.colcon_core.package_identification:_identify(py_node_demo) by extensions ['ros']
[0.390s] Level 1:colcon.colcon_core.package_identification:_identify(py_node_demo) by extension 'ros'
[0.391s] DEBUG:colcon.colcon_core.package_identification:Package 'py_node_demo' with type 'ros.ament_python' and name 'py_node_demo'
[0.391s] Level 1:colcon.colcon_core.package_identification:_identify(topic_demo_cpp) by extensions ['ignore', 'ignore_ament_install']
[0.391s] Level 1:colcon.colcon_core.package_identification:_identify(topic_demo_cpp) by extension 'ignore'
[0.391s] Level 1:colcon.colcon_core.package_identification:_identify(topic_demo_cpp) by extension 'ignore_ament_install'
[0.391s] Level 1:colcon.colcon_core.package_identification:_identify(topic_demo_cpp) by extensions ['colcon_pkg']
[0.391s] Level 1:colcon.colcon_core.package_identification:_identify(topic_demo_cpp) by extension 'colcon_pkg'
[0.392s] Level 1:colcon.colcon_core.package_identification:_identify(topic_demo_cpp) by extensions ['colcon_meta']
[0.392s] Level 1:colcon.colcon_core.package_identification:_identify(topic_demo_cpp) by extension 'colcon_meta'
[0.392s] Level 1:colcon.colcon_core.package_identification:_identify(topic_demo_cpp) by extensions ['ros']
[0.392s] Level 1:colcon.colcon_core.package_identification:_identify(topic_demo_cpp) by extension 'ros'
[0.392s] DEBUG:colcon.colcon_core.package_identification:Package 'topic_demo_cpp' with type 'ros.ament_cmake' and name 'topic_demo_cpp'
[0.393s] Level 1:colcon.colcon_core.package_identification:_identify(topic_demo_py) by extensions ['ignore', 'ignore_ament_install']
[0.393s] Level 1:colcon.colcon_core.package_identification:_identify(topic_demo_py) by extension 'ignore'
[0.393s] Level 1:colcon.colcon_core.package_identification:_identify(topic_demo_py) by extension 'ignore_ament_install'
[0.393s] Level 1:colcon.colcon_core.package_identification:_identify(topic_demo_py) by extensions ['colcon_pkg']
[0.393s] Level 1:colcon.colcon_core.package_identification:_identify(topic_demo_py) by extension 'colcon_pkg'
[0.393s] Level 1:colcon.colcon_core.package_identification:_identify(topic_demo_py) by extensions ['colcon_meta']
[0.394s] Level 1:colcon.colcon_core.package_identification:_identify(topic_demo_py) by extension 'colcon_meta'
[0.394s] Level 1:colcon.colcon_core.package_identification:_identify(topic_demo_py) by extensions ['ros']
[0.394s] Level 1:colcon.colcon_core.package_identification:_identify(topic_demo_py) by extension 'ros'
[0.395s] DEBUG:colcon.colcon_core.package_identification:Package 'topic_demo_py' with type 'ros.ament_python' and name 'topic_demo_py'
[0.395s] Level 1:colcon.colcon_core.package_discovery:discover_packages(recursive) using defaults
[0.395s] Level 1:colcon.colcon_core.package_discovery:discover_packages(ignore) discover
[0.395s] Level 1:colcon.colcon_core.package_discovery:discover_packages(ignore) using defaults
[0.395s] Level 1:colcon.colcon_core.package_discovery:discover_packages(path) discover
[0.395s] Level 1:colcon.colcon_core.package_discovery:discover_packages(path) using defaults
[0.428s] INFO:colcon.colcon_core.package_selection:Skipping not selected package 'cpp_node_demo' in 'cpp_node_demo'
[0.428s] INFO:colcon.colcon_core.package_selection:Skipping not selected package 'my_msg' in 'my_msg'
[0.428s] INFO:colcon.colcon_core.package_selection:Skipping not selected package 'py_node_demo' in 'py_node_demo'
[0.428s] INFO:colcon.colcon_core.package_selection:Skipping not selected package 'topic_demo_py' in 'topic_demo_py'
[0.429s] Level 1:colcon.colcon_core.package_discovery:discover_packages(prefix_path) check parameters
[0.429s] Level 1:colcon.colcon_core.package_discovery:discover_packages(prefix_path) discover
[0.433s] DEBUG:colcon.colcon_installed_package_information.package_discovery:Found 4 installed packages in /home/dotamy/project-name/src/install
[0.436s] DEBUG:colcon.colcon_installed_package_information.package_discovery:Found 285 installed packages in /opt/ros/jazzy
[0.437s] Level 1:colcon.colcon_core.package_discovery:discover_packages(prefix_path) using defaults
[0.522s] Level 5:colcon.colcon_core.verb:set package 'topic_demo_cpp' build argument 'cmake_args' from command line to 'None'
[0.523s] Level 5:colcon.colcon_core.verb:set package 'topic_demo_cpp' build argument 'cmake_target' from command line to 'None'
[0.523s] Level 5:colcon.colcon_core.verb:set package 'topic_demo_cpp' build argument 'cmake_target_skip_unavailable' from command line to 'False'
[0.523s] Level 5:colcon.colcon_core.verb:set package 'topic_demo_cpp' build argument 'cmake_clean_cache' from command line to 'False'
[0.523s] Level 5:colcon.colcon_core.verb:set package 'topic_demo_cpp' build argument 'cmake_clean_first' from command line to 'False'
[0.523s] Level 5:colcon.colcon_core.verb:set package 'topic_demo_cpp' build argument 'cmake_force_configure' from command line to 'False'
[0.523s] Level 5:colcon.colcon_core.verb:set package 'topic_demo_cpp' build argument 'ament_cmake_args' from command line to 'None'
[0.523s] Level 5:colcon.colcon_core.verb:set package 'topic_demo_cpp' build argument 'catkin_cmake_args' from command line to 'None'
[0.523s] Level 5:colcon.colcon_core.verb:set package 'topic_demo_cpp' build argument 'catkin_skip_building_tests' from command line to 'False'
[0.523s] DEBUG:colcon.colcon_core.verb:Building package 'topic_demo_cpp' with the following arguments: {'ament_cmake_args': None, 'build_base': '/home/dotamy/project-name/src/build/topic_demo_cpp', 'catkin_cmake_args': None, 'catkin_skip_building_tests': False, 'cmake_args': None, 'cmake_clean_cache': False, 'cmake_clean_first': False, 'cmake_force_configure': False, 'cmake_target': None, 'cmake_target_skip_unavailable': False, 'install_base': '/home/dotamy/project-name/src/install/topic_demo_cpp', 'merge_install': False, 'path': '/home/dotamy/project-name/src/topic_demo_cpp', 'symlink_install': False, 'test_result_base': None}
[0.523s] INFO:colcon.colcon_core.executor:Executing jobs using 'parallel' executor
[0.526s] DEBUG:colcon.colcon_parallel_executor.executor.parallel:run_until_complete
[0.526s] INFO:colcon.colcon_ros.task.ament_cmake.build:Building ROS package in '/home/dotamy/project-name/src/topic_demo_cpp' with build type 'ament_cmake'
[0.527s] INFO:colcon.colcon_cmake.task.cmake.build:Building CMake package in '/home/dotamy/project-name/src/topic_demo_cpp'
[0.537s] INFO:colcon.colcon_core.plugin_system:Skipping extension 'colcon_core.shell.bat': Not used on non-Windows systems
[0.538s] INFO:colcon.colcon_core.shell:Skip shell extension 'powershell' for command environment: Not usable outside of PowerShell
[0.538s] DEBUG:colcon.colcon_core.shell:Skip shell extension 'dsv' for command environment
[0.565s] DEBUG:colcon.colcon_core.event_handler.log_command:Invoking command in '/home/dotamy/project-name/src/build/topic_demo_cpp': CMAKE_PREFIX_PATH=${CMAKE_PREFIX_PATH}:/home/dotamy/project-name/src/install/topic_demo_py:/opt/ros/jazzy /usr/bin/cmake --build /home/dotamy/project-name/src/build/topic_demo_cpp -- -j8 -l8
[15.673s] DEBUG:colcon.colcon_core.event_handler.log_command:Invoked command in '/home/dotamy/project-name/src/build/topic_demo_cpp' returned '0': CMAKE_PREFIX_PATH=${CMAKE_PREFIX_PATH}:/home/dotamy/project-name/src/install/topic_demo_py:/opt/ros/jazzy /usr/bin/cmake --build /home/dotamy/project-name/src/build/topic_demo_cpp -- -j8 -l8
[15.701s] DEBUG:colcon.colcon_core.event_handler.log_command:Invoking command in '/home/dotamy/project-name/src/build/topic_demo_cpp': CMAKE_PREFIX_PATH=${CMAKE_PREFIX_PATH}:/home/dotamy/project-name/src/install/topic_demo_py:/opt/ros/jazzy /usr/bin/cmake --install /home/dotamy/project-name/src/build/topic_demo_cpp
[15.749s] Level 1:colcon.colcon_core.environment:create_environment_scripts_only(topic_demo_cpp)
[15.750s] DEBUG:colcon.colcon_core.event_handler.log_command:Invoked command in '/home/dotamy/project-name/src/build/topic_demo_cpp' returned '0': CMAKE_PREFIX_PATH=${CMAKE_PREFIX_PATH}:/home/dotamy/project-name/src/install/topic_demo_py:/opt/ros/jazzy /usr/bin/cmake --install /home/dotamy/project-name/src/build/topic_demo_cpp
[15.754s] Level 1:colcon.colcon_core.environment:checking '/home/dotamy/project-name/src/install/topic_demo_cpp' for CMake module files
[15.755s] Level 1:colcon.colcon_core.environment:checking '/home/dotamy/project-name/src/install/topic_demo_cpp' for CMake config files
[15.756s] Level 1:colcon.colcon_core.shell:create_environment_hook('topic_demo_cpp', 'cmake_prefix_path')
[15.756s] INFO:colcon.colcon_core.shell:Creating environment hook '/home/dotamy/project-name/src/install/topic_demo_cpp/share/topic_demo_cpp/hook/cmake_prefix_path.ps1'
[15.757s] INFO:colcon.colcon_core.shell:Creating environment descriptor '/home/dotamy/project-name/src/install/topic_demo_cpp/share/topic_demo_cpp/hook/cmake_prefix_path.dsv'
[15.758s] INFO:colcon.colcon_core.shell:Creating environment hook '/home/dotamy/project-name/src/install/topic_demo_cpp/share/topic_demo_cpp/hook/cmake_prefix_path.sh'
[15.760s] Level 1:colcon.colcon_core.environment:checking '/home/dotamy/project-name/src/install/topic_demo_cpp/lib'
[15.761s] Level 1:colcon.colcon_core.environment:checking '/home/dotamy/project-name/src/install/topic_demo_cpp/bin'
[15.761s] Level 1:colcon.colcon_core.environment:checking '/home/dotamy/project-name/src/install/topic_demo_cpp/lib/pkgconfig/topic_demo_cpp.pc'
[15.761s] Level 1:colcon.colcon_core.environment:checking '/home/dotamy/project-name/src/install/topic_demo_cpp/lib/python3.12/site-packages'
[15.762s] Level 1:colcon.colcon_core.environment:checking '/home/dotamy/project-name/src/install/topic_demo_cpp/bin'
[15.762s] INFO:colcon.colcon_core.shell:Creating package script '/home/dotamy/project-name/src/install/topic_demo_cpp/share/topic_demo_cpp/package.ps1'
[15.763s] INFO:colcon.colcon_core.shell:Creating package descriptor '/home/dotamy/project-name/src/install/topic_demo_cpp/share/topic_demo_cpp/package.dsv'
[15.764s] INFO:colcon.colcon_core.shell:Creating package script '/home/dotamy/project-name/src/install/topic_demo_cpp/share/topic_demo_cpp/package.sh'
[15.766s] INFO:colcon.colcon_core.shell:Creating package script '/home/dotamy/project-name/src/install/topic_demo_cpp/share/topic_demo_cpp/package.bash'
[15.768s] INFO:colcon.colcon_core.shell:Creating package script '/home/dotamy/project-name/src/install/topic_demo_cpp/share/topic_demo_cpp/package.zsh'
[15.770s] Level 1:colcon.colcon_core.environment:create_file_with_runtime_dependencies(/home/dotamy/project-name/src/install/topic_demo_cpp/share/colcon-core/packages/topic_demo_cpp)
[15.771s] Level 1:colcon.colcon_core.environment:create_environment_scripts_only(topic_demo_cpp)
[15.772s] Level 1:colcon.colcon_core.environment:checking '/home/dotamy/project-name/src/install/topic_demo_cpp' for CMake module files
[15.774s] Level 1:colcon.colcon_core.environment:checking '/home/dotamy/project-name/src/install/topic_demo_cpp' for CMake config files
[15.774s] Level 1:colcon.colcon_core.shell:create_environment_hook('topic_demo_cpp', 'cmake_prefix_path')
[15.774s] INFO:colcon.colcon_core.shell:Creating environment hook '/home/dotamy/project-name/src/install/topic_demo_cpp/share/topic_demo_cpp/hook/cmake_prefix_path.ps1'
[15.775s] INFO:colcon.colcon_core.shell:Creating environment descriptor '/home/dotamy/project-name/src/install/topic_demo_cpp/share/topic_demo_cpp/hook/cmake_prefix_path.dsv'
[15.776s] INFO:colcon.colcon_core.shell:Creating environment hook '/home/dotamy/project-name/src/install/topic_demo_cpp/share/topic_demo_cpp/hook/cmake_prefix_path.sh'
[15.778s] Level 1:colcon.colcon_core.environment:checking '/home/dotamy/project-name/src/install/topic_demo_cpp/lib'
[15.778s] Level 1:colcon.colcon_core.environment:checking '/home/dotamy/project-name/src/install/topic_demo_cpp/bin'
[15.778s] Level 1:colcon.colcon_core.environment:checking '/home/dotamy/project-name/src/install/topic_demo_cpp/lib/pkgconfig/topic_demo_cpp.pc'
[15.779s] Level 1:colcon.colcon_core.environment:checking '/home/dotamy/project-name/src/install/topic_demo_cpp/lib/python3.12/site-packages'
[15.779s] Level 1:colcon.colcon_core.environment:checking '/home/dotamy/project-name/src/install/topic_demo_cpp/bin'
[15.780s] INFO:colcon.colcon_core.shell:Creating package script '/home/dotamy/project-name/src/install/topic_demo_cpp/share/topic_demo_cpp/package.ps1'
[15.781s] INFO:colcon.colcon_core.shell:Creating package descriptor '/home/dotamy/project-name/src/install/topic_demo_cpp/share/topic_demo_cpp/package.dsv'
[15.782s] INFO:colcon.colcon_core.shell:Creating package script '/home/dotamy/project-name/src/install/topic_demo_cpp/share/topic_demo_cpp/package.sh'
[15.783s] INFO:colcon.colcon_core.shell:Creating package script '/home/dotamy/project-name/src/install/topic_demo_cpp/share/topic_demo_cpp/package.bash'
[15.784s] INFO:colcon.colcon_core.shell:Creating package script '/home/dotamy/project-name/src/install/topic_demo_cpp/share/topic_demo_cpp/package.zsh'
[15.785s] Level 1:colcon.colcon_core.environment:create_file_with_runtime_dependencies(/home/dotamy/project-name/src/install/topic_demo_cpp/share/colcon-core/packages/topic_demo_cpp)
[15.786s] DEBUG:colcon.colcon_parallel_executor.executor.parallel:closing loop
[15.786s] DEBUG:colcon.colcon_parallel_executor.executor.parallel:loop closed
[15.787s] DEBUG:colcon.colcon_parallel_executor.executor.parallel:run_until_complete finished with '0'
[15.787s] DEBUG:colcon.colcon_core.event_reactor:joining thread
[15.798s] INFO:colcon.colcon_core.plugin_system:Skipping extension 'colcon_notification.desktop_notification.terminal_notifier': Not used on non-Darwin systems
[15.798s] INFO:colcon.colcon_core.plugin_system:Skipping extension 'colcon_notification.desktop_notification.win32': Not used on non-Windows systems
[15.798s] INFO:colcon.colcon_notification.desktop_notification:Sending desktop notification using 'notify2'
[15.804s] DEBUG:colcon.colcon_notification.desktop_notification.notify2:Failed to initialize notify2: org.freedesktop.DBus.Error.Spawn.ExecFailed: /usr/bin/dbus-launch terminated abnormally without any error message
[15.805s] DEBUG:colcon.colcon_core.event_reactor:joined thread
[15.806s] INFO:colcon.colcon_core.shell:Creating prefix script '/home/dotamy/project-name/src/install/local_setup.ps1'
[15.809s] INFO:colcon.colcon_core.shell:Creating prefix util module '/home/dotamy/project-name/src/install/_local_setup_util_ps1.py'
[15.811s] INFO:colcon.colcon_core.shell:Creating prefix chain script '/home/dotamy/project-name/src/install/setup.ps1'
[15.814s] INFO:colcon.colcon_core.shell:Creating prefix script '/home/dotamy/project-name/src/install/local_setup.sh'
[15.815s] INFO:colcon.colcon_core.shell:Creating prefix util module '/home/dotamy/project-name/src/install/_local_setup_util_sh.py'
[15.817s] INFO:colcon.colcon_core.shell:Creating prefix chain script '/home/dotamy/project-name/src/install/setup.sh'
[15.820s] INFO:colcon.colcon_core.shell:Creating prefix script '/home/dotamy/project-name/src/install/local_setup.bash'
[15.821s] INFO:colcon.colcon_core.shell:Creating prefix chain script '/home/dotamy/project-name/src/install/setup.bash'
[15.824s] INFO:colcon.colcon_core.shell:Creating prefix script '/home/dotamy/project-name/src/install/local_setup.zsh'
[15.825s] INFO:colcon.colcon_core.shell:Creating prefix chain script '/home/dotamy/project-name/src/install/setup.zsh'
