[0.030s] Invoking command in '/home/dotamy/project-name/src/build/cpp_node_demo': CMAKE_PREFIX_PATH=${CMAKE_PREFIX_PATH}:/opt/ros/jazzy /usr/bin/cmake --build /home/dotamy/project-name/src/build/cpp_node_demo -- -j8 -l8
[0.118s] -- Found ament_cmake: 2.5.3 (/opt/ros/jazzy/share/ament_cmake/cmake)
[0.562s] -- Found rclcpp: 28.1.8 (/opt/ros/jazzy/share/rclcpp/cmake)
[0.621s] -- Found rosidl_generator_c: 4.6.5 (/opt/ros/jazzy/share/rosidl_generator_c/cmake)
[0.639s] -- Found rosidl_generator_cpp: 4.6.5 (/opt/ros/jazzy/share/rosidl_generator_cpp/cmake)
[0.662s] -- Using all available rosidl_typesupport_c: rosidl_typesupport_fastrtps_c;rosidl_typesupport_introspection_c
[0.689s] -- Using all available rosidl_typesupport_cpp: rosidl_typesupport_fastrtps_cpp;rosidl_typesupport_introspection_cpp
[0.809s] -- Found rmw_implementation_cmake: 7.3.2 (/opt/ros/jazzy/share/rmw_implementation_cmake/cmake)
[0.812s] -- Found rmw_fastrtps_cpp: 8.4.2 (/opt/ros/jazzy/share/rmw_fastrtps_cpp/cmake)
[0.963s] -- Using RMW implementation 'rmw_fastrtps_cpp' as default
[1.077s] [31mCMake Error at /opt/ros/jazzy/share/ament_cmake_target_dependencies/cmake/ament_target_dependencies.cmake:77 (message):
[1.078s]   ament_target_dependencies() the passed package name 'std_msgs' was not
[1.078s]   found before
[1.079s] Call Stack (most recent call first):
[1.079s]   CMakeLists.txt:15 (ament_target_dependencies)
[1.080s] 
[1.081s] [0m
[1.082s] -- Configuring incomplete, errors occurred!
[1.097s] gmake: *** [Makefile:267：cmake_check_build_system] 错误 1
[1.108s] Invoked command in '/home/dotamy/project-name/src/build/cpp_node_demo' returned '2': CMAKE_PREFIX_PATH=${CMAKE_PREFIX_PATH}:/opt/ros/jazzy /usr/bin/cmake --build /home/dotamy/project-name/src/build/cpp_node_demo -- -j8 -l8
