[1.066s] Invoking command in '/home/dotamy/project-name/src/build/topic_demo_cpp': CMAKE_PREFIX_PATH=${CMAKE_PREFIX_PATH}:/opt/ros/jazzy /usr/bin/cmake --build /home/dotamy/project-name/src/build/topic_demo_cpp -- -j8 -l8
[1.508s] [ 50%] Built target pubnode
[1.511s] [100%] Built target subnode
[2.032s] Invoked command in '/home/dotamy/project-name/src/build/topic_demo_cpp' returned '0': CMAKE_PREFIX_PATH=${CMAKE_PREFIX_PATH}:/opt/ros/jazzy /usr/bin/cmake --build /home/dotamy/project-name/src/build/topic_demo_cpp -- -j8 -l8
[2.119s] Invoking command in '/home/dotamy/project-name/src/build/topic_demo_cpp': CMAKE_PREFIX_PATH=${CMAKE_PREFIX_PATH}:/opt/ros/jazzy /usr/bin/cmake --install /home/dotamy/project-name/src/build/topic_demo_cpp
[2.183s] -- Install configuration: ""
[2.184s] -- Up-to-date: /home/dotamy/project-name/src/install/topic_demo_cpp/lib/topic_demo_cpp/pubnode
[2.197s] -- Up-to-date: /home/dotamy/project-name/src/install/topic_demo_cpp/lib/topic_demo_cpp/subnode
[2.201s] -- Up-to-date: /home/dotamy/project-name/src/install/topic_demo_cpp/share/ament_index/resource_index/package_run_dependencies/topic_demo_cpp
[2.202s] -- Up-to-date: /home/dotamy/project-name/src/install/topic_demo_cpp/share/ament_index/resource_index/parent_prefix_path/topic_demo_cpp
[2.203s] -- Up-to-date: /home/dotamy/project-name/src/install/topic_demo_cpp/share/topic_demo_cpp/environment/ament_prefix_path.sh
[2.204s] -- Up-to-date: /home/dotamy/project-name/src/install/topic_demo_cpp/share/topic_demo_cpp/environment/ament_prefix_path.dsv
[2.205s] -- Up-to-date: /home/dotamy/project-name/src/install/topic_demo_cpp/share/topic_demo_cpp/environment/path.sh
[2.207s] -- Up-to-date: /home/dotamy/project-name/src/install/topic_demo_cpp/share/topic_demo_cpp/environment/path.dsv
[2.208s] -- Up-to-date: /home/dotamy/project-name/src/install/topic_demo_cpp/share/topic_demo_cpp/local_setup.bash
[2.208s] -- Up-to-date: /home/dotamy/project-name/src/install/topic_demo_cpp/share/topic_demo_cpp/local_setup.sh
[2.209s] -- Up-to-date: /home/dotamy/project-name/src/install/topic_demo_cpp/share/topic_demo_cpp/local_setup.zsh
[2.210s] -- Up-to-date: /home/dotamy/project-name/src/install/topic_demo_cpp/share/topic_demo_cpp/local_setup.dsv
[2.210s] -- Installing: /home/dotamy/project-name/src/install/topic_demo_cpp/share/topic_demo_cpp/package.dsv
[2.211s] -- Up-to-date: /home/dotamy/project-name/src/install/topic_demo_cpp/share/ament_index/resource_index/packages/topic_demo_cpp
[2.213s] -- Up-to-date: /home/dotamy/project-name/src/install/topic_demo_cpp/share/topic_demo_cpp/cmake/topic_demo_cppConfig.cmake
[2.215s] -- Up-to-date: /home/dotamy/project-name/src/install/topic_demo_cpp/share/topic_demo_cpp/cmake/topic_demo_cppConfig-version.cmake
[2.216s] -- Up-to-date: /home/dotamy/project-name/src/install/topic_demo_cpp/share/topic_demo_cpp/package.xml
[2.222s] Invoked command in '/home/dotamy/project-name/src/build/topic_demo_cpp' returned '0': CMAKE_PREFIX_PATH=${CMAKE_PREFIX_PATH}:/opt/ros/jazzy /usr/bin/cmake --install /home/dotamy/project-name/src/build/topic_demo_cpp
