[0.087s] Invoking command in '/home/dotamy/project-name/src/build/topic_demo_cpp': CMAKE_PREFIX_PATH=${CMAKE_PREFIX_PATH}:/opt/ros/jazzy /usr/bin/cmake --build /home/dotamy/project-name/src/build/topic_demo_cpp -- -j8 -l8
[0.520s] [ 50%] Built target pubnode
[0.522s] [ 75%] [32mBuilding CXX object CMakeFiles/subnode.dir/src/subscriber.cpp.o[0m
[28.294s] [100%] [32m[1mLinking CXX executable subnode[0m
[30.229s] [100%] Built target subnode
[30.310s] Invoked command in '/home/dotamy/project-name/src/build/topic_demo_cpp' returned '0': CMAKE_PREFIX_PATH=${CMAKE_PREFIX_PATH}:/opt/ros/jazzy /usr/bin/cmake --build /home/dotamy/project-name/src/build/topic_demo_cpp -- -j8 -l8
[30.387s] Invoking command in '/home/dotamy/project-name/src/build/topic_demo_cpp': CMAKE_PREFIX_PATH=${CMAKE_PREFIX_PATH}:/opt/ros/jazzy /usr/bin/cmake --install /home/dotamy/project-name/src/build/topic_demo_cpp
[30.442s] -- Install configuration: ""
[30.448s] -- Up-to-date: /home/dotamy/project-name/src/install/topic_demo_cpp/lib/topic_demo_cpp/pubnode
[30.456s] -- Installing: /home/dotamy/project-name/src/install/topic_demo_cpp/lib/topic_demo_cpp/subnode
[30.505s] -- Set non-toolchain portion of runtime path of "/home/dotamy/project-name/src/install/topic_demo_cpp/lib/topic_demo_cpp/subnode" to ""
[30.508s] -- Up-to-date: /home/dotamy/project-name/src/install/topic_demo_cpp/share/ament_index/resource_index/package_run_dependencies/topic_demo_cpp
[30.509s] -- Up-to-date: /home/dotamy/project-name/src/install/topic_demo_cpp/share/ament_index/resource_index/parent_prefix_path/topic_demo_cpp
[30.510s] -- Up-to-date: /home/dotamy/project-name/src/install/topic_demo_cpp/share/topic_demo_cpp/environment/ament_prefix_path.sh
[30.511s] -- Up-to-date: /home/dotamy/project-name/src/install/topic_demo_cpp/share/topic_demo_cpp/environment/ament_prefix_path.dsv
[30.512s] -- Up-to-date: /home/dotamy/project-name/src/install/topic_demo_cpp/share/topic_demo_cpp/environment/path.sh
[30.512s] -- Up-to-date: /home/dotamy/project-name/src/install/topic_demo_cpp/share/topic_demo_cpp/environment/path.dsv
[30.514s] -- Up-to-date: /home/dotamy/project-name/src/install/topic_demo_cpp/share/topic_demo_cpp/local_setup.bash
[30.515s] -- Up-to-date: /home/dotamy/project-name/src/install/topic_demo_cpp/share/topic_demo_cpp/local_setup.sh
[30.516s] -- Up-to-date: /home/dotamy/project-name/src/install/topic_demo_cpp/share/topic_demo_cpp/local_setup.zsh
[30.518s] -- Up-to-date: /home/dotamy/project-name/src/install/topic_demo_cpp/share/topic_demo_cpp/local_setup.dsv
[30.520s] -- Installing: /home/dotamy/project-name/src/install/topic_demo_cpp/share/topic_demo_cpp/package.dsv
[30.525s] -- Up-to-date: /home/dotamy/project-name/src/install/topic_demo_cpp/share/ament_index/resource_index/packages/topic_demo_cpp
[30.532s] -- Up-to-date: /home/dotamy/project-name/src/install/topic_demo_cpp/share/topic_demo_cpp/cmake/topic_demo_cppConfig.cmake
[30.538s] -- Up-to-date: /home/dotamy/project-name/src/install/topic_demo_cpp/share/topic_demo_cpp/cmake/topic_demo_cppConfig-version.cmake
[30.542s] -- Up-to-date: /home/dotamy/project-name/src/install/topic_demo_cpp/share/topic_demo_cpp/package.xml
[30.549s] Invoked command in '/home/dotamy/project-name/src/build/topic_demo_cpp' returned '0': CMAKE_PREFIX_PATH=${CMAKE_PREFIX_PATH}:/opt/ros/jazzy /usr/bin/cmake --install /home/dotamy/project-name/src/build/topic_demo_cpp
