-- The C compiler identification is GNU 13.3.0
-- The CXX compiler identification is GNU 13.3.0
-- Detecting C compiler ABI info
-- Detecting C compiler ABI info - done
-- Check for working C compiler: /usr/bin/cc - skipped
-- Detecting C compile features
-- Detecting C compile features - done
-- Detecting CXX compiler ABI info
-- Detecting CXX compiler ABI info - done
-- Check for working CXX compiler: /usr/bin/c++ - skipped
-- Detecting CXX compile features
-- Detecting CXX compile features - done
-- Found ament_cmake: 2.5.3 (/opt/ros/jazzy/share/ament_cmake/cmake)
-- Found Python3: /usr/bin/python3 (found version "3.12.3") found components: Interpreter 
-- Found rosidl_default_generators: 1.6.0 (/opt/ros/jazzy/share/rosidl_default_generators/cmake)
-- Using all available rosidl_typesupport_c: rosidl_typesupport_fastrtps_c;rosidl_typesupport_introspection_c
-- Using all available rosidl_typesupport_cpp: rosidl_typesupport_fastrtps_cpp;rosidl_typesupport_introspection_cpp
-- Found rosidl_adapter: 4.6.5 (/opt/ros/jazzy/share/rosidl_adapter/cmake)
-- Found sensor_msgs: 5.3.6 (/opt/ros/jazzy/share/sensor_msgs/cmake)
-- Found ament_cmake_ros: 0.12.0 (/opt/ros/jazzy/share/ament_cmake_ros/cmake)
-- Using all available rosidl_typesupport_c: rosidl_typesupport_fastrtps_c;rosidl_typesupport_introspection_c
-- Using all available rosidl_typesupport_cpp: rosidl_typesupport_fastrtps_cpp;rosidl_typesupport_introspection_cpp
-- Found python_cmake_module: 0.11.1 (/opt/ros/jazzy/share/python_cmake_module/cmake)
-- Found PythonExtra: /usr/bin/python3  
-- Found Python3: /usr/bin/python3 (found version "3.12.3") found components: Interpreter Development NumPy Development.Module Development.Embed 
-- Found ament_lint_auto: 0.17.2 (/opt/ros/jazzy/share/ament_lint_auto/cmake)
-- Added test 'flake8' to check Python code syntax and style conventions
-- Configured 'flake8' exclude dirs and/or files: 
-- Added test 'lint_cmake' to check CMake code style
-- Added test 'pep257' to check Python code against some of the docstring style conventions in PEP 257
-- Added test 'xmllint' to check XML markup files
-- Configuring done (21.4s)
-- Generating done (0.2s)
-- Build files have been written to: /home/dotamy/project-name/src/build/my_msg
[  2%] [34m[1mGenerating type hashes for ROS interfaces[0m
[  2%] Built target ament_cmake_python_copy_my_msg
[  2%] Built target my_msg__rosidl_generator_type_description
[  5%] [34m[1mGenerating C code for ROS interfaces[0m
[  8%] [34m[1mGenerating C++ code for ROS interfaces[0m
running egg_info
creating my_msg.egg-info
writing my_msg.egg-info/PKG-INFO
writing dependency_links to my_msg.egg-info/dependency_links.txt
writing top-level names to my_msg.egg-info/top_level.txt
writing manifest file 'my_msg.egg-info/SOURCES.txt'
reading manifest file 'my_msg.egg-info/SOURCES.txt'
writing manifest file 'my_msg.egg-info/SOURCES.txt'
[  8%] Built target my_msg__cpp
[ 11%] [32mBuilding C object CMakeFiles/my_msg__rosidl_generator_c.dir/rosidl_generator_c/my_msg/msg/detail/a__functions.c.o[0m
[ 11%] Built target ament_cmake_python_build_my_msg_egg
[ 14%] [32mBuilding C object CMakeFiles/my_msg__rosidl_generator_c.dir/rosidl_generator_c/my_msg/msg/detail/a__type_support.c.o[0m
[ 17%] [32mBuilding C object CMakeFiles/my_msg__rosidl_generator_c.dir/rosidl_generator_c/my_msg/msg/detail/a__description.c.o[0m
[ 20%] [32m[1mLinking C shared library libmy_msg__rosidl_generator_c.so[0m
[ 20%] Built target my_msg__rosidl_generator_c
[ 23%] [34m[1mGenerating C++ type support dispatch for ROS interfaces[0m
[ 26%] [34m[1mGenerating C type support for eProsima Fast-RTPS[0m
[ 29%] [34m[1mGenerating C type support dispatch for ROS interfaces[0m
[ 32%] [34m[1mGenerating C++ type support for eProsima Fast-RTPS[0m
[ 35%] [34m[1mGenerating C introspection for ROS interfaces[0m
[ 38%] [34m[1mGenerating C++ introspection for ROS interfaces[0m
[ 41%] [32mBuilding CXX object CMakeFiles/my_msg__rosidl_typesupport_cpp.dir/rosidl_typesupport_cpp/my_msg/msg/a__type_support.cpp.o[0m
[ 44%] [32mBuilding CXX object CMakeFiles/my_msg__rosidl_typesupport_c.dir/rosidl_typesupport_c/my_msg/msg/a__type_support.cpp.o[0m
[ 47%] [32mBuilding C object CMakeFiles/my_msg__rosidl_typesupport_introspection_c.dir/rosidl_typesupport_introspection_c/my_msg/msg/detail/a__type_support.c.o[0m
[ 50%] [32mBuilding CXX object CMakeFiles/my_msg__rosidl_typesupport_fastrtps_c.dir/rosidl_typesupport_fastrtps_c/my_msg/msg/detail/a__type_support_c.cpp.o[0m
[ 55%] [32mBuilding CXX object CMakeFiles/my_msg__rosidl_typesupport_introspection_cpp.dir/rosidl_typesupport_introspection_cpp/my_msg/msg/detail/a__type_support.cpp.o[0m
[ 55%] [32mBuilding CXX object CMakeFiles/my_msg__rosidl_typesupport_fastrtps_cpp.dir/rosidl_typesupport_fastrtps_cpp/my_msg/msg/detail/dds_fastrtps/a__type_support.cpp.o[0m
[ 58%] [32m[1mLinking CXX shared library libmy_msg__rosidl_typesupport_c.so[0m
[ 61%] [32m[1mLinking C shared library libmy_msg__rosidl_typesupport_introspection_c.so[0m
[ 61%] Built target my_msg__rosidl_typesupport_c
[ 61%] Built target my_msg__rosidl_typesupport_introspection_c
[ 64%] [32m[1mLinking CXX shared library libmy_msg__rosidl_typesupport_cpp.so[0m
[ 67%] [32m[1mLinking CXX shared library libmy_msg__rosidl_typesupport_introspection_cpp.so[0m
[ 67%] Built target my_msg__rosidl_typesupport_cpp
[ 67%] Built target my_msg__rosidl_typesupport_introspection_cpp
[ 70%] [32m[1mLinking CXX shared library libmy_msg__rosidl_typesupport_fastrtps_c.so[0m
[ 73%] [32m[1mLinking CXX shared library libmy_msg__rosidl_typesupport_fastrtps_cpp.so[0m
[ 73%] Built target my_msg__rosidl_typesupport_fastrtps_cpp
[ 73%] Built target my_msg__rosidl_typesupport_fastrtps_c
[ 73%] Built target my_msg
[ 76%] [34m[1mGenerating Python code for ROS interfaces[0m
[ 76%] Built target my_msg__py
[ 79%] [32mBuilding C object CMakeFiles/my_msg__rosidl_generator_py.dir/rosidl_generator_py/my_msg/msg/_a_s.c.o[0m
[ 82%] [32m[1mLinking C shared library libmy_msg__rosidl_generator_py.so[0m
[ 82%] Built target my_msg__rosidl_generator_py
[ 85%] [32mBuilding C object CMakeFiles/my_msg_s__rosidl_typesupport_introspection_c.dir/rosidl_generator_py/my_msg/_my_msg_s.ep.rosidl_typesupport_introspection_c.c.o[0m
[ 88%] [32mBuilding C object CMakeFiles/my_msg_s__rosidl_typesupport_fastrtps_c.dir/rosidl_generator_py/my_msg/_my_msg_s.ep.rosidl_typesupport_fastrtps_c.c.o[0m
[ 91%] [32mBuilding C object CMakeFiles/my_msg_s__rosidl_typesupport_c.dir/rosidl_generator_py/my_msg/_my_msg_s.ep.rosidl_typesupport_c.c.o[0m
[ 94%] [32m[1mLinking C shared module rosidl_generator_py/my_msg/my_msg_s__rosidl_typesupport_introspection_c.so[0m
[ 97%] [32m[1mLinking C shared module rosidl_generator_py/my_msg/my_msg_s__rosidl_typesupport_c.so[0m
[100%] [32m[1mLinking C shared module rosidl_generator_py/my_msg/my_msg_s__rosidl_typesupport_fastrtps_c.so[0m
[100%] Built target my_msg_s__rosidl_typesupport_c
[100%] Built target my_msg_s__rosidl_typesupport_introspection_c
[100%] Built target my_msg_s__rosidl_typesupport_fastrtps_c
-- Install configuration: ""
-- Installing: /home/dotamy/project-name/src/install/my_msg/share/ament_index/resource_index/rosidl_interfaces/my_msg
-- Installing: /home/dotamy/project-name/src/install/my_msg/share/my_msg/msg/A.json
-- Installing: /home/dotamy/project-name/src/install/my_msg/include/my_msg/my_msg
-- Installing: /home/dotamy/project-name/src/install/my_msg/include/my_msg/my_msg/msg
-- Installing: /home/dotamy/project-name/src/install/my_msg/include/my_msg/my_msg/msg/a.h
-- Installing: /home/dotamy/project-name/src/install/my_msg/include/my_msg/my_msg/msg/detail
-- Installing: /home/dotamy/project-name/src/install/my_msg/include/my_msg/my_msg/msg/detail/a__struct.h
-- Installing: /home/dotamy/project-name/src/install/my_msg/include/my_msg/my_msg/msg/detail/a__functions.h
-- Installing: /home/dotamy/project-name/src/install/my_msg/include/my_msg/my_msg/msg/detail/a__functions.c
-- Installing: /home/dotamy/project-name/src/install/my_msg/include/my_msg/my_msg/msg/detail/a__description.c
-- Installing: /home/dotamy/project-name/src/install/my_msg/include/my_msg/my_msg/msg/detail/a__type_support.h
-- Installing: /home/dotamy/project-name/src/install/my_msg/include/my_msg/my_msg/msg/detail/a__type_support.c
-- Installing: /home/dotamy/project-name/src/install/my_msg/include/my_msg/my_msg/msg/rosidl_generator_c__visibility_control.h
-- Installing: /home/dotamy/project-name/src/install/my_msg/share/my_msg/environment/library_path.sh
-- Installing: /home/dotamy/project-name/src/install/my_msg/share/my_msg/environment/library_path.dsv
-- Installing: /home/dotamy/project-name/src/install/my_msg/lib/libmy_msg__rosidl_generator_c.so
-- Set non-toolchain portion of runtime path of "/home/dotamy/project-name/src/install/my_msg/lib/libmy_msg__rosidl_generator_c.so" to ""
-- Up-to-date: /home/dotamy/project-name/src/install/my_msg/include/my_msg/my_msg
-- Up-to-date: /home/dotamy/project-name/src/install/my_msg/include/my_msg/my_msg/msg
-- Installing: /home/dotamy/project-name/src/install/my_msg/include/my_msg/my_msg/msg/rosidl_typesupport_fastrtps_c__visibility_control.h
-- Up-to-date: /home/dotamy/project-name/src/install/my_msg/include/my_msg/my_msg/msg/detail
-- Installing: /home/dotamy/project-name/src/install/my_msg/include/my_msg/my_msg/msg/detail/a__rosidl_typesupport_fastrtps_c.h
-- Installing: /home/dotamy/project-name/src/install/my_msg/lib/libmy_msg__rosidl_typesupport_fastrtps_c.so
-- Set non-toolchain portion of runtime path of "/home/dotamy/project-name/src/install/my_msg/lib/libmy_msg__rosidl_typesupport_fastrtps_c.so" to ""
-- Up-to-date: /home/dotamy/project-name/src/install/my_msg/include/my_msg/my_msg
-- Up-to-date: /home/dotamy/project-name/src/install/my_msg/include/my_msg/my_msg/msg
-- Installing: /home/dotamy/project-name/src/install/my_msg/include/my_msg/my_msg/msg/rosidl_typesupport_introspection_c__visibility_control.h
-- Up-to-date: /home/dotamy/project-name/src/install/my_msg/include/my_msg/my_msg/msg/detail
-- Installing: /home/dotamy/project-name/src/install/my_msg/include/my_msg/my_msg/msg/detail/a__rosidl_typesupport_introspection_c.h
-- Installing: /home/dotamy/project-name/src/install/my_msg/include/my_msg/my_msg/msg/detail/a__type_support.c
-- Installing: /home/dotamy/project-name/src/install/my_msg/lib/libmy_msg__rosidl_typesupport_introspection_c.so
-- Set non-toolchain portion of runtime path of "/home/dotamy/project-name/src/install/my_msg/lib/libmy_msg__rosidl_typesupport_introspection_c.so" to ""
-- Installing: /home/dotamy/project-name/src/install/my_msg/lib/libmy_msg__rosidl_typesupport_c.so
-- Set non-toolchain portion of runtime path of "/home/dotamy/project-name/src/install/my_msg/lib/libmy_msg__rosidl_typesupport_c.so" to ""
-- Up-to-date: /home/dotamy/project-name/src/install/my_msg/include/my_msg/my_msg
-- Up-to-date: /home/dotamy/project-name/src/install/my_msg/include/my_msg/my_msg/msg
-- Installing: /home/dotamy/project-name/src/install/my_msg/include/my_msg/my_msg/msg/a.hpp
-- Up-to-date: /home/dotamy/project-name/src/install/my_msg/include/my_msg/my_msg/msg/detail
-- Installing: /home/dotamy/project-name/src/install/my_msg/include/my_msg/my_msg/msg/detail/a__builder.hpp
-- Installing: /home/dotamy/project-name/src/install/my_msg/include/my_msg/my_msg/msg/detail/a__type_support.hpp
-- Installing: /home/dotamy/project-name/src/install/my_msg/include/my_msg/my_msg/msg/detail/a__traits.hpp
-- Installing: /home/dotamy/project-name/src/install/my_msg/include/my_msg/my_msg/msg/detail/a__struct.hpp
-- Installing: /home/dotamy/project-name/src/install/my_msg/include/my_msg/my_msg/msg/rosidl_generator_cpp__visibility_control.hpp
-- Up-to-date: /home/dotamy/project-name/src/install/my_msg/include/my_msg/my_msg
-- Up-to-date: /home/dotamy/project-name/src/install/my_msg/include/my_msg/my_msg/msg
-- Installing: /home/dotamy/project-name/src/install/my_msg/include/my_msg/my_msg/msg/rosidl_typesupport_fastrtps_cpp__visibility_control.h
-- Up-to-date: /home/dotamy/project-name/src/install/my_msg/include/my_msg/my_msg/msg/detail
-- Installing: /home/dotamy/project-name/src/install/my_msg/include/my_msg/my_msg/msg/detail/dds_fastrtps
-- Installing: /home/dotamy/project-name/src/install/my_msg/include/my_msg/my_msg/msg/detail/a__rosidl_typesupport_fastrtps_cpp.hpp
-- Installing: /home/dotamy/project-name/src/install/my_msg/lib/libmy_msg__rosidl_typesupport_fastrtps_cpp.so
-- Set non-toolchain portion of runtime path of "/home/dotamy/project-name/src/install/my_msg/lib/libmy_msg__rosidl_typesupport_fastrtps_cpp.so" to ""
-- Up-to-date: /home/dotamy/project-name/src/install/my_msg/include/my_msg/my_msg
-- Up-to-date: /home/dotamy/project-name/src/install/my_msg/include/my_msg/my_msg/msg
-- Up-to-date: /home/dotamy/project-name/src/install/my_msg/include/my_msg/my_msg/msg/detail
-- Installing: /home/dotamy/project-name/src/install/my_msg/include/my_msg/my_msg/msg/detail/a__rosidl_typesupport_introspection_cpp.hpp
-- Installing: /home/dotamy/project-name/src/install/my_msg/include/my_msg/my_msg/msg/detail/a__type_support.cpp
-- Installing: /home/dotamy/project-name/src/install/my_msg/lib/libmy_msg__rosidl_typesupport_introspection_cpp.so
-- Set non-toolchain portion of runtime path of "/home/dotamy/project-name/src/install/my_msg/lib/libmy_msg__rosidl_typesupport_introspection_cpp.so" to ""
-- Installing: /home/dotamy/project-name/src/install/my_msg/lib/libmy_msg__rosidl_typesupport_cpp.so
-- Set non-toolchain portion of runtime path of "/home/dotamy/project-name/src/install/my_msg/lib/libmy_msg__rosidl_typesupport_cpp.so" to ""
-- Installing: /home/dotamy/project-name/src/install/my_msg/share/my_msg/environment/pythonpath.sh
-- Installing: /home/dotamy/project-name/src/install/my_msg/share/my_msg/environment/pythonpath.dsv
-- Installing: /home/dotamy/project-name/src/install/my_msg/lib/python3.12/site-packages/my_msg-0.0.0-py3.12.egg-info
-- Installing: /home/dotamy/project-name/src/install/my_msg/lib/python3.12/site-packages/my_msg-0.0.0-py3.12.egg-info/dependency_links.txt
-- Installing: /home/dotamy/project-name/src/install/my_msg/lib/python3.12/site-packages/my_msg-0.0.0-py3.12.egg-info/SOURCES.txt
-- Installing: /home/dotamy/project-name/src/install/my_msg/lib/python3.12/site-packages/my_msg-0.0.0-py3.12.egg-info/PKG-INFO
-- Installing: /home/dotamy/project-name/src/install/my_msg/lib/python3.12/site-packages/my_msg-0.0.0-py3.12.egg-info/top_level.txt
-- Installing: /home/dotamy/project-name/src/install/my_msg/lib/python3.12/site-packages/my_msg
-- Installing: /home/dotamy/project-name/src/install/my_msg/lib/python3.12/site-packages/my_msg/_my_msg_s.ep.rosidl_typesupport_fastrtps_c.c
-- Installing: /home/dotamy/project-name/src/install/my_msg/lib/python3.12/site-packages/my_msg/my_msg_s__rosidl_typesupport_fastrtps_c.so
-- Installing: /home/dotamy/project-name/src/install/my_msg/lib/python3.12/site-packages/my_msg/__init__.py
-- Installing: /home/dotamy/project-name/src/install/my_msg/lib/python3.12/site-packages/my_msg/_my_msg_s.ep.rosidl_typesupport_c.c
-- Installing: /home/dotamy/project-name/src/install/my_msg/lib/python3.12/site-packages/my_msg/my_msg_s__rosidl_typesupport_introspection_c.so
-- Installing: /home/dotamy/project-name/src/install/my_msg/lib/python3.12/site-packages/my_msg/my_msg_s__rosidl_typesupport_c.so
-- Installing: /home/dotamy/project-name/src/install/my_msg/lib/python3.12/site-packages/my_msg/_my_msg_s.ep.rosidl_typesupport_introspection_c.c
-- Installing: /home/dotamy/project-name/src/install/my_msg/lib/python3.12/site-packages/my_msg/msg
-- Installing: /home/dotamy/project-name/src/install/my_msg/lib/python3.12/site-packages/my_msg/msg/__init__.py
-- Installing: /home/dotamy/project-name/src/install/my_msg/lib/python3.12/site-packages/my_msg/msg/_a_s.c
-- Installing: /home/dotamy/project-name/src/install/my_msg/lib/python3.12/site-packages/my_msg/msg/_a.py
Listing '/home/dotamy/project-name/src/install/my_msg/lib/python3.12/site-packages/my_msg'...
Compiling '/home/dotamy/project-name/src/install/my_msg/lib/python3.12/site-packages/my_msg/__init__.py'...
Listing '/home/dotamy/project-name/src/install/my_msg/lib/python3.12/site-packages/my_msg/msg'...
Compiling '/home/dotamy/project-name/src/install/my_msg/lib/python3.12/site-packages/my_msg/msg/__init__.py'...
Compiling '/home/dotamy/project-name/src/install/my_msg/lib/python3.12/site-packages/my_msg/msg/_a.py'...
-- Installing: /home/dotamy/project-name/src/install/my_msg/lib/python3.12/site-packages/my_msg/my_msg_s__rosidl_typesupport_fastrtps_c.so
-- Set non-toolchain portion of runtime path of "/home/dotamy/project-name/src/install/my_msg/lib/python3.12/site-packages/my_msg/my_msg_s__rosidl_typesupport_fastrtps_c.so" to ""
-- Installing: /home/dotamy/project-name/src/install/my_msg/lib/python3.12/site-packages/my_msg/my_msg_s__rosidl_typesupport_introspection_c.so
-- Set non-toolchain portion of runtime path of "/home/dotamy/project-name/src/install/my_msg/lib/python3.12/site-packages/my_msg/my_msg_s__rosidl_typesupport_introspection_c.so" to ""
-- Installing: /home/dotamy/project-name/src/install/my_msg/lib/python3.12/site-packages/my_msg/my_msg_s__rosidl_typesupport_c.so
-- Set non-toolchain portion of runtime path of "/home/dotamy/project-name/src/install/my_msg/lib/python3.12/site-packages/my_msg/my_msg_s__rosidl_typesupport_c.so" to ""
-- Installing: /home/dotamy/project-name/src/install/my_msg/lib/libmy_msg__rosidl_generator_py.so
-- Set non-toolchain portion of runtime path of "/home/dotamy/project-name/src/install/my_msg/lib/libmy_msg__rosidl_generator_py.so" to ""
-- Installing: /home/dotamy/project-name/src/install/my_msg/share/my_msg/msg/A.idl
-- Installing: /home/dotamy/project-name/src/install/my_msg/share/my_msg/msg/A.msg
-- Installing: /home/dotamy/project-name/src/install/my_msg/share/ament_index/resource_index/package_run_dependencies/my_msg
-- Installing: /home/dotamy/project-name/src/install/my_msg/share/ament_index/resource_index/parent_prefix_path/my_msg
-- Installing: /home/dotamy/project-name/src/install/my_msg/share/my_msg/environment/ament_prefix_path.sh
-- Installing: /home/dotamy/project-name/src/install/my_msg/share/my_msg/environment/ament_prefix_path.dsv
-- Installing: /home/dotamy/project-name/src/install/my_msg/share/my_msg/environment/path.sh
-- Installing: /home/dotamy/project-name/src/install/my_msg/share/my_msg/environment/path.dsv
-- Installing: /home/dotamy/project-name/src/install/my_msg/share/my_msg/local_setup.bash
-- Installing: /home/dotamy/project-name/src/install/my_msg/share/my_msg/local_setup.sh
-- Installing: /home/dotamy/project-name/src/install/my_msg/share/my_msg/local_setup.zsh
-- Installing: /home/dotamy/project-name/src/install/my_msg/share/my_msg/local_setup.dsv
-- Installing: /home/dotamy/project-name/src/install/my_msg/share/my_msg/package.dsv
-- Installing: /home/dotamy/project-name/src/install/my_msg/share/ament_index/resource_index/packages/my_msg
-- Installing: /home/dotamy/project-name/src/install/my_msg/share/my_msg/cmake/export_my_msg__rosidl_generator_cExport.cmake
-- Installing: /home/dotamy/project-name/src/install/my_msg/share/my_msg/cmake/export_my_msg__rosidl_generator_cExport-noconfig.cmake
-- Installing: /home/dotamy/project-name/src/install/my_msg/share/my_msg/cmake/export_my_msg__rosidl_typesupport_fastrtps_cExport.cmake
-- Installing: /home/dotamy/project-name/src/install/my_msg/share/my_msg/cmake/export_my_msg__rosidl_typesupport_fastrtps_cExport-noconfig.cmake
-- Installing: /home/dotamy/project-name/src/install/my_msg/share/my_msg/cmake/my_msg__rosidl_typesupport_introspection_cExport.cmake
-- Installing: /home/dotamy/project-name/src/install/my_msg/share/my_msg/cmake/my_msg__rosidl_typesupport_introspection_cExport-noconfig.cmake
-- Installing: /home/dotamy/project-name/src/install/my_msg/share/my_msg/cmake/my_msg__rosidl_typesupport_cExport.cmake
-- Installing: /home/dotamy/project-name/src/install/my_msg/share/my_msg/cmake/my_msg__rosidl_typesupport_cExport-noconfig.cmake
-- Installing: /home/dotamy/project-name/src/install/my_msg/share/my_msg/cmake/export_my_msg__rosidl_generator_cppExport.cmake
-- Installing: /home/dotamy/project-name/src/install/my_msg/share/my_msg/cmake/export_my_msg__rosidl_typesupport_fastrtps_cppExport.cmake
-- Installing: /home/dotamy/project-name/src/install/my_msg/share/my_msg/cmake/export_my_msg__rosidl_typesupport_fastrtps_cppExport-noconfig.cmake
-- Installing: /home/dotamy/project-name/src/install/my_msg/share/my_msg/cmake/my_msg__rosidl_typesupport_introspection_cppExport.cmake
-- Installing: /home/dotamy/project-name/src/install/my_msg/share/my_msg/cmake/my_msg__rosidl_typesupport_introspection_cppExport-noconfig.cmake
-- Installing: /home/dotamy/project-name/src/install/my_msg/share/my_msg/cmake/my_msg__rosidl_typesupport_cppExport.cmake
-- Installing: /home/dotamy/project-name/src/install/my_msg/share/my_msg/cmake/my_msg__rosidl_typesupport_cppExport-noconfig.cmake
-- Installing: /home/dotamy/project-name/src/install/my_msg/share/my_msg/cmake/export_my_msg__rosidl_generator_pyExport.cmake
-- Installing: /home/dotamy/project-name/src/install/my_msg/share/my_msg/cmake/export_my_msg__rosidl_generator_pyExport-noconfig.cmake
-- Installing: /home/dotamy/project-name/src/install/my_msg/share/my_msg/cmake/rosidl_cmake-extras.cmake
-- Installing: /home/dotamy/project-name/src/install/my_msg/share/my_msg/cmake/ament_cmake_export_dependencies-extras.cmake
-- Installing: /home/dotamy/project-name/src/install/my_msg/share/my_msg/cmake/ament_cmake_export_include_directories-extras.cmake
-- Installing: /home/dotamy/project-name/src/install/my_msg/share/my_msg/cmake/ament_cmake_export_libraries-extras.cmake
-- Installing: /home/dotamy/project-name/src/install/my_msg/share/my_msg/cmake/ament_cmake_export_targets-extras.cmake
-- Installing: /home/dotamy/project-name/src/install/my_msg/share/my_msg/cmake/rosidl_cmake_export_typesupport_targets-extras.cmake
-- Installing: /home/dotamy/project-name/src/install/my_msg/share/my_msg/cmake/rosidl_cmake_export_typesupport_libraries-extras.cmake
-- Installing: /home/dotamy/project-name/src/install/my_msg/share/my_msg/cmake/my_msgConfig.cmake
-- Installing: /home/dotamy/project-name/src/install/my_msg/share/my_msg/cmake/my_msgConfig-version.cmake
-- Installing: /home/dotamy/project-name/src/install/my_msg/share/my_msg/package.xml
