[0.061s] Invoking command in '/home/dotamy/project-name/src/build/my_msg': CMAKE_PREFIX_PATH=${CMAKE_PREFIX_PATH}:/opt/ros/jazzy /usr/bin/cmake /home/dotamy/project-name/src/my_msg -DCMAKE_INSTALL_PREFIX=/home/dotamy/project-name/src/install/my_msg
[0.479s] -- The C compiler identification is GNU 13.3.0
[0.877s] -- The CXX compiler identification is GNU 13.3.0
[1.031s] -- Detecting C compiler ABI info
[1.771s] -- Detecting C compiler ABI info - done
[1.794s] -- Check for working C compiler: /usr/bin/cc - skipped
[1.797s] -- Detecting C compile features
[1.798s] -- Detecting C compile features - done
[1.878s] -- Detecting CXX compiler ABI info
[2.716s] -- Detecting CXX compiler ABI info - done
[2.743s] -- Check for working CXX compiler: /usr/bin/c++ - skipped
[2.747s] -- Detecting CXX compile features
[2.748s] -- Detecting CXX compile features - done
[2.770s] -- Found ament_cmake: 2.5.3 (/opt/ros/jazzy/share/ament_cmake/cmake)
[3.706s] -- Found Python3: /usr/bin/python3 (found version "3.12.3") found components: Interpreter 
[4.294s] -- Found rosidl_default_generators: 1.6.0 (/opt/ros/jazzy/share/rosidl_default_generators/cmake)
[4.332s] -- Using all available rosidl_typesupport_c: rosidl_typesupport_fastrtps_c;rosidl_typesupport_introspection_c
[4.727s] -- Using all available rosidl_typesupport_cpp: rosidl_typesupport_fastrtps_cpp;rosidl_typesupport_introspection_cpp
[5.015s] -- Found rosidl_adapter: 4.6.5 (/opt/ros/jazzy/share/rosidl_adapter/cmake)
[5.048s] -- Found sensor_msgs: 5.3.6 (/opt/ros/jazzy/share/sensor_msgs/cmake)
[9.340s] -- Found ament_cmake_ros: 0.12.0 (/opt/ros/jazzy/share/ament_cmake_ros/cmake)
[12.646s] -- Using all available rosidl_typesupport_c: rosidl_typesupport_fastrtps_c;rosidl_typesupport_introspection_c
[17.248s] -- Using all available rosidl_typesupport_cpp: rosidl_typesupport_fastrtps_cpp;rosidl_typesupport_introspection_cpp
[17.267s] -- Found python_cmake_module: 0.11.1 (/opt/ros/jazzy/share/python_cmake_module/cmake)
[18.102s] -- Found PythonExtra: /usr/bin/python3  
[20.754s] -- Found Python3: /usr/bin/python3 (found version "3.12.3") found components: Interpreter Development NumPy Development.Module Development.Embed 
[21.279s] -- Found ament_lint_auto: 0.17.2 (/opt/ros/jazzy/share/ament_lint_auto/cmake)
[21.473s] -- Added test 'flake8' to check Python code syntax and style conventions
[21.479s] -- Configured 'flake8' exclude dirs and/or files: 
[21.485s] -- Added test 'lint_cmake' to check CMake code style
[21.487s] -- Added test 'pep257' to check Python code against some of the docstring style conventions in PEP 257
[21.529s] -- Added test 'xmllint' to check XML markup files
[21.565s] -- Configuring done (21.4s)
[21.864s] -- Generating done (0.2s)
[21.918s] -- Build files have been written to: /home/dotamy/project-name/src/build/my_msg
[21.976s] Invoked command in '/home/dotamy/project-name/src/build/my_msg' returned '0': CMAKE_PREFIX_PATH=${CMAKE_PREFIX_PATH}:/opt/ros/jazzy /usr/bin/cmake /home/dotamy/project-name/src/my_msg -DCMAKE_INSTALL_PREFIX=/home/dotamy/project-name/src/install/my_msg
[21.977s] Invoking command in '/home/dotamy/project-name/src/build/my_msg': CMAKE_PREFIX_PATH=${CMAKE_PREFIX_PATH}:/opt/ros/jazzy /usr/bin/cmake --build /home/dotamy/project-name/src/build/my_msg -- -j8 -l8
[22.412s] [  2%] [34m[1mGenerating type hashes for ROS interfaces[0m
[22.528s] [  2%] Built target ament_cmake_python_copy_my_msg
[23.078s] [  2%] Built target my_msg__rosidl_generator_type_description
[23.180s] [  5%] [34m[1mGenerating C code for ROS interfaces[0m
[23.256s] [  8%] [34m[1mGenerating C++ code for ROS interfaces[0m
[23.574s] running egg_info
[23.576s] creating my_msg.egg-info
[23.667s] writing my_msg.egg-info/PKG-INFO
[23.670s] writing dependency_links to my_msg.egg-info/dependency_links.txt
[23.670s] writing top-level names to my_msg.egg-info/top_level.txt
[23.671s] writing manifest file 'my_msg.egg-info/SOURCES.txt'
[23.943s] reading manifest file 'my_msg.egg-info/SOURCES.txt'
[23.945s] writing manifest file 'my_msg.egg-info/SOURCES.txt'
[24.021s] [  8%] Built target my_msg__cpp
[24.041s] [ 11%] [32mBuilding C object CMakeFiles/my_msg__rosidl_generator_c.dir/rosidl_generator_c/my_msg/msg/detail/a__functions.c.o[0m
[24.043s] [ 11%] Built target ament_cmake_python_build_my_msg_egg
[24.045s] [ 14%] [32mBuilding C object CMakeFiles/my_msg__rosidl_generator_c.dir/rosidl_generator_c/my_msg/msg/detail/a__type_support.c.o[0m
[24.047s] [ 17%] [32mBuilding C object CMakeFiles/my_msg__rosidl_generator_c.dir/rosidl_generator_c/my_msg/msg/detail/a__description.c.o[0m
[24.436s] [ 20%] [32m[1mLinking C shared library libmy_msg__rosidl_generator_c.so[0m
[24.766s] [ 20%] Built target my_msg__rosidl_generator_c
[24.847s] [ 23%] [34m[1mGenerating C++ type support dispatch for ROS interfaces[0m
[24.854s] [ 26%] [34m[1mGenerating C type support for eProsima Fast-RTPS[0m
[24.860s] [ 29%] [34m[1mGenerating C type support dispatch for ROS interfaces[0m
[24.862s] [ 32%] [34m[1mGenerating C++ type support for eProsima Fast-RTPS[0m
[24.865s] [ 35%] [34m[1mGenerating C introspection for ROS interfaces[0m
[24.889s] [ 38%] [34m[1mGenerating C++ introspection for ROS interfaces[0m
[25.539s] [ 41%] [32mBuilding CXX object CMakeFiles/my_msg__rosidl_typesupport_cpp.dir/rosidl_typesupport_cpp/my_msg/msg/a__type_support.cpp.o[0m
[25.556s] [ 44%] [32mBuilding CXX object CMakeFiles/my_msg__rosidl_typesupport_c.dir/rosidl_typesupport_c/my_msg/msg/a__type_support.cpp.o[0m
[25.656s] [ 47%] [32mBuilding C object CMakeFiles/my_msg__rosidl_typesupport_introspection_c.dir/rosidl_typesupport_introspection_c/my_msg/msg/detail/a__type_support.c.o[0m
[25.681s] [ 50%] [32mBuilding CXX object CMakeFiles/my_msg__rosidl_typesupport_fastrtps_c.dir/rosidl_typesupport_fastrtps_c/my_msg/msg/detail/a__type_support_c.cpp.o[0m
[25.689s] [ 55%] [32mBuilding CXX object CMakeFiles/my_msg__rosidl_typesupport_introspection_cpp.dir/rosidl_typesupport_introspection_cpp/my_msg/msg/detail/a__type_support.cpp.o[0m
[25.690s] [ 55%] [32mBuilding CXX object CMakeFiles/my_msg__rosidl_typesupport_fastrtps_cpp.dir/rosidl_typesupport_fastrtps_cpp/my_msg/msg/detail/dds_fastrtps/a__type_support.cpp.o[0m
[25.961s] [ 58%] [32m[1mLinking CXX shared library libmy_msg__rosidl_typesupport_c.so[0m
[26.010s] [ 61%] [32m[1mLinking C shared library libmy_msg__rosidl_typesupport_introspection_c.so[0m
[26.303s] [ 61%] Built target my_msg__rosidl_typesupport_c
[26.328s] [ 61%] Built target my_msg__rosidl_typesupport_introspection_c
[27.253s] [ 64%] [32m[1mLinking CXX shared library libmy_msg__rosidl_typesupport_cpp.so[0m
[27.568s] [ 67%] [32m[1mLinking CXX shared library libmy_msg__rosidl_typesupport_introspection_cpp.so[0m
[27.595s] [ 67%] Built target my_msg__rosidl_typesupport_cpp
[28.037s] [ 67%] Built target my_msg__rosidl_typesupport_introspection_cpp
[28.071s] [ 70%] [32m[1mLinking CXX shared library libmy_msg__rosidl_typesupport_fastrtps_c.so[0m
[28.073s] [ 73%] [32m[1mLinking CXX shared library libmy_msg__rosidl_typesupport_fastrtps_cpp.so[0m
[28.627s] [ 73%] Built target my_msg__rosidl_typesupport_fastrtps_cpp
[28.638s] [ 73%] Built target my_msg__rosidl_typesupport_fastrtps_c
[28.812s] [ 73%] Built target my_msg
[29.008s] [ 76%] [34m[1mGenerating Python code for ROS interfaces[0m
[29.978s] [ 76%] Built target my_msg__py
[30.184s] [ 79%] [32mBuilding C object CMakeFiles/my_msg__rosidl_generator_py.dir/rosidl_generator_py/my_msg/msg/_a_s.c.o[0m
[31.407s] [ 82%] [32m[1mLinking C shared library libmy_msg__rosidl_generator_py.so[0m
[31.846s] [ 82%] Built target my_msg__rosidl_generator_py
[32.011s] [ 85%] [32mBuilding C object CMakeFiles/my_msg_s__rosidl_typesupport_introspection_c.dir/rosidl_generator_py/my_msg/_my_msg_s.ep.rosidl_typesupport_introspection_c.c.o[0m
[32.018s] [ 88%] [32mBuilding C object CMakeFiles/my_msg_s__rosidl_typesupport_fastrtps_c.dir/rosidl_generator_py/my_msg/_my_msg_s.ep.rosidl_typesupport_fastrtps_c.c.o[0m
[32.050s] [ 91%] [32mBuilding C object CMakeFiles/my_msg_s__rosidl_typesupport_c.dir/rosidl_generator_py/my_msg/_my_msg_s.ep.rosidl_typesupport_c.c.o[0m
[32.856s] [ 94%] [32m[1mLinking C shared module rosidl_generator_py/my_msg/my_msg_s__rosidl_typesupport_introspection_c.so[0m
[32.856s] [ 97%] [32m[1mLinking C shared module rosidl_generator_py/my_msg/my_msg_s__rosidl_typesupport_c.so[0m
[32.955s] [100%] [32m[1mLinking C shared module rosidl_generator_py/my_msg/my_msg_s__rosidl_typesupport_fastrtps_c.so[0m
[33.137s] [100%] Built target my_msg_s__rosidl_typesupport_c
[33.151s] [100%] Built target my_msg_s__rosidl_typesupport_introspection_c
[33.263s] [100%] Built target my_msg_s__rosidl_typesupport_fastrtps_c
[33.348s] Invoked command in '/home/dotamy/project-name/src/build/my_msg' returned '0': CMAKE_PREFIX_PATH=${CMAKE_PREFIX_PATH}:/opt/ros/jazzy /usr/bin/cmake --build /home/dotamy/project-name/src/build/my_msg -- -j8 -l8
[33.420s] Invoking command in '/home/dotamy/project-name/src/build/my_msg': CMAKE_PREFIX_PATH=${CMAKE_PREFIX_PATH}:/opt/ros/jazzy /usr/bin/cmake --install /home/dotamy/project-name/src/build/my_msg
[33.488s] -- Install configuration: ""
[33.489s] -- Installing: /home/dotamy/project-name/src/install/my_msg/share/ament_index/resource_index/rosidl_interfaces/my_msg
[33.489s] -- Installing: /home/dotamy/project-name/src/install/my_msg/share/my_msg/msg/A.json
[33.496s] -- Installing: /home/dotamy/project-name/src/install/my_msg/include/my_msg/my_msg
[33.497s] -- Installing: /home/dotamy/project-name/src/install/my_msg/include/my_msg/my_msg/msg
[33.497s] -- Installing: /home/dotamy/project-name/src/install/my_msg/include/my_msg/my_msg/msg/a.h
[33.498s] -- Installing: /home/dotamy/project-name/src/install/my_msg/include/my_msg/my_msg/msg/detail
[33.499s] -- Installing: /home/dotamy/project-name/src/install/my_msg/include/my_msg/my_msg/msg/detail/a__struct.h
[33.500s] -- Installing: /home/dotamy/project-name/src/install/my_msg/include/my_msg/my_msg/msg/detail/a__functions.h
[33.501s] -- Installing: /home/dotamy/project-name/src/install/my_msg/include/my_msg/my_msg/msg/detail/a__functions.c
[33.501s] -- Installing: /home/dotamy/project-name/src/install/my_msg/include/my_msg/my_msg/msg/detail/a__description.c
[33.502s] -- Installing: /home/dotamy/project-name/src/install/my_msg/include/my_msg/my_msg/msg/detail/a__type_support.h
[33.508s] -- Installing: /home/dotamy/project-name/src/install/my_msg/include/my_msg/my_msg/msg/detail/a__type_support.c
[33.512s] -- Installing: /home/dotamy/project-name/src/install/my_msg/include/my_msg/my_msg/msg/rosidl_generator_c__visibility_control.h
[33.513s] -- Installing: /home/dotamy/project-name/src/install/my_msg/share/my_msg/environment/library_path.sh
[33.515s] -- Installing: /home/dotamy/project-name/src/install/my_msg/share/my_msg/environment/library_path.dsv
[33.517s] -- Installing: /home/dotamy/project-name/src/install/my_msg/lib/libmy_msg__rosidl_generator_c.so
[33.518s] -- Set non-toolchain portion of runtime path of "/home/dotamy/project-name/src/install/my_msg/lib/libmy_msg__rosidl_generator_c.so" to ""
[33.520s] -- Up-to-date: /home/dotamy/project-name/src/install/my_msg/include/my_msg/my_msg
[33.521s] -- Up-to-date: /home/dotamy/project-name/src/install/my_msg/include/my_msg/my_msg/msg
[33.522s] -- Installing: /home/dotamy/project-name/src/install/my_msg/include/my_msg/my_msg/msg/rosidl_typesupport_fastrtps_c__visibility_control.h
[33.523s] -- Up-to-date: /home/dotamy/project-name/src/install/my_msg/include/my_msg/my_msg/msg/detail
[33.525s] -- Installing: /home/dotamy/project-name/src/install/my_msg/include/my_msg/my_msg/msg/detail/a__rosidl_typesupport_fastrtps_c.h
[33.526s] -- Installing: /home/dotamy/project-name/src/install/my_msg/lib/libmy_msg__rosidl_typesupport_fastrtps_c.so
[33.529s] -- Set non-toolchain portion of runtime path of "/home/dotamy/project-name/src/install/my_msg/lib/libmy_msg__rosidl_typesupport_fastrtps_c.so" to ""
[33.530s] -- Up-to-date: /home/dotamy/project-name/src/install/my_msg/include/my_msg/my_msg
[33.532s] -- Up-to-date: /home/dotamy/project-name/src/install/my_msg/include/my_msg/my_msg/msg
[33.533s] -- Installing: /home/dotamy/project-name/src/install/my_msg/include/my_msg/my_msg/msg/rosidl_typesupport_introspection_c__visibility_control.h
[33.536s] -- Up-to-date: /home/dotamy/project-name/src/install/my_msg/include/my_msg/my_msg/msg/detail
[33.538s] -- Installing: /home/dotamy/project-name/src/install/my_msg/include/my_msg/my_msg/msg/detail/a__rosidl_typesupport_introspection_c.h
[33.539s] -- Installing: /home/dotamy/project-name/src/install/my_msg/include/my_msg/my_msg/msg/detail/a__type_support.c
[33.541s] -- Installing: /home/dotamy/project-name/src/install/my_msg/lib/libmy_msg__rosidl_typesupport_introspection_c.so
[33.542s] -- Set non-toolchain portion of runtime path of "/home/dotamy/project-name/src/install/my_msg/lib/libmy_msg__rosidl_typesupport_introspection_c.so" to ""
[33.544s] -- Installing: /home/dotamy/project-name/src/install/my_msg/lib/libmy_msg__rosidl_typesupport_c.so
[33.550s] -- Set non-toolchain portion of runtime path of "/home/dotamy/project-name/src/install/my_msg/lib/libmy_msg__rosidl_typesupport_c.so" to ""
[33.551s] -- Up-to-date: /home/dotamy/project-name/src/install/my_msg/include/my_msg/my_msg
[33.553s] -- Up-to-date: /home/dotamy/project-name/src/install/my_msg/include/my_msg/my_msg/msg
[33.554s] -- Installing: /home/dotamy/project-name/src/install/my_msg/include/my_msg/my_msg/msg/a.hpp
[33.554s] -- Up-to-date: /home/dotamy/project-name/src/install/my_msg/include/my_msg/my_msg/msg/detail
[33.555s] -- Installing: /home/dotamy/project-name/src/install/my_msg/include/my_msg/my_msg/msg/detail/a__builder.hpp
[33.557s] -- Installing: /home/dotamy/project-name/src/install/my_msg/include/my_msg/my_msg/msg/detail/a__type_support.hpp
[33.557s] -- Installing: /home/dotamy/project-name/src/install/my_msg/include/my_msg/my_msg/msg/detail/a__traits.hpp
[33.558s] -- Installing: /home/dotamy/project-name/src/install/my_msg/include/my_msg/my_msg/msg/detail/a__struct.hpp
[33.560s] -- Installing: /home/dotamy/project-name/src/install/my_msg/include/my_msg/my_msg/msg/rosidl_generator_cpp__visibility_control.hpp
[33.560s] -- Up-to-date: /home/dotamy/project-name/src/install/my_msg/include/my_msg/my_msg
[33.562s] -- Up-to-date: /home/dotamy/project-name/src/install/my_msg/include/my_msg/my_msg/msg
[33.563s] -- Installing: /home/dotamy/project-name/src/install/my_msg/include/my_msg/my_msg/msg/rosidl_typesupport_fastrtps_cpp__visibility_control.h
[33.564s] -- Up-to-date: /home/dotamy/project-name/src/install/my_msg/include/my_msg/my_msg/msg/detail
[33.565s] -- Installing: /home/dotamy/project-name/src/install/my_msg/include/my_msg/my_msg/msg/detail/dds_fastrtps
[33.566s] -- Installing: /home/dotamy/project-name/src/install/my_msg/include/my_msg/my_msg/msg/detail/a__rosidl_typesupport_fastrtps_cpp.hpp
[33.567s] -- Installing: /home/dotamy/project-name/src/install/my_msg/lib/libmy_msg__rosidl_typesupport_fastrtps_cpp.so
[33.573s] -- Set non-toolchain portion of runtime path of "/home/dotamy/project-name/src/install/my_msg/lib/libmy_msg__rosidl_typesupport_fastrtps_cpp.so" to ""
[33.574s] -- Up-to-date: /home/dotamy/project-name/src/install/my_msg/include/my_msg/my_msg
[33.574s] -- Up-to-date: /home/dotamy/project-name/src/install/my_msg/include/my_msg/my_msg/msg
[33.577s] -- Up-to-date: /home/dotamy/project-name/src/install/my_msg/include/my_msg/my_msg/msg/detail
[33.577s] -- Installing: /home/dotamy/project-name/src/install/my_msg/include/my_msg/my_msg/msg/detail/a__rosidl_typesupport_introspection_cpp.hpp
[33.578s] -- Installing: /home/dotamy/project-name/src/install/my_msg/include/my_msg/my_msg/msg/detail/a__type_support.cpp
[33.579s] -- Installing: /home/dotamy/project-name/src/install/my_msg/lib/libmy_msg__rosidl_typesupport_introspection_cpp.so
[33.585s] -- Set non-toolchain portion of runtime path of "/home/dotamy/project-name/src/install/my_msg/lib/libmy_msg__rosidl_typesupport_introspection_cpp.so" to ""
[33.585s] -- Installing: /home/dotamy/project-name/src/install/my_msg/lib/libmy_msg__rosidl_typesupport_cpp.so
[33.593s] -- Set non-toolchain portion of runtime path of "/home/dotamy/project-name/src/install/my_msg/lib/libmy_msg__rosidl_typesupport_cpp.so" to ""
[33.594s] -- Installing: /home/dotamy/project-name/src/install/my_msg/share/my_msg/environment/pythonpath.sh
[33.595s] -- Installing: /home/dotamy/project-name/src/install/my_msg/share/my_msg/environment/pythonpath.dsv
[33.596s] -- Installing: /home/dotamy/project-name/src/install/my_msg/lib/python3.12/site-packages/my_msg-0.0.0-py3.12.egg-info
[33.597s] -- Installing: /home/dotamy/project-name/src/install/my_msg/lib/python3.12/site-packages/my_msg-0.0.0-py3.12.egg-info/dependency_links.txt
[33.599s] -- Installing: /home/dotamy/project-name/src/install/my_msg/lib/python3.12/site-packages/my_msg-0.0.0-py3.12.egg-info/SOURCES.txt
[33.600s] -- Installing: /home/dotamy/project-name/src/install/my_msg/lib/python3.12/site-packages/my_msg-0.0.0-py3.12.egg-info/PKG-INFO
[33.602s] -- Installing: /home/dotamy/project-name/src/install/my_msg/lib/python3.12/site-packages/my_msg-0.0.0-py3.12.egg-info/top_level.txt
[33.602s] -- Installing: /home/dotamy/project-name/src/install/my_msg/lib/python3.12/site-packages/my_msg
[33.603s] -- Installing: /home/dotamy/project-name/src/install/my_msg/lib/python3.12/site-packages/my_msg/_my_msg_s.ep.rosidl_typesupport_fastrtps_c.c
[33.603s] -- Installing: /home/dotamy/project-name/src/install/my_msg/lib/python3.12/site-packages/my_msg/my_msg_s__rosidl_typesupport_fastrtps_c.so
[33.605s] -- Installing: /home/dotamy/project-name/src/install/my_msg/lib/python3.12/site-packages/my_msg/__init__.py
[33.607s] -- Installing: /home/dotamy/project-name/src/install/my_msg/lib/python3.12/site-packages/my_msg/_my_msg_s.ep.rosidl_typesupport_c.c
[33.607s] -- Installing: /home/dotamy/project-name/src/install/my_msg/lib/python3.12/site-packages/my_msg/my_msg_s__rosidl_typesupport_introspection_c.so
[33.609s] -- Installing: /home/dotamy/project-name/src/install/my_msg/lib/python3.12/site-packages/my_msg/my_msg_s__rosidl_typesupport_c.so
[33.612s] -- Installing: /home/dotamy/project-name/src/install/my_msg/lib/python3.12/site-packages/my_msg/_my_msg_s.ep.rosidl_typesupport_introspection_c.c
[33.613s] -- Installing: /home/dotamy/project-name/src/install/my_msg/lib/python3.12/site-packages/my_msg/msg
[33.614s] -- Installing: /home/dotamy/project-name/src/install/my_msg/lib/python3.12/site-packages/my_msg/msg/__init__.py
[33.615s] -- Installing: /home/dotamy/project-name/src/install/my_msg/lib/python3.12/site-packages/my_msg/msg/_a_s.c
[33.616s] -- Installing: /home/dotamy/project-name/src/install/my_msg/lib/python3.12/site-packages/my_msg/msg/_a.py
[33.824s] Listing '/home/dotamy/project-name/src/install/my_msg/lib/python3.12/site-packages/my_msg'...
[33.825s] Compiling '/home/dotamy/project-name/src/install/my_msg/lib/python3.12/site-packages/my_msg/__init__.py'...
[33.825s] Listing '/home/dotamy/project-name/src/install/my_msg/lib/python3.12/site-packages/my_msg/msg'...
[33.826s] Compiling '/home/dotamy/project-name/src/install/my_msg/lib/python3.12/site-packages/my_msg/msg/__init__.py'...
[33.827s] Compiling '/home/dotamy/project-name/src/install/my_msg/lib/python3.12/site-packages/my_msg/msg/_a.py'...
[33.842s] -- Installing: /home/dotamy/project-name/src/install/my_msg/lib/python3.12/site-packages/my_msg/my_msg_s__rosidl_typesupport_fastrtps_c.so
[33.848s] -- Set non-toolchain portion of runtime path of "/home/dotamy/project-name/src/install/my_msg/lib/python3.12/site-packages/my_msg/my_msg_s__rosidl_typesupport_fastrtps_c.so" to ""
[33.852s] -- Installing: /home/dotamy/project-name/src/install/my_msg/lib/python3.12/site-packages/my_msg/my_msg_s__rosidl_typesupport_introspection_c.so
[33.858s] -- Set non-toolchain portion of runtime path of "/home/dotamy/project-name/src/install/my_msg/lib/python3.12/site-packages/my_msg/my_msg_s__rosidl_typesupport_introspection_c.so" to ""
[33.863s] -- Installing: /home/dotamy/project-name/src/install/my_msg/lib/python3.12/site-packages/my_msg/my_msg_s__rosidl_typesupport_c.so
[33.869s] -- Set non-toolchain portion of runtime path of "/home/dotamy/project-name/src/install/my_msg/lib/python3.12/site-packages/my_msg/my_msg_s__rosidl_typesupport_c.so" to ""
[33.869s] -- Installing: /home/dotamy/project-name/src/install/my_msg/lib/libmy_msg__rosidl_generator_py.so
[33.877s] -- Set non-toolchain portion of runtime path of "/home/dotamy/project-name/src/install/my_msg/lib/libmy_msg__rosidl_generator_py.so" to ""
[33.877s] -- Installing: /home/dotamy/project-name/src/install/my_msg/share/my_msg/msg/A.idl
[33.880s] -- Installing: /home/dotamy/project-name/src/install/my_msg/share/my_msg/msg/A.msg
[33.881s] -- Installing: /home/dotamy/project-name/src/install/my_msg/share/ament_index/resource_index/package_run_dependencies/my_msg
[33.882s] -- Installing: /home/dotamy/project-name/src/install/my_msg/share/ament_index/resource_index/parent_prefix_path/my_msg
[33.884s] -- Installing: /home/dotamy/project-name/src/install/my_msg/share/my_msg/environment/ament_prefix_path.sh
[33.885s] -- Installing: /home/dotamy/project-name/src/install/my_msg/share/my_msg/environment/ament_prefix_path.dsv
[33.886s] -- Installing: /home/dotamy/project-name/src/install/my_msg/share/my_msg/environment/path.sh
[33.888s] -- Installing: /home/dotamy/project-name/src/install/my_msg/share/my_msg/environment/path.dsv
[33.891s] -- Installing: /home/dotamy/project-name/src/install/my_msg/share/my_msg/local_setup.bash
[33.892s] -- Installing: /home/dotamy/project-name/src/install/my_msg/share/my_msg/local_setup.sh
[33.893s] -- Installing: /home/dotamy/project-name/src/install/my_msg/share/my_msg/local_setup.zsh
[33.896s] -- Installing: /home/dotamy/project-name/src/install/my_msg/share/my_msg/local_setup.dsv
[33.897s] -- Installing: /home/dotamy/project-name/src/install/my_msg/share/my_msg/package.dsv
[33.899s] -- Installing: /home/dotamy/project-name/src/install/my_msg/share/ament_index/resource_index/packages/my_msg
[33.900s] -- Installing: /home/dotamy/project-name/src/install/my_msg/share/my_msg/cmake/export_my_msg__rosidl_generator_cExport.cmake
[33.902s] -- Installing: /home/dotamy/project-name/src/install/my_msg/share/my_msg/cmake/export_my_msg__rosidl_generator_cExport-noconfig.cmake
[33.903s] -- Installing: /home/dotamy/project-name/src/install/my_msg/share/my_msg/cmake/export_my_msg__rosidl_typesupport_fastrtps_cExport.cmake
[33.906s] -- Installing: /home/dotamy/project-name/src/install/my_msg/share/my_msg/cmake/export_my_msg__rosidl_typesupport_fastrtps_cExport-noconfig.cmake
[33.907s] -- Installing: /home/dotamy/project-name/src/install/my_msg/share/my_msg/cmake/my_msg__rosidl_typesupport_introspection_cExport.cmake
[33.909s] -- Installing: /home/dotamy/project-name/src/install/my_msg/share/my_msg/cmake/my_msg__rosidl_typesupport_introspection_cExport-noconfig.cmake
[33.910s] -- Installing: /home/dotamy/project-name/src/install/my_msg/share/my_msg/cmake/my_msg__rosidl_typesupport_cExport.cmake
[33.912s] -- Installing: /home/dotamy/project-name/src/install/my_msg/share/my_msg/cmake/my_msg__rosidl_typesupport_cExport-noconfig.cmake
[33.913s] -- Installing: /home/dotamy/project-name/src/install/my_msg/share/my_msg/cmake/export_my_msg__rosidl_generator_cppExport.cmake
[33.915s] -- Installing: /home/dotamy/project-name/src/install/my_msg/share/my_msg/cmake/export_my_msg__rosidl_typesupport_fastrtps_cppExport.cmake
[33.915s] -- Installing: /home/dotamy/project-name/src/install/my_msg/share/my_msg/cmake/export_my_msg__rosidl_typesupport_fastrtps_cppExport-noconfig.cmake
[33.916s] -- Installing: /home/dotamy/project-name/src/install/my_msg/share/my_msg/cmake/my_msg__rosidl_typesupport_introspection_cppExport.cmake
[33.919s] -- Installing: /home/dotamy/project-name/src/install/my_msg/share/my_msg/cmake/my_msg__rosidl_typesupport_introspection_cppExport-noconfig.cmake
[33.919s] -- Installing: /home/dotamy/project-name/src/install/my_msg/share/my_msg/cmake/my_msg__rosidl_typesupport_cppExport.cmake
[33.921s] -- Installing: /home/dotamy/project-name/src/install/my_msg/share/my_msg/cmake/my_msg__rosidl_typesupport_cppExport-noconfig.cmake
[33.923s] -- Installing: /home/dotamy/project-name/src/install/my_msg/share/my_msg/cmake/export_my_msg__rosidl_generator_pyExport.cmake
[33.923s] -- Installing: /home/dotamy/project-name/src/install/my_msg/share/my_msg/cmake/export_my_msg__rosidl_generator_pyExport-noconfig.cmake
[33.924s] -- Installing: /home/dotamy/project-name/src/install/my_msg/share/my_msg/cmake/rosidl_cmake-extras.cmake
[33.926s] -- Installing: /home/dotamy/project-name/src/install/my_msg/share/my_msg/cmake/ament_cmake_export_dependencies-extras.cmake
[33.927s] -- Installing: /home/dotamy/project-name/src/install/my_msg/share/my_msg/cmake/ament_cmake_export_include_directories-extras.cmake
[33.929s] -- Installing: /home/dotamy/project-name/src/install/my_msg/share/my_msg/cmake/ament_cmake_export_libraries-extras.cmake
[33.930s] -- Installing: /home/dotamy/project-name/src/install/my_msg/share/my_msg/cmake/ament_cmake_export_targets-extras.cmake
[33.932s] -- Installing: /home/dotamy/project-name/src/install/my_msg/share/my_msg/cmake/rosidl_cmake_export_typesupport_targets-extras.cmake
[33.934s] -- Installing: /home/dotamy/project-name/src/install/my_msg/share/my_msg/cmake/rosidl_cmake_export_typesupport_libraries-extras.cmake
[33.936s] -- Installing: /home/dotamy/project-name/src/install/my_msg/share/my_msg/cmake/my_msgConfig.cmake
[33.937s] -- Installing: /home/dotamy/project-name/src/install/my_msg/share/my_msg/cmake/my_msgConfig-version.cmake
[33.938s] -- Installing: /home/dotamy/project-name/src/install/my_msg/share/my_msg/package.xml
[33.953s] Invoked command in '/home/dotamy/project-name/src/build/my_msg' returned '0': CMAKE_PREFIX_PATH=${CMAKE_PREFIX_PATH}:/opt/ros/jazzy /usr/bin/cmake --install /home/dotamy/project-name/src/build/my_msg
